Début de traitement 2022-02-27 02:15:01
Données session apiFFCAM vide - lancement API
Import du 27-11-2022 02:15:01 Cron
Extraction SOAP : 366 adhérents extraits
Licencié 750420239049 - Paule ARNAL => pas trouvé d'adhérent correspondant exactemement
Création adherent Paule ARNAL
Adresse mail paule.arnal@free.fr existe déjà 
          pour 101 Paule ARNAL - Adhérent non créé 
366 enregistrements dans base FFCAM dont 263 à jour de licence
0 nouvelles adhésions / 0 adhérents mis à jour / 263 non traités 
Fin de traitement 2022-11-27 02:15:04
 Début de traitement 2022-10-27 10:15:01
Données session apiFFCAM vide - lancement API
Import du 27-11-2022 10:15:01 Cron
Extraction SOAP : 366 adhérents extraits
Licencié 750420239049 - Paule ARNAL => pas trouvé d'adhérent correspondant exactemement
Création adherent Paule ARNAL
Adresse mail paule.arnal@free.fr existe déjà 
          pour 101 Paule ARNAL - Adhérent non créé 
366 enregistrements dans base FFCAM dont 263 à jour de licence
0 nouvelles adhésions / 0 adhérents mis à jour / 263 non traités 
Fin de traitement 2022-11-27 10:15:04
 Début de traitement 2022-02-27 14:15:02
Données session apiFFCAM vide - lancement API
Import du 27-11-2022 14:15:02 Cron
Extraction SOAP : 366 adhérents extraits
Licencié 750420239049 - Paule ARNAL => pas trouvé d'adhérent correspondant exactemement
Création adherent Paule ARNAL
Adresse mail paule.arnal@free.fr existe déjà 
          pour 101 Paule ARNAL - Adhérent non créé 
366 enregistrements dans base FFCAM dont 263 à jour de licence
0 nouvelles adhésions / 0 adhérents mis à jour / 263 non traités 
Fin de traitement 2022-11-27 14:15:05
 Début de traitement 2022-06-27 18:15:01
Données session apiFFCAM vide - lancement API
Import du 27-11-2022 18:15:01 Cron
Extraction SOAP : 366 adhérents extraits
Licencié 750420239049 - Paule ARNAL => pas trouvé d'adhérent correspondant exactemement
Création adherent Paule ARNAL
Adresse mail paule.arnal@free.fr existe déjà 
          pour 101 Paule ARNAL - Adhérent non créé 
366 enregistrements dans base FFCAM dont 263 à jour de licence
0 nouvelles adhésions / 0 adhérents mis à jour / 263 non traités 
Fin de traitement 2022-11-27 18:15:04
 Début de traitement 2022-10-27 22:15:01
Données session apiFFCAM vide - lancement API
Import du 27-11-2022 22:15:01 Cron
Extraction SOAP : 366 adhérents extraits
Licencié 750420239049 - Paule ARNAL => pas trouvé d'adhérent correspondant exactemement
Création adherent Paule ARNAL
Adresse mail paule.arnal@free.fr existe déjà 
          pour 101 Paule ARNAL - Adhérent non créé 
366 enregistrements dans base FFCAM dont 263 à jour de licence
0 nouvelles adhésions / 0 adhérents mis à jour / 263 non traités 
Fin de traitement 2022-11-27 22:15:04
 