Début de traitement 2022-02-20 02:15:02
Données session apiFFCAM vide - lancement API
Import du 20-09-2022 02:15:02 Cron
Extraction SOAP : 342 adhérents extraits
Licencié 750420239020 - Pierre-Emanuel BARBIER => trouvé adhérent proche : 1586 Pierre-Emmanuel BARBIER
Création d'écarts de données cb_adresse pour 1615 - Laurynas ADOMAITIS
Licencié 750420239026 - Liucija ADOMAITE => pas trouvé d'adhérent correspondant exactemement
Création adherent Liucija ADOMAITE
Adresse mail adomaitislaurynas@gmail.com existe déjà 
          pour 1615 Laurynas ADOMAITIS - Adhérent non créé 
342 enregistrements dans base FFCAM dont 128 à jour de licence
0 nouvelles adhésions / 0 adhérents mis à jour / 128 non traités 
Fin de traitement 2022-09-20 02:15:04
 Début de traitement 2022-10-20 10:15:01
Données session apiFFCAM vide - lancement API
Import du 20-09-2022 10:15:01 Cron
Extraction SOAP : 342 adhérents extraits
Licencié 750420239020 - Pierre-Emanuel BARBIER => trouvé adhérent proche : 1586 Pierre-Emmanuel BARBIER
Licencié 750420239026 - Liucija ADOMAITE => pas trouvé d'adhérent correspondant exactemement
Création adherent Liucija ADOMAITE
Adresse mail adomaitislaurynas@gmail.com existe déjà 
          pour 1615 Laurynas ADOMAITIS - Adhérent non créé 
342 enregistrements dans base FFCAM dont 128 à jour de licence
0 nouvelles adhésions / 0 adhérents mis à jour / 128 non traités 
Fin de traitement 2022-09-20 10:15:03
 Début de traitement 2022-02-20 14:15:01
Données session apiFFCAM vide - lancement API
Import du 20-09-2022 14:15:01 Cron
Extraction SOAP : 342 adhérents extraits
Mise à jour adhésion pour 1505 - Loreley MAC DONALD
Modification d'écarts de données cb_adresse pour 1505 - Loreley MAC DONALD
Création d'écarts de données cb_codepostal pour 1505 - Loreley MAC DONALD
Modification d'écarts de données cb_ville pour 1505 - Loreley MAC DONALD
Mise à jour adhésion pour 1576 - Remi FILIPPI
Licencié 750420239020 - Pierre-Emanuel BARBIER => trouvé adhérent proche : 1586 Pierre-Emmanuel BARBIER
Licencié 750420239026 - Liucija ADOMAITE => pas trouvé d'adhérent correspondant exactemement
Création adherent Liucija ADOMAITE
Adresse mail adomaitislaurynas@gmail.com existe déjà 
          pour 1615 Laurynas ADOMAITIS - Adhérent non créé 
342 enregistrements dans base FFCAM dont 130 à jour de licence
0 nouvelles adhésions / 2 adhérents mis à jour / 128 non traités 
Fin de traitement 2022-09-20 14:15:03
 Début de traitement 2022-06-20 18:15:02
Données session apiFFCAM vide - lancement API
Import du 20-09-2022 18:15:02 Cron
Extraction SOAP : 342 adhérents extraits
Licencié 750420239020 - Pierre-Emanuel BARBIER => trouvé adhérent proche : 1586 Pierre-Emmanuel BARBIER
Licencié 750420239026 - Liucija ADOMAITE => pas trouvé d'adhérent correspondant exactemement
Création adherent Liucija ADOMAITE
Adresse mail adomaitislaurynas@gmail.com existe déjà 
          pour 1615 Laurynas ADOMAITIS - Adhérent non créé 
342 enregistrements dans base FFCAM dont 130 à jour de licence
0 nouvelles adhésions / 0 adhérents mis à jour / 130 non traités 
Fin de traitement 2022-09-20 18:15:04
 Début de traitement 2022-10-20 22:15:02
Données session apiFFCAM vide - lancement API
Import du 20-09-2022 22:15:02 Cron
Extraction SOAP : 342 adhérents extraits
Licencié 750420239020 - Pierre-Emanuel BARBIER => trouvé adhérent proche : 1586 Pierre-Emmanuel BARBIER
Licencié 750420239026 - Liucija ADOMAITE => pas trouvé d'adhérent correspondant exactemement
Création adherent Liucija ADOMAITE
Adresse mail adomaitislaurynas@gmail.com existe déjà 
          pour 1615 Laurynas ADOMAITIS - Adhérent non créé 
342 enregistrements dans base FFCAM dont 130 à jour de licence
0 nouvelles adhésions / 0 adhérents mis à jour / 130 non traités 
Fin de traitement 2022-09-20 22:15:04
 