Début de traitement 2022-02-26 02:15:01
Données session apiFFCAM vide - lancement API
Import du 26-08-2022 02:15:01 Cron
Extraction SOAP : 316 adhérents extraits
316 enregistrements dans base FFCAM dont 0 à jour de licence
0 nouvelles adhésions / 0 adhérents mis à jour / 0 non traités 
Fin de traitement 2022-02-26 02:15:02
 Début de traitement 2022-10-26 10:15:01
Données session apiFFCAM vide - lancement API
Import du 26-08-2022 10:15:01 Cron
Extraction SOAP : 316 adhérents extraits
316 enregistrements dans base FFCAM dont 0 à jour de licence
0 nouvelles adhésions / 0 adhérents mis à jour / 0 non traités 
Fin de traitement 2022-10-26 10:15:02
 Début de traitement 2022-02-26 14:15:02
Données session apiFFCAM vide - lancement API
Import du 26-08-2022 14:15:02 Cron
Extraction SOAP : 316 adhérents extraits
316 enregistrements dans base FFCAM dont 0 à jour de licence
0 nouvelles adhésions / 0 adhérents mis à jour / 0 non traités 
Fin de traitement 2022-02-26 14:15:03
 Début de traitement 2022-06-26 18:15:01
Données session apiFFCAM vide - lancement API
Import du 26-08-2022 18:15:01 Cron
Extraction SOAP : 316 adhérents extraits
316 enregistrements dans base FFCAM dont 0 à jour de licence
0 nouvelles adhésions / 0 adhérents mis à jour / 0 non traités 
Fin de traitement 2022-06-26 18:15:02
 Début de traitement 2022-10-26 22:15:01
Données session apiFFCAM vide - lancement API
Import du 26-08-2022 22:15:01 Cron
Extraction SOAP : 316 adhérents extraits
316 enregistrements dans base FFCAM dont 0 à jour de licence
0 nouvelles adhésions / 0 adhérents mis à jour / 0 non traités 
Fin de traitement 2022-10-26 22:15:02
 