Début de traitement 2023-02-02 02:15:02
Données session apiFFCAM vide - lancement API
Import du 02-05-2023 02:15:02 Cron
Extraction SOAP : 393 adhérents extraits
393 enregistrements dans base FFCAM dont 314 à jour de licence
0 nouvelles adhésions / 0 adhérents mis à jour / 314 non traités 
Fin de traitement 2023-05-02 02:15:05
 Début de traitement 2023-10-02 10:15:01
Données session apiFFCAM vide - lancement API
Import du 02-05-2023 10:15:01 Cron
Extraction SOAP : 393 adhérents extraits
393 enregistrements dans base FFCAM dont 314 à jour de licence
0 nouvelles adhésions / 0 adhérents mis à jour / 314 non traités 
Fin de traitement 2023-05-02 10:15:04
 Début de traitement 2023-02-02 14:15:02
Données session apiFFCAM vide - lancement API
Import du 02-05-2023 14:15:02 Cron
Extraction SOAP : 393 adhérents extraits
393 enregistrements dans base FFCAM dont 314 à jour de licence
0 nouvelles adhésions / 0 adhérents mis à jour / 314 non traités 
Fin de traitement 2023-05-02 14:15:05
 Début de traitement 2023-06-02 18:15:01
Données session apiFFCAM vide - lancement API
Import du 02-05-2023 18:15:01 Cron
Extraction SOAP : 393 adhérents extraits
393 enregistrements dans base FFCAM dont 314 à jour de licence
0 nouvelles adhésions / 0 adhérents mis à jour / 314 non traités 
Fin de traitement 2023-05-02 18:15:04
 Début de traitement 2023-10-02 22:15:01
Données session apiFFCAM vide - lancement API
Import du 02-05-2023 22:15:01 Cron
Extraction SOAP : 394 adhérents extraits
Licencié 750420239077 - Arlette POMMEYROL => trouvé adhérent correspondant exactemement  - ancien n° licence 750420179003
Adhérent  - Arlette POMMEYROL => mise à jour n° de licence 750420239077
Mise à jour adhésion pour 596 - Arlette POMMEYROL
Création d'écarts de données cb_adresse pour 596 - Arlette POMMEYROL
Création d'écarts de données cb_adresse2 pour 596 - Arlette POMMEYROL
Création d'écarts de données cb_codepostal pour 596 - Arlette POMMEYROL
Création d'écarts de données cb_ville pour 596 - Arlette POMMEYROL
Création d'écarts de données cb_telfixe pour 596 - Arlette POMMEYROL
Création d'écarts de données cb_contactaccident pour 596 - Arlette POMMEYROL
394 enregistrements dans base FFCAM dont 315 à jour de licence
0 nouvelles adhésions / 1 adhérents mis à jour / 314 non traités 
Fin de traitement 2023-05-02 22:15:04
 