Début de traitement 2023-02-24 02:15:02
Données session apiFFCAM vide - lancement API
Import du 24-01-2023 02:15:02 Cron
Extraction SOAP : 386 adhérents extraits
Attention erreur sur données de base pour 591 Clemence FAURE
Licencié 750420239049 - Paule ARNAL => pas trouvé d'adhérent correspondant exactemement
Création adherent Paule ARNAL
Adresse mail paule.arnal@free.fr existe déjà 
          pour 101 Paule ARNAL - Adhérent non créé 
386 enregistrements dans base FFCAM dont 302 à jour de licence
0 nouvelles adhésions / 0 adhérents mis à jour / 302 non traités 
Fin de traitement 2023-01-24 02:15:05
 Début de traitement 2023-10-24 10:15:07
Données session apiFFCAM vide - lancement API
Import du 24-01-2023 10:15:07 Cron
Extraction SOAP : 386 adhérents extraits
Attention erreur sur données de base pour 591 Clemence FAURE
Licencié 750420239049 - Paule ARNAL => pas trouvé d'adhérent correspondant exactemement
Création adherent Paule ARNAL
Adresse mail paule.arnal@free.fr existe déjà 
          pour 101 Paule ARNAL - Adhérent non créé 
386 enregistrements dans base FFCAM dont 302 à jour de licence
0 nouvelles adhésions / 0 adhérents mis à jour / 302 non traités 
Fin de traitement 2023-01-24 10:15:12
 Début de traitement 2023-02-24 14:15:02
Données session apiFFCAM vide - lancement API
Import du 24-01-2023 14:15:02 Cron
Extraction SOAP : 386 adhérents extraits
Attention erreur sur données de base pour 591 Clemence FAURE
Licencié 750420239049 - Paule ARNAL => pas trouvé d'adhérent correspondant exactemement
Création adherent Paule ARNAL
Adresse mail paule.arnal@free.fr existe déjà 
          pour 101 Paule ARNAL - Adhérent non créé 
386 enregistrements dans base FFCAM dont 302 à jour de licence
0 nouvelles adhésions / 0 adhérents mis à jour / 302 non traités 
Fin de traitement 2023-01-24 14:15:05
 Début de traitement 2023-06-24 18:15:02
Données session apiFFCAM vide - lancement API
Import du 24-01-2023 18:15:02 Cron
Extraction SOAP : 386 adhérents extraits
Attention erreur sur données de base pour 591 Clemence FAURE
Licencié 750420239049 - Paule ARNAL => pas trouvé d'adhérent correspondant exactemement
Création adherent Paule ARNAL
Adresse mail paule.arnal@free.fr existe déjà 
          pour 101 Paule ARNAL - Adhérent non créé 
386 enregistrements dans base FFCAM dont 302 à jour de licence
0 nouvelles adhésions / 0 adhérents mis à jour / 302 non traités 
Fin de traitement 2023-01-24 18:15:07
 Début de traitement 2023-10-24 22:15:01
Données session apiFFCAM vide - lancement API
Import du 24-01-2023 22:15:01 Cron
Extraction SOAP : 386 adhérents extraits
Attention erreur sur données de base pour 591 Clemence FAURE
Licencié 750420239049 - Paule ARNAL => pas trouvé d'adhérent correspondant exactemement
Création adherent Paule ARNAL
Adresse mail paule.arnal@free.fr existe déjà 
          pour 101 Paule ARNAL - Adhérent non créé 
386 enregistrements dans base FFCAM dont 302 à jour de licence
0 nouvelles adhésions / 0 adhérents mis à jour / 302 non traités 
Fin de traitement 2023-01-24 22:15:09
 