Début de traitement 2023-02-24 02:15:01
Données session apiFFCAM vide - lancement API
Import du 24-03-2023 02:15:01 Cron
Extraction SOAP : 392 adhérents extraits
392 enregistrements dans base FFCAM dont 311 à jour de licence
0 nouvelles adhésions / 0 adhérents mis à jour / 311 non traités 
Fin de traitement 2023-03-24 02:15:04
 Début de traitement 2023-08-24 08:21:59
Données session apiFFCAM vide - lancement API
Import du 24-03-2023 08:21:59 Benoit D'HALLUIN (62)
Extraction SOAP : 392 adhérents extraits
392 enregistrements dans base FFCAM dont 311 à jour de licence
0 nouvelles adhésions / 0 adhérents mis à jour / 311 non traités 
Fin de traitement 2023-03-24 08:22:02
 Début de traitement 2023-10-24 10:15:02
Données session apiFFCAM vide - lancement API
Import du 24-03-2023 10:15:02 Cron
Extraction SOAP : 392 adhérents extraits
392 enregistrements dans base FFCAM dont 311 à jour de licence
0 nouvelles adhésions / 0 adhérents mis à jour / 311 non traités 
Fin de traitement 2023-03-24 10:15:09
 Début de traitement 2023-02-24 14:15:01
Données session apiFFCAM vide - lancement API
Import du 24-03-2023 14:15:01 Cron
Extraction SOAP : 392 adhérents extraits
392 enregistrements dans base FFCAM dont 311 à jour de licence
0 nouvelles adhésions / 0 adhérents mis à jour / 311 non traités 
Fin de traitement 2023-03-24 14:15:04
 Début de traitement 2023-06-24 18:15:01
Données session apiFFCAM vide - lancement API
Import du 24-03-2023 18:15:01 Cron
Extraction SOAP : 392 adhérents extraits
392 enregistrements dans base FFCAM dont 311 à jour de licence
0 nouvelles adhésions / 0 adhérents mis à jour / 311 non traités 
Fin de traitement 2023-03-24 18:15:08
 Début de traitement 2023-10-24 22:15:01
Données session apiFFCAM vide - lancement API
Import du 24-03-2023 22:15:01 Cron
Extraction SOAP : 392 adhérents extraits
Mise à jour adhésion pour 1575 - Helene JOSSE
Création d'écarts de données cb_ville pour 1575 - Helene JOSSE
392 enregistrements dans base FFCAM dont 312 à jour de licence
0 nouvelles adhésions / 1 adhérents mis à jour / 311 non traités 
Fin de traitement 2023-03-24 22:15:04
 