Début de traitement 2022-02-13 02:15:01
Données session apiFFCAM vide - lancement API
Import du 13-10-2022 02:15:01 Cron
Extraction SOAP : 351 adhérents extraits
351 enregistrements dans base FFCAM dont 197 à jour de licence
0 nouvelles adhésions / 0 adhérents mis à jour / 197 non traités 
Fin de traitement 2022-10-13 02:15:03
 Début de traitement 2022-10-13 10:15:06
Données session apiFFCAM vide - lancement API
Import du 13-10-2022 10:15:06 Cron
Extraction SOAP : 351 adhérents extraits
351 enregistrements dans base FFCAM dont 197 à jour de licence
0 nouvelles adhésions / 0 adhérents mis à jour / 197 non traités 
Fin de traitement 2022-10-13 10:15:08
 Début de traitement 2022-02-13 14:15:01
Données session apiFFCAM vide - lancement API
Import du 13-10-2022 14:15:01 Cron
Extraction SOAP : 351 adhérents extraits
351 enregistrements dans base FFCAM dont 197 à jour de licence
0 nouvelles adhésions / 0 adhérents mis à jour / 197 non traités 
Fin de traitement 2022-10-13 14:15:03
 Début de traitement 2022-06-13 18:15:01
Données session apiFFCAM vide - lancement API
Import du 13-10-2022 18:15:01 Cron
Extraction SOAP : 351 adhérents extraits
351 enregistrements dans base FFCAM dont 197 à jour de licence
0 nouvelles adhésions / 0 adhérents mis à jour / 197 non traités 
Fin de traitement 2022-10-13 18:15:03
 Début de traitement 2022-10-13 22:15:02
Données session apiFFCAM vide - lancement API
Import du 13-10-2022 22:15:02 Cron
Extraction SOAP : 351 adhérents extraits
351 enregistrements dans base FFCAM dont 197 à jour de licence
0 nouvelles adhésions / 0 adhérents mis à jour / 197 non traités 
Fin de traitement 2022-10-13 22:15:04
 