Début de traitement 2023-02-18 02:15:02
Données session apiFFCAM vide - lancement API
Import du 18-02-2023 02:15:02 Cron
Extraction SOAP : 390 adhérents extraits
Attention erreur sur données de base pour 591 Clemence FAURE
Licencié 750420239049 - Paule ARNAL => pas trouvé d'adhérent correspondant exactemement
Création adherent Paule ARNAL
Adresse mail paule.arnal@free.fr existe déjà 
          pour 101 Paule ARNAL - Adhérent non créé 
390 enregistrements dans base FFCAM dont 307 à jour de licence
0 nouvelles adhésions / 0 adhérents mis à jour / 307 non traités 
Fin de traitement 2023-02-18 02:15:05
 Début de traitement 2023-10-18 10:15:02
Données session apiFFCAM vide - lancement API
Import du 18-02-2023 10:15:02 Cron
Extraction SOAP : 390 adhérents extraits
Attention erreur sur données de base pour 591 Clemence FAURE
Licencié 750420239049 - Paule ARNAL => pas trouvé d'adhérent correspondant exactemement
Création adherent Paule ARNAL
Adresse mail paule.arnal@free.fr existe déjà 
          pour 101 Paule ARNAL - Adhérent non créé 
390 enregistrements dans base FFCAM dont 307 à jour de licence
0 nouvelles adhésions / 0 adhérents mis à jour / 307 non traités 
Fin de traitement 2023-02-18 10:15:05
 Début de traitement 2023-02-18 14:15:02
Données session apiFFCAM vide - lancement API
Import du 18-02-2023 14:15:02 Cron
Extraction SOAP : 390 adhérents extraits
Attention erreur sur données de base pour 591 Clemence FAURE
Licencié 750420239049 - Paule ARNAL => pas trouvé d'adhérent correspondant exactemement
Création adherent Paule ARNAL
Adresse mail paule.arnal@free.fr existe déjà 
          pour 101 Paule ARNAL - Adhérent non créé 
390 enregistrements dans base FFCAM dont 307 à jour de licence
0 nouvelles adhésions / 0 adhérents mis à jour / 307 non traités 
Fin de traitement 2023-02-18 14:15:04
 Début de traitement 2023-06-18 18:15:01
Données session apiFFCAM vide - lancement API
Import du 18-02-2023 18:15:01 Cron
Extraction SOAP : 390 adhérents extraits
Attention erreur sur données de base pour 591 Clemence FAURE
Licencié 750420239049 - Paule ARNAL => pas trouvé d'adhérent correspondant exactemement
Création adherent Paule ARNAL
Adresse mail paule.arnal@free.fr existe déjà 
          pour 101 Paule ARNAL - Adhérent non créé 
Création d'écarts de données email pour 1660 - Audrey NASSIEU MAUPAS
390 enregistrements dans base FFCAM dont 307 à jour de licence
0 nouvelles adhésions / 0 adhérents mis à jour / 307 non traités 
Fin de traitement 2023-02-18 18:15:04
 Début de traitement 2023-10-18 22:15:01
Données session apiFFCAM vide - lancement API
Import du 18-02-2023 22:15:01 Cron
Extraction SOAP : 390 adhérents extraits
Attention erreur sur données de base pour 591 Clemence FAURE
Licencié 750420239049 - Paule ARNAL => pas trouvé d'adhérent correspondant exactemement
Création adherent Paule ARNAL
Adresse mail paule.arnal@free.fr existe déjà 
          pour 101 Paule ARNAL - Adhérent non créé 
390 enregistrements dans base FFCAM dont 307 à jour de licence
0 nouvelles adhésions / 0 adhérents mis à jour / 307 non traités 
Fin de traitement 2023-02-18 22:15:04
 