Début de traitement 2022-02-05 02:15:02
Données session apiFFCAM vide - lancement API
Import du 05-11-2022 02:15:02 Cron
Extraction SOAP : 358 adhérents extraits
358 enregistrements dans base FFCAM dont 240 à jour de licence
0 nouvelles adhésions / 0 adhérents mis à jour / 240 non traités 
Fin de traitement 2022-11-05 02:15:04
 Début de traitement 2022-10-05 10:15:02
Données session apiFFCAM vide - lancement API
Import du 05-11-2022 10:15:02 Cron
Extraction SOAP : 358 adhérents extraits
358 enregistrements dans base FFCAM dont 240 à jour de licence
0 nouvelles adhésions / 0 adhérents mis à jour / 240 non traités 
Fin de traitement 2022-11-05 10:15:05
 Début de traitement 2022-02-05 14:15:02
Données session apiFFCAM vide - lancement API
Import du 05-11-2022 14:15:02 Cron
Extraction SOAP : 358 adhérents extraits
358 enregistrements dans base FFCAM dont 240 à jour de licence
0 nouvelles adhésions / 0 adhérents mis à jour / 240 non traités 
Fin de traitement 2022-11-05 14:15:04
 Début de traitement 2022-06-05 18:15:01
Données session apiFFCAM vide - lancement API
Import du 05-11-2022 18:15:01 Cron
Extraction SOAP : 358 adhérents extraits
358 enregistrements dans base FFCAM dont 240 à jour de licence
0 nouvelles adhésions / 0 adhérents mis à jour / 240 non traités 
Fin de traitement 2022-11-05 18:15:03
 Début de traitement 2022-10-05 22:15:01
Données session apiFFCAM vide - lancement API
Import du 05-11-2022 22:15:01 Cron
Extraction SOAP : 358 adhérents extraits
358 enregistrements dans base FFCAM dont 240 à jour de licence
0 nouvelles adhésions / 0 adhérents mis à jour / 240 non traités 
Fin de traitement 2022-11-05 22:15:04
 