Début de traitement 2023-02-19 02:15:01
Données session apiFFCAM vide - lancement API
Import du 19-07-2023 02:15:01 Cron
Extraction SOAP : 397 adhérents extraits
397 enregistrements dans base FFCAM dont 321 à jour de licence
0 nouvelles adhésions / 0 adhérents mis à jour / 321 non traités 
Fin de traitement 2023-07-19 02:15:05
 Début de traitement 2023-10-19 10:15:01
Données session apiFFCAM vide - lancement API
Import du 19-07-2023 10:15:01 Cron
Extraction SOAP : 397 adhérents extraits
397 enregistrements dans base FFCAM dont 321 à jour de licence
0 nouvelles adhésions / 0 adhérents mis à jour / 321 non traités 
Fin de traitement 2023-07-19 10:15:05
 Début de traitement 2023-02-19 14:15:02
Données session apiFFCAM vide - lancement API
Import du 19-07-2023 14:15:02 Cron
Extraction SOAP : 397 adhérents extraits
397 enregistrements dans base FFCAM dont 321 à jour de licence
0 nouvelles adhésions / 0 adhérents mis à jour / 321 non traités 
Fin de traitement 2023-07-19 14:15:05
 Début de traitement 2023-06-19 18:15:02
Données session apiFFCAM vide - lancement API
Import du 19-07-2023 18:15:02 Cron
Extraction SOAP : 397 adhérents extraits
Création d'écarts de données cb_adresse pour 1669 - Leon MIALOT
Création d'écarts de données cb_mobile pour 1669 - Leon MIALOT
397 enregistrements dans base FFCAM dont 321 à jour de licence
0 nouvelles adhésions / 0 adhérents mis à jour / 321 non traités 
Fin de traitement 2023-07-19 18:15:05
 Début de traitement 2023-10-19 22:15:02
Données session apiFFCAM vide - lancement API
Import du 19-07-2023 22:15:02 Cron
Extraction SOAP : 397 adhérents extraits
397 enregistrements dans base FFCAM dont 321 à jour de licence
0 nouvelles adhésions / 0 adhérents mis à jour / 321 non traités 
Fin de traitement 2023-07-19 22:15:05
 