Début de traitement 2023-02-01 02:15:02
Données session apiFFCAM vide - lancement API
Import du 01-08-2023 02:15:02 Cron
Extraction SOAP : 397 adhérents extraits
397 enregistrements dans base FFCAM dont 321 à jour de licence
0 nouvelles adhésions / 0 adhérents mis à jour / 321 non traités 
Fin de traitement 2023-08-01 02:15:05
 Début de traitement 2023-10-01 10:15:02
Données session apiFFCAM vide - lancement API
Import du 01-08-2023 10:15:02 Cron
Extraction SOAP : 397 adhérents extraits
397 enregistrements dans base FFCAM dont 321 à jour de licence
0 nouvelles adhésions / 0 adhérents mis à jour / 321 non traités 
Fin de traitement 2023-08-01 10:15:05
 Début de traitement 2023-02-01 14:15:02
Données session apiFFCAM vide - lancement API
Import du 01-08-2023 14:15:02 Cron
Extraction SOAP : 397 adhérents extraits
397 enregistrements dans base FFCAM dont 321 à jour de licence
0 nouvelles adhésions / 0 adhérents mis à jour / 321 non traités 
Fin de traitement 2023-08-01 14:15:05
 Début de traitement 2023-06-01 18:15:02
Données session apiFFCAM vide - lancement API
Import du 01-08-2023 18:15:02 Cron
Extraction SOAP : 397 adhérents extraits
397 enregistrements dans base FFCAM dont 321 à jour de licence
0 nouvelles adhésions / 0 adhérents mis à jour / 321 non traités 
Fin de traitement 2023-08-01 18:15:06
 Début de traitement 2023-10-01 22:15:01
Données session apiFFCAM vide - lancement API
Import du 01-08-2023 22:15:01 Cron
Extraction SOAP : 397 adhérents extraits
397 enregistrements dans base FFCAM dont 321 à jour de licence
0 nouvelles adhésions / 0 adhérents mis à jour / 321 non traités 
Fin de traitement 2023-08-01 22:15:05
 