Début de traitement 2023-02-07 02:15:01
Données session apiFFCAM vide - lancement API
Import du 07-05-2023 02:15:01 Cron
Extraction SOAP : 394 adhérents extraits
394 enregistrements dans base FFCAM dont 315 à jour de licence
0 nouvelles adhésions / 0 adhérents mis à jour / 315 non traités 
Fin de traitement 2023-05-07 02:15:04
 Début de traitement 2023-10-07 10:15:01
Données session apiFFCAM vide - lancement API
Import du 07-05-2023 10:15:01 Cron
Extraction SOAP : 394 adhérents extraits
394 enregistrements dans base FFCAM dont 315 à jour de licence
0 nouvelles adhésions / 0 adhérents mis à jour / 315 non traités 
Fin de traitement 2023-05-07 10:15:04
 Début de traitement 2023-02-07 14:15:01
Données session apiFFCAM vide - lancement API
Import du 07-05-2023 14:15:01 Cron
Extraction SOAP : 394 adhérents extraits
394 enregistrements dans base FFCAM dont 315 à jour de licence
0 nouvelles adhésions / 0 adhérents mis à jour / 315 non traités 
Fin de traitement 2023-05-07 14:15:04
 Début de traitement 2023-06-07 18:15:02
Données session apiFFCAM vide - lancement API
Import du 07-05-2023 18:15:02 Cron
Extraction SOAP : 394 adhérents extraits
394 enregistrements dans base FFCAM dont 315 à jour de licence
0 nouvelles adhésions / 0 adhérents mis à jour / 315 non traités 
Fin de traitement 2023-05-07 18:15:05
 Début de traitement 2023-10-07 22:15:01
Données session apiFFCAM vide - lancement API
Import du 07-05-2023 22:15:01 Cron
Extraction SOAP : 394 adhérents extraits
394 enregistrements dans base FFCAM dont 315 à jour de licence
0 nouvelles adhésions / 0 adhérents mis à jour / 315 non traités 
Fin de traitement 2023-05-07 22:15:05
 