Début de traitement 2023-02-30 02:15:01
Données session apiFFCAM vide - lancement API
Import du 30-03-2023 02:15:01 Cron
Extraction SOAP : 392 adhérents extraits
392 enregistrements dans base FFCAM dont 312 à jour de licence
0 nouvelles adhésions / 0 adhérents mis à jour / 312 non traités 
Fin de traitement 2023-03-30 02:15:04
 Début de traitement 2023-10-30 10:15:02
Données session apiFFCAM vide - lancement API
Import du 30-03-2023 10:15:02 Cron
Extraction SOAP : 392 adhérents extraits
392 enregistrements dans base FFCAM dont 312 à jour de licence
0 nouvelles adhésions / 0 adhérents mis à jour / 312 non traités 
Fin de traitement 2023-03-30 10:15:05
 Début de traitement 2023-02-30 14:15:02
Données session apiFFCAM vide - lancement API
Import du 30-03-2023 14:15:02 Cron
Extraction SOAP : 392 adhérents extraits
392 enregistrements dans base FFCAM dont 312 à jour de licence
0 nouvelles adhésions / 0 adhérents mis à jour / 312 non traités 
Fin de traitement 2023-03-30 14:15:05
 Début de traitement 2023-06-30 18:15:02
Données session apiFFCAM vide - lancement API
Import du 30-03-2023 18:15:02 Cron
Extraction SOAP : 392 adhérents extraits
392 enregistrements dans base FFCAM dont 312 à jour de licence
0 nouvelles adhésions / 0 adhérents mis à jour / 312 non traités 
Fin de traitement 2023-03-30 18:15:05
 Début de traitement 2023-10-30 22:15:01
Données session apiFFCAM vide - lancement API
Import du 30-03-2023 22:15:01 Cron
Extraction SOAP : 392 adhérents extraits
392 enregistrements dans base FFCAM dont 312 à jour de licence
0 nouvelles adhésions / 0 adhérents mis à jour / 312 non traités 
Fin de traitement 2023-03-30 22:15:05
 