Début de traitement 2022-02-06 02:15:01
Données session apiFFCAM vide - lancement API
Import du 06-10-2022 02:15:01 Cron
Extraction SOAP : 350 adhérents extraits
350 enregistrements dans base FFCAM dont 184 à jour de licence
0 nouvelles adhésions / 0 adhérents mis à jour / 184 non traités 
Fin de traitement 2022-10-06 02:15:03
 Début de traitement 2022-10-06 10:15:06
Données session apiFFCAM vide - lancement API
Import du 06-10-2022 10:15:06 Cron
Extraction SOAP : 350 adhérents extraits
350 enregistrements dans base FFCAM dont 184 à jour de licence
0 nouvelles adhésions / 0 adhérents mis à jour / 184 non traités 
Fin de traitement 2022-10-06 10:15:09
 Début de traitement 2022-02-06 14:15:01
Données session apiFFCAM vide - lancement API
Import du 06-10-2022 14:15:01 Cron
Extraction SOAP : 350 adhérents extraits
350 enregistrements dans base FFCAM dont 184 à jour de licence
0 nouvelles adhésions / 0 adhérents mis à jour / 184 non traités 
Fin de traitement 2022-10-06 14:15:04
 Début de traitement 2022-06-06 18:15:01
Données session apiFFCAM vide - lancement API
Import du 06-10-2022 18:15:01 Cron
Extraction SOAP : 350 adhérents extraits
350 enregistrements dans base FFCAM dont 184 à jour de licence
0 nouvelles adhésions / 0 adhérents mis à jour / 184 non traités 
Fin de traitement 2022-10-06 18:15:04
 Début de traitement 2022-10-06 22:15:02
Données session apiFFCAM vide - lancement API
Import du 06-10-2022 22:15:02 Cron
Extraction SOAP : 350 adhérents extraits
Mise à jour adhésion pour 213 - Pierre LOIREAU
Mise à jour adhésion pour 212 - Marie-Paule LOIREAU
Mise à jour adhésion pour 592 - Marion LABATUT
Données cb_adresse rectifiée pour 592 - Marion LABATUT
350 enregistrements dans base FFCAM dont 187 à jour de licence
0 nouvelles adhésions / 3 adhérents mis à jour / 184 non traités 
Fin de traitement 2022-10-06 22:15:04
 