Début de traitement 2022-02-08 02:15:02
Données session apiFFCAM vide - lancement API
Import du 08-11-2022 02:15:02 Cron
Extraction SOAP : 360 adhérents extraits
360 enregistrements dans base FFCAM dont 244 à jour de licence
0 nouvelles adhésions / 0 adhérents mis à jour / 244 non traités 
Fin de traitement 2022-11-08 02:15:04
 Début de traitement 2022-10-08 10:15:01
Données session apiFFCAM vide - lancement API
Import du 08-11-2022 10:15:01 Cron
Extraction SOAP : 360 adhérents extraits
360 enregistrements dans base FFCAM dont 244 à jour de licence
0 nouvelles adhésions / 0 adhérents mis à jour / 244 non traités 
Fin de traitement 2022-11-08 10:15:04
 Début de traitement 2022-02-08 14:15:01
Données session apiFFCAM vide - lancement API
Import du 08-11-2022 14:15:01 Cron
Extraction SOAP : 360 adhérents extraits
Création d'écarts de données cb_adresse pour 1385 - Valentin IOVENE
Création d'écarts de données cb_adresse2 pour 1385 - Valentin IOVENE
Création d'écarts de données cb_codepostal pour 1385 - Valentin IOVENE
Création d'écarts de données cb_ville pour 1385 - Valentin IOVENE
Mise à jour adhésion pour 1528 - Laura GONDELMANN
Création d'écarts de données cb_adresse pour 1528 - Laura GONDELMANN
Création d'écarts de données cb_codepostal pour 1528 - Laura GONDELMANN
Création d'écarts de données cb_ville pour 1528 - Laura GONDELMANN
Création d'écarts de données email pour 1528 - Laura GONDELMANN
360 enregistrements dans base FFCAM dont 245 à jour de licence
0 nouvelles adhésions / 1 adhérents mis à jour / 244 non traités 
Fin de traitement 2022-11-08 14:15:04
 Début de traitement 2022-06-08 18:15:01
Données session apiFFCAM vide - lancement API
Import du 08-11-2022 18:15:01 Cron
Extraction SOAP : 360 adhérents extraits
360 enregistrements dans base FFCAM dont 245 à jour de licence
0 nouvelles adhésions / 0 adhérents mis à jour / 245 non traités 
Fin de traitement 2022-11-08 18:15:04
 Début de traitement 2022-10-08 22:15:01
Données session apiFFCAM vide - lancement API
Import du 08-11-2022 22:15:01 Cron
Extraction SOAP : 360 adhérents extraits
360 enregistrements dans base FFCAM dont 245 à jour de licence
0 nouvelles adhésions / 0 adhérents mis à jour / 245 non traités 
Fin de traitement 2022-11-08 22:15:04
 