Début de traitement 2023-02-01 02:15:01
Données session apiFFCAM vide - lancement API
Import du 01-04-2023 02:15:01 Cron
Extraction SOAP : 392 adhérents extraits
392 enregistrements dans base FFCAM dont 312 à jour de licence
0 nouvelles adhésions / 0 adhérents mis à jour / 312 non traités 
Fin de traitement 2023-04-01 02:15:04
 Début de traitement 2023-10-01 10:15:01
Données session apiFFCAM vide - lancement API
Import du 01-04-2023 10:15:01 Cron
Extraction SOAP : 392 adhérents extraits
392 enregistrements dans base FFCAM dont 312 à jour de licence
0 nouvelles adhésions / 0 adhérents mis à jour / 312 non traités 
Fin de traitement 2023-04-01 10:15:04
 Début de traitement 2023-02-01 14:15:01
Données session apiFFCAM vide - lancement API
Import du 01-04-2023 14:15:01 Cron
Extraction SOAP : 392 adhérents extraits
392 enregistrements dans base FFCAM dont 312 à jour de licence
0 nouvelles adhésions / 0 adhérents mis à jour / 312 non traités 
Fin de traitement 2023-04-01 14:15:04
 Début de traitement 2023-06-01 18:15:01
Données session apiFFCAM vide - lancement API
Import du 01-04-2023 18:15:01 Cron
Extraction SOAP : 392 adhérents extraits
392 enregistrements dans base FFCAM dont 312 à jour de licence
0 nouvelles adhésions / 0 adhérents mis à jour / 312 non traités 
Fin de traitement 2023-04-01 18:15:04
 Début de traitement 2023-10-01 22:15:01
Données session apiFFCAM vide - lancement API
Import du 01-04-2023 22:15:01 Cron
Extraction SOAP : 392 adhérents extraits
392 enregistrements dans base FFCAM dont 312 à jour de licence
0 nouvelles adhésions / 0 adhérents mis à jour / 312 non traités 
Fin de traitement 2023-04-01 22:15:04
 