Début de traitement 2022-02-18 02:15:01
Données session apiFFCAM vide - lancement API
Import du 18-07-2022 02:15:01 Cron
Extraction SOAP : 450 adhérents extraits
Licencié 750420220011 - Pierre-Emmanue BARBIER => trouvé adhérent proche : 1586 Pierre-Emmanuel BARBIER
Licencié 750420229091 - Gabin RONAYETTE => pas trouvé d'adhérent correspondant exactemement
Création adherent Gabin RONAYETTE
Adresse mail  existe déjà 
          pour 1568 Victor LOUHAUT - Adhérent non créé 
450 enregistrements dans base FFCAM dont 315 à jour de licence
0 nouvelles adhésions / 0 adhérents mis à jour / 315 non traités 
Fin de traitement 2022-02-18 02:15:05
 Début de traitement 2022-10-18 10:15:01
Données session apiFFCAM vide - lancement API
Import du 18-07-2022 10:15:01 Cron
Extraction SOAP : 450 adhérents extraits
Licencié 750420220011 - Pierre-Emmanue BARBIER => trouvé adhérent proche : 1586 Pierre-Emmanuel BARBIER
Licencié 750420229091 - Gabin RONAYETTE => pas trouvé d'adhérent correspondant exactemement
Création adherent Gabin RONAYETTE
Adresse mail  existe déjà 
          pour 1568 Victor LOUHAUT - Adhérent non créé 
450 enregistrements dans base FFCAM dont 315 à jour de licence
0 nouvelles adhésions / 0 adhérents mis à jour / 315 non traités 
Fin de traitement 2022-10-18 10:15:05
 Début de traitement 2022-11-18 11:41:29
Données session apiFFCAM vide - lancement API
Import du 18-07-2022 11:41:29 Benoit D'HALLUIN (62)
Extraction SOAP : 450 adhérents extraits
Licencié 750420220011 - Pierre-Emmanue BARBIER => trouvé adhérent proche : 1586 Pierre-Emmanuel BARBIER
Licencié 750420229091 - Gabin RONAYETTE => pas trouvé d'adhérent correspondant exactemement
Création adherent Gabin RONAYETTE
Adresse mail  existe déjà 
          pour 1568 Victor LOUHAUT - Adhérent non créé 
450 enregistrements dans base FFCAM dont 315 à jour de licence
0 nouvelles adhésions / 0 adhérents mis à jour / 315 non traités 
Fin de traitement 2022-11-18 11:41:32
 Début de traitement 2022-11-18 11:43:24
Données session apiFFCAM vide - lancement API
Import du 18-07-2022 11:43:24 Benoit D'HALLUIN (62)
Extraction SOAP : 450 adhérents extraits
Attention erreur sur données de base pour 1586 Pierre-Emmanue BARBIER
Mise à jour adhésion pour 1586 - Pierre-Emmanuel BARBIER
Création d'écarts de données firstname pour 1586 - Pierre-Emmanuel BARBIER
Création d'écarts de données cb_adresse pour 1586 - Pierre-Emmanuel BARBIER
Création d'écarts de données cb_adresse2 pour 1586 - Pierre-Emmanuel BARBIER
Création d'écarts de données cb_ville pour 1586 - Pierre-Emmanuel BARBIER
Création d'écarts de données cb_mobile pour 1586 - Pierre-Emmanuel BARBIER
Création d'écarts de données cb_contactaccident pour 1586 - Pierre-Emmanuel BARBIER
Création d'écarts de données cb_section pour 1586 - Pierre-Emmanuel BARBIER
Licencié 750420229091 - Gabin RONAYETTE => pas trouvé d'adhérent correspondant exactemement
Création adherent Gabin RONAYETTE
Adresse mail  existe déjà 
          pour 1568 Victor LOUHAUT - Adhérent non créé 
450 enregistrements dans base FFCAM dont 315 à jour de licence
0 nouvelles adhésions / 1 adhérents mis à jour / 314 non traités 
Fin de traitement 2022-11-18 11:43:27
 Début de traitement 2022-11-18 11:48:47
Données session apiFFCAM vide - lancement API
Import du 18-07-2022 11:48:47 Benoit D'HALLUIN (62)
Extraction SOAP : 450 adhérents extraits
Attention erreur sur données de base pour 1586 Pierre-Emmanue BARBIER
Licencié 750420229091 - Gabin RONAYETTE => pas trouvé d'adhérent correspondant exactemement
Création adherent Gabin RONAYETTE
Adresse mail  existe déjà 
          pour 1568 Victor LOUHAUT - Adhérent non créé 
450 enregistrements dans base FFCAM dont 315 à jour de licence
0 nouvelles adhésions / 0 adhérents mis à jour / 315 non traités 
Fin de traitement 2022-11-18 11:48:50
 Début de traitement 2022-12-18 12:21:44
Données session apiFFCAM vide - lancement API
Import du 18-07-2022 12:21:44 Benoit D'HALLUIN (62)
Extraction SOAP : 450 adhérents extraits
Attention erreur sur données de base pour 1586 Pierre-Emmanue BARBIER
Licencié 750420229091 - Gabin RONAYETTE => pas trouvé d'adhérent correspondant exactemement
Attention : nouvel adhérent  Gabin RONAYETTE => Pas d'adresse mail
Création adherent Gabin RONAYETTE
Insertion de Gabin RONAYETTE dans user => id = 1590
Insertion de Gabin RONAYETTE  dans usergroup_map
Insertion dans comprofiler de Gabin RONAYETTE
450 enregistrements dans base FFCAM dont 315 à jour de licence
0 nouvelles adhésions / 0 adhérents mis à jour / 315 non traités 
Fin de traitement 2022-12-18 12:21:47
 Début de traitement 2022-12-18 12:27:50
Données session apiFFCAM vide - lancement API
Import du 18-07-2022 12:27:50 Benoit D'HALLUIN (62)
Extraction SOAP : 450 adhérents extraits
Attention erreur sur données de base pour 1586 Pierre-Emmanue BARBIER
Création d'écarts de données email pour 1590 - Gabin RONAYETTE
450 enregistrements dans base FFCAM dont 315 à jour de licence
0 nouvelles adhésions / 0 adhérents mis à jour / 315 non traités 
Fin de traitement 2022-12-18 12:27:53
 Début de traitement 2022-02-18 14:15:02
Données session apiFFCAM vide - lancement API
Import du 18-07-2022 14:15:02 Cron
Extraction SOAP : 450 adhérents extraits
Attention erreur sur données de base pour 1586 Pierre-Emmanue BARBIER
450 enregistrements dans base FFCAM dont 315 à jour de licence
0 nouvelles adhésions / 0 adhérents mis à jour / 315 non traités 
Fin de traitement 2022-02-18 14:15:06
 Début de traitement 2022-06-18 18:15:01
Données session apiFFCAM vide - lancement API
Import du 18-07-2022 18:15:01 Cron
Extraction SOAP : 450 adhérents extraits
Attention erreur sur données de base pour 1586 Pierre-Emmanue BARBIER
450 enregistrements dans base FFCAM dont 315 à jour de licence
0 nouvelles adhésions / 0 adhérents mis à jour / 315 non traités 
Fin de traitement 2022-06-18 18:15:05
 Début de traitement 2022-10-18 22:15:02
Données session apiFFCAM vide - lancement API
Import du 18-07-2022 22:15:02 Cron
Extraction SOAP : 450 adhérents extraits
Attention erreur sur données de base pour 1586 Pierre-Emmanue BARBIER
450 enregistrements dans base FFCAM dont 315 à jour de licence
0 nouvelles adhésions / 0 adhérents mis à jour / 315 non traités 
Fin de traitement 2022-10-18 22:15:06
 