Début de traitement 2023-02-14 02:15:01
Données session apiFFCAM vide - lancement API
Import du 14-04-2023 02:15:01 Cron
Extraction SOAP : 392 adhérents extraits
392 enregistrements dans base FFCAM dont 313 à jour de licence
0 nouvelles adhésions / 0 adhérents mis à jour / 313 non traités 
Fin de traitement 2023-04-14 02:15:04
 Début de traitement 2023-10-14 10:15:02
Données session apiFFCAM vide - lancement API
Import du 14-04-2023 10:15:02 Cron
Extraction SOAP : 392 adhérents extraits
392 enregistrements dans base FFCAM dont 313 à jour de licence
0 nouvelles adhésions / 0 adhérents mis à jour / 313 non traités 
Fin de traitement 2023-04-14 10:15:09
 Début de traitement 2023-02-14 14:15:01
Données session apiFFCAM vide - lancement API
Import du 14-04-2023 14:15:01 Cron
Extraction SOAP : 392 adhérents extraits
392 enregistrements dans base FFCAM dont 313 à jour de licence
0 nouvelles adhésions / 0 adhérents mis à jour / 313 non traités 
Fin de traitement 2023-04-14 14:15:05
 Début de traitement 2023-06-14 18:15:02
Données session apiFFCAM vide - lancement API
Import du 14-04-2023 18:15:02 Cron
Extraction SOAP : 392 adhérents extraits
392 enregistrements dans base FFCAM dont 313 à jour de licence
0 nouvelles adhésions / 0 adhérents mis à jour / 313 non traités 
Fin de traitement 2023-04-14 18:15:11
 Début de traitement 2023-10-14 22:15:01
Données session apiFFCAM vide - lancement API
Import du 14-04-2023 22:15:01 Cron
Extraction SOAP : 392 adhérents extraits
392 enregistrements dans base FFCAM dont 313 à jour de licence
0 nouvelles adhésions / 0 adhérents mis à jour / 313 non traités 
Fin de traitement 2023-04-14 22:15:04
 