Début de traitement 2022-02-04 02:15:00
Données session apiFFCAM vide - lancement API
Import du 04-07-2022 02:15:00 Cron
Extraction SOAP : 449 adhérents extraits
Licencié 750420220011 - Pierre-Emmanue BARBIER => trouvé adhérent proche : 1586 Pierre-Emmanuel BARBIER
Licencié 750420229091 - Gabin RONAYETTE => pas trouvé d'adhérent correspondant exactemement
Création adherent Gabin RONAYETTE
Adresse mail  existe déjà 
          pour 1568 Victor LOUHAUT - Adhérent non créé 
449 enregistrements dans base FFCAM dont 313 à jour de licence
0 nouvelles adhésions / 0 adhérents mis à jour / 313 non traités 
Fin de traitement 2022-02-04 02:15:04
 Début de traitement 2022-10-04 10:15:02
Données session apiFFCAM vide - lancement API
Import du 04-07-2022 10:15:02 Cron
Extraction SOAP : 449 adhérents extraits
Licencié 750420220011 - Pierre-Emmanue BARBIER => trouvé adhérent proche : 1586 Pierre-Emmanuel BARBIER
Licencié 750420229091 - Gabin RONAYETTE => pas trouvé d'adhérent correspondant exactemement
Création adherent Gabin RONAYETTE
Adresse mail  existe déjà 
          pour 1568 Victor LOUHAUT - Adhérent non créé 
449 enregistrements dans base FFCAM dont 313 à jour de licence
0 nouvelles adhésions / 0 adhérents mis à jour / 313 non traités 
Fin de traitement 2022-10-04 10:15:05
 Début de traitement 2022-02-04 14:15:01
Données session apiFFCAM vide - lancement API
Import du 04-07-2022 14:15:01 Cron
Extraction SOAP : 449 adhérents extraits
Licencié 750420220011 - Pierre-Emmanue BARBIER => trouvé adhérent proche : 1586 Pierre-Emmanuel BARBIER
Licencié 750420229091 - Gabin RONAYETTE => pas trouvé d'adhérent correspondant exactemement
Création adherent Gabin RONAYETTE
Adresse mail  existe déjà 
          pour 1568 Victor LOUHAUT - Adhérent non créé 
449 enregistrements dans base FFCAM dont 313 à jour de licence
0 nouvelles adhésions / 0 adhérents mis à jour / 313 non traités 
Fin de traitement 2022-02-04 14:15:05
 Début de traitement 2022-06-04 18:15:02
Données session apiFFCAM vide - lancement API
Import du 04-07-2022 18:15:02 Cron
Extraction SOAP : 449 adhérents extraits
Licencié 750420220011 - Pierre-Emmanue BARBIER => trouvé adhérent proche : 1586 Pierre-Emmanuel BARBIER
Licencié 750420229091 - Gabin RONAYETTE => pas trouvé d'adhérent correspondant exactemement
Création adherent Gabin RONAYETTE
Adresse mail  existe déjà 
          pour 1568 Victor LOUHAUT - Adhérent non créé 
449 enregistrements dans base FFCAM dont 313 à jour de licence
0 nouvelles adhésions / 0 adhérents mis à jour / 313 non traités 
Fin de traitement 2022-06-04 18:15:05
 Début de traitement 2022-08-04 20:12:28
Données session apiFFCAM vide - lancement API
Import du 04-07-2022 20:12:28 Benoit D'HALLUIN (62)
Extraction SOAP : 449 adhérents extraits
Création d'écarts de données email pour 1337 - Nicolas MARTIN
Licencié 750420220011 - Pierre-Emmanue BARBIER => trouvé adhérent proche : 1586 Pierre-Emmanuel BARBIER
Licencié 750420229091 - Gabin RONAYETTE => pas trouvé d'adhérent correspondant exactemement
Création adherent Gabin RONAYETTE
Adresse mail  existe déjà 
          pour 1568 Victor LOUHAUT - Adhérent non créé 
449 enregistrements dans base FFCAM dont 313 à jour de licence
0 nouvelles adhésions / 0 adhérents mis à jour / 313 non traités 
Fin de traitement 2022-08-04 20:12:31
 Début de traitement 2022-10-04 22:15:01
Données session apiFFCAM vide - lancement API
Import du 04-07-2022 22:15:01 Cron
Extraction SOAP : 450 adhérents extraits
Licencié 750420220011 - Pierre-Emmanue BARBIER => trouvé adhérent proche : 1586 Pierre-Emmanuel BARBIER
Licencié 750420220014 - Hélène VERDIER GORCIAS => trouvé adhérent correspondant exactemement  - ancien n° licence 750020199003 25
Adhérent  - Hélène VERDIER GORCIAS => mise à jour n° de licence 750420220014
Mise à jour adhésion pour 1589 - Helene VERDIER GORCIAS
Création d'écarts de données cb_ville pour 1589 - Helene VERDIER GORCIAS
Création d'écarts de données cb_mobile pour 1589 - Helene VERDIER GORCIAS
Création d'écarts de données cb_contactaccident pour 1589 - Helene VERDIER GORCIAS
Création d'écarts de données cb_section pour 1589 - Helene VERDIER GORCIAS
Licencié 750420229091 - Gabin RONAYETTE => pas trouvé d'adhérent correspondant exactemement
Création adherent Gabin RONAYETTE
Adresse mail  existe déjà 
          pour 1568 Victor LOUHAUT - Adhérent non créé 
450 enregistrements dans base FFCAM dont 314 à jour de licence
0 nouvelles adhésions / 1 adhérents mis à jour / 313 non traités 
Fin de traitement 2022-10-04 22:15:05
 