Début de traitement 2023-02-25 02:15:02
Données session apiFFCAM vide - lancement API
Import du 25-07-2023 02:15:02 Cron
Extraction SOAP : 397 adhérents extraits
397 enregistrements dans base FFCAM dont 321 à jour de licence
0 nouvelles adhésions / 0 adhérents mis à jour / 321 non traités 
Fin de traitement 2023-07-25 02:15:05
 Début de traitement 2023-10-25 10:15:02
Données session apiFFCAM vide - lancement API
Import du 25-07-2023 10:15:02 Cron
Extraction SOAP : 397 adhérents extraits
397 enregistrements dans base FFCAM dont 321 à jour de licence
0 nouvelles adhésions / 0 adhérents mis à jour / 321 non traités 
Fin de traitement 2023-07-25 10:15:05
 Début de traitement 2023-02-25 14:15:01
Données session apiFFCAM vide - lancement API
Import du 25-07-2023 14:15:01 Cron
Extraction SOAP : 397 adhérents extraits
397 enregistrements dans base FFCAM dont 321 à jour de licence
0 nouvelles adhésions / 0 adhérents mis à jour / 321 non traités 
Fin de traitement 2023-07-25 14:15:05
 Début de traitement 2023-06-25 18:15:02
Données session apiFFCAM vide - lancement API
Import du 25-07-2023 18:15:02 Cron
Extraction SOAP : 397 adhérents extraits
397 enregistrements dans base FFCAM dont 321 à jour de licence
0 nouvelles adhésions / 0 adhérents mis à jour / 321 non traités 
Fin de traitement 2023-07-25 18:15:05
 Début de traitement 2023-10-25 22:15:02
Données session apiFFCAM vide - lancement API
Import du 25-07-2023 22:15:02 Cron
Extraction SOAP : 397 adhérents extraits
Création d'écarts de données email pour 702 - Stephane JAUSSOIN
397 enregistrements dans base FFCAM dont 321 à jour de licence
0 nouvelles adhésions / 0 adhérents mis à jour / 321 non traités 
Fin de traitement 2023-07-25 22:15:05
 