Début de traitement 2022-02-26 02:15:01
Données session apiFFCAM vide - lancement API
Import du 26-12-2022 02:15:01 Cron
Extraction SOAP : 378 adhérents extraits
Attention erreur sur données de base pour 591 Clemence FAURE
Licencié 750420239049 - Paule ARNAL => pas trouvé d'adhérent correspondant exactemement
Création adherent Paule ARNAL
Adresse mail paule.arnal@free.fr existe déjà 
          pour 101 Paule ARNAL - Adhérent non créé 
378 enregistrements dans base FFCAM dont 288 à jour de licence
0 nouvelles adhésions / 0 adhérents mis à jour / 288 non traités 
Fin de traitement 2022-12-26 02:15:04
 Début de traitement 2022-10-26 10:15:02
Données session apiFFCAM vide - lancement API
Import du 26-12-2022 10:15:02 Cron
Extraction SOAP : 378 adhérents extraits
Attention erreur sur données de base pour 591 Clemence FAURE
Licencié 750420239049 - Paule ARNAL => pas trouvé d'adhérent correspondant exactemement
Création adherent Paule ARNAL
Adresse mail paule.arnal@free.fr existe déjà 
          pour 101 Paule ARNAL - Adhérent non créé 
378 enregistrements dans base FFCAM dont 288 à jour de licence
0 nouvelles adhésions / 0 adhérents mis à jour / 288 non traités 
Fin de traitement 2022-12-26 10:15:05
 Début de traitement 2022-02-26 14:15:02
Données session apiFFCAM vide - lancement API
Import du 26-12-2022 14:15:02 Cron
Extraction SOAP : 378 adhérents extraits
Attention erreur sur données de base pour 591 Clemence FAURE
Licencié 750420239049 - Paule ARNAL => pas trouvé d'adhérent correspondant exactemement
Création adherent Paule ARNAL
Adresse mail paule.arnal@free.fr existe déjà 
          pour 101 Paule ARNAL - Adhérent non créé 
378 enregistrements dans base FFCAM dont 288 à jour de licence
0 nouvelles adhésions / 0 adhérents mis à jour / 288 non traités 
Fin de traitement 2022-12-26 14:15:05
 Début de traitement 2022-06-26 18:15:01
Données session apiFFCAM vide - lancement API
Import du 26-12-2022 18:15:01 Cron
Extraction SOAP : 378 adhérents extraits
Attention erreur sur données de base pour 591 Clemence FAURE
Licencié 750420239049 - Paule ARNAL => pas trouvé d'adhérent correspondant exactemement
Création adherent Paule ARNAL
Adresse mail paule.arnal@free.fr existe déjà 
          pour 101 Paule ARNAL - Adhérent non créé 
378 enregistrements dans base FFCAM dont 288 à jour de licence
0 nouvelles adhésions / 0 adhérents mis à jour / 288 non traités 
Fin de traitement 2022-12-26 18:15:04
 Début de traitement 2022-10-26 22:15:02
Données session apiFFCAM vide - lancement API
Import du 26-12-2022 22:15:02 Cron
Extraction SOAP : 378 adhérents extraits
Attention erreur sur données de base pour 591 Clemence FAURE
Licencié 750420239049 - Paule ARNAL => pas trouvé d'adhérent correspondant exactemement
Création adherent Paule ARNAL
Adresse mail paule.arnal@free.fr existe déjà 
          pour 101 Paule ARNAL - Adhérent non créé 
378 enregistrements dans base FFCAM dont 288 à jour de licence
0 nouvelles adhésions / 0 adhérents mis à jour / 288 non traités 
Fin de traitement 2022-12-26 22:15:04
 