Début de traitement 2022-02-02 02:14:57
Données session apiFFCAM vide - lancement API
Import du 02-07-2022 02:14:57 Cron
Extraction SOAP : 449 adhérents extraits
Licencié 750420220011 - Pierre-Emmanue BARBIER => trouvé adhérent proche : 1586 Pierre-Emmanuel BARBIER
Licencié 750420229091 - Gabin RONAYETTE => pas trouvé d'adhérent correspondant exactemement
Création adherent Gabin RONAYETTE
Adresse mail  existe déjà 
          pour 1568 Victor LOUHAUT - Adhérent non créé 
449 enregistrements dans base FFCAM dont 313 à jour de licence
0 nouvelles adhésions / 0 adhérents mis à jour / 313 non traités 
Fin de traitement 2022-02-02 02:15:01
 Début de traitement 2022-10-02 10:15:08
Données session apiFFCAM vide - lancement API
Import du 02-07-2022 10:15:08 Cron
Extraction SOAP : 449 adhérents extraits
Licencié 750420220011 - Pierre-Emmanue BARBIER => trouvé adhérent proche : 1586 Pierre-Emmanuel BARBIER
Licencié 750420229091 - Gabin RONAYETTE => pas trouvé d'adhérent correspondant exactemement
Création adherent Gabin RONAYETTE
Adresse mail  existe déjà 
          pour 1568 Victor LOUHAUT - Adhérent non créé 
449 enregistrements dans base FFCAM dont 313 à jour de licence
0 nouvelles adhésions / 0 adhérents mis à jour / 313 non traités 
Fin de traitement 2022-10-02 10:15:12
 Début de traitement 2022-02-02 14:15:09
Données session apiFFCAM vide - lancement API
Import du 02-07-2022 14:15:09 Cron
Extraction SOAP : 449 adhérents extraits
Licencié 750420220011 - Pierre-Emmanue BARBIER => trouvé adhérent proche : 1586 Pierre-Emmanuel BARBIER
Licencié 750420229091 - Gabin RONAYETTE => pas trouvé d'adhérent correspondant exactemement
Création adherent Gabin RONAYETTE
Adresse mail  existe déjà 
          pour 1568 Victor LOUHAUT - Adhérent non créé 
449 enregistrements dans base FFCAM dont 313 à jour de licence
0 nouvelles adhésions / 0 adhérents mis à jour / 313 non traités 
Fin de traitement 2022-02-02 14:15:13
 Début de traitement 2022-10-02 22:15:09
Données session apiFFCAM vide - lancement API
Import du 02-07-2022 22:15:09 Cron
Extraction SOAP : 449 adhérents extraits
Licencié 750420220011 - Pierre-Emmanue BARBIER => trouvé adhérent proche : 1586 Pierre-Emmanuel BARBIER
Licencié 750420229091 - Gabin RONAYETTE => pas trouvé d'adhérent correspondant exactemement
Création adherent Gabin RONAYETTE
Adresse mail  existe déjà 
          pour 1568 Victor LOUHAUT - Adhérent non créé 
449 enregistrements dans base FFCAM dont 313 à jour de licence
0 nouvelles adhésions / 0 adhérents mis à jour / 313 non traités 
Fin de traitement 2022-10-02 22:15:13
 