Début de traitement 2023-12-10 00:38:18
Données session apiFFCAM vide - lancement API
Import du 10-07-2023 00:38:18 Benoit D'HALLUIN (62)
Extraction SOAP : 396 adhérents extraits
396 enregistrements dans base FFCAM dont 320 à jour de licence
0 nouvelles adhésions / 0 adhérents mis à jour / 320 non traités 
Fin de traitement 2023-07-10 00:38:21
 Début de traitement 2023-12-10 00:40:10
Données session apiFFCAM vide - lancement API
Import du 10-07-2023 00:40:10 Benoit D'HALLUIN (62)
Extraction SOAP : 396 adhérents extraits
396 enregistrements dans base FFCAM dont 320 à jour de licence
0 nouvelles adhésions / 0 adhérents mis à jour / 320 non traités 
Fin de traitement 2023-07-10 00:40:13
 Début de traitement 2023-02-10 02:15:02
Données session apiFFCAM vide - lancement API
Import du 10-07-2023 02:15:02 Cron
Extraction SOAP : 396 adhérents extraits
396 enregistrements dans base FFCAM dont 320 à jour de licence
0 nouvelles adhésions / 0 adhérents mis à jour / 320 non traités 
Fin de traitement 2023-07-10 02:15:05
 Début de traitement 2023-10-10 10:15:02
Données session apiFFCAM vide - lancement API
Import du 10-07-2023 10:15:02 Cron
Extraction SOAP : 396 adhérents extraits
396 enregistrements dans base FFCAM dont 320 à jour de licence
0 nouvelles adhésions / 0 adhérents mis à jour / 320 non traités 
Fin de traitement 2023-07-10 10:15:05
 Début de traitement 2023-02-10 14:15:02
Données session apiFFCAM vide - lancement API
Import du 10-07-2023 14:15:02 Cron
Extraction SOAP : 396 adhérents extraits
396 enregistrements dans base FFCAM dont 320 à jour de licence
0 nouvelles adhésions / 0 adhérents mis à jour / 320 non traités 
Fin de traitement 2023-07-10 14:15:05
 Début de traitement 2023-06-10 18:15:01
Données session apiFFCAM vide - lancement API
Import du 10-07-2023 18:15:01 Cron
Extraction SOAP : 396 adhérents extraits
396 enregistrements dans base FFCAM dont 320 à jour de licence
0 nouvelles adhésions / 0 adhérents mis à jour / 320 non traités 
Fin de traitement 2023-07-10 18:15:05
 Début de traitement 2023-10-10 22:15:01
Données session apiFFCAM vide - lancement API
Import du 10-07-2023 22:15:01 Cron
Extraction SOAP : 396 adhérents extraits
396 enregistrements dans base FFCAM dont 320 à jour de licence
0 nouvelles adhésions / 0 adhérents mis à jour / 320 non traités 
Fin de traitement 2023-07-10 22:15:05
 