Début de traitement 2023-02-31 02:15:01
Données session apiFFCAM vide - lancement API
Import du 31-01-2023 02:15:01 Cron
Extraction SOAP : 386 adhérents extraits
Attention erreur sur données de base pour 591 Clemence FAURE
Licencié 750420239049 - Paule ARNAL => pas trouvé d'adhérent correspondant exactemement
Création adherent Paule ARNAL
Adresse mail paule.arnal@free.fr existe déjà 
          pour 101 Paule ARNAL - Adhérent non créé 
386 enregistrements dans base FFCAM dont 302 à jour de licence
0 nouvelles adhésions / 0 adhérents mis à jour / 302 non traités 
Fin de traitement 2023-01-31 02:15:04
 Début de traitement 2023-10-31 10:15:02
Données session apiFFCAM vide - lancement API
Import du 31-01-2023 10:15:02 Cron
Extraction SOAP : 386 adhérents extraits
Attention erreur sur données de base pour 591 Clemence FAURE
Licencié 750420239049 - Paule ARNAL => pas trouvé d'adhérent correspondant exactemement
Création adherent Paule ARNAL
Adresse mail paule.arnal@free.fr existe déjà 
          pour 101 Paule ARNAL - Adhérent non créé 
386 enregistrements dans base FFCAM dont 302 à jour de licence
0 nouvelles adhésions / 0 adhérents mis à jour / 302 non traités 
Fin de traitement 2023-01-31 10:15:05
 Début de traitement 2023-02-31 14:15:02
Données session apiFFCAM vide - lancement API
Import du 31-01-2023 14:15:02 Cron
Extraction SOAP : 386 adhérents extraits
Attention erreur sur données de base pour 591 Clemence FAURE
Licencié 750420239049 - Paule ARNAL => pas trouvé d'adhérent correspondant exactemement
Création adherent Paule ARNAL
Adresse mail paule.arnal@free.fr existe déjà 
          pour 101 Paule ARNAL - Adhérent non créé 
386 enregistrements dans base FFCAM dont 302 à jour de licence
0 nouvelles adhésions / 0 adhérents mis à jour / 302 non traités 
Fin de traitement 2023-01-31 14:15:04
 Début de traitement 2023-06-31 18:15:01
Données session apiFFCAM vide - lancement API
Import du 31-01-2023 18:15:01 Cron
Extraction SOAP : 386 adhérents extraits
Attention erreur sur données de base pour 591 Clemence FAURE
Licencié 750420239049 - Paule ARNAL => pas trouvé d'adhérent correspondant exactemement
Création adherent Paule ARNAL
Adresse mail paule.arnal@free.fr existe déjà 
          pour 101 Paule ARNAL - Adhérent non créé 
386 enregistrements dans base FFCAM dont 302 à jour de licence
0 nouvelles adhésions / 0 adhérents mis à jour / 302 non traités 
Fin de traitement 2023-01-31 18:15:06
 Début de traitement 2023-10-31 22:15:01
Données session apiFFCAM vide - lancement API
Import du 31-01-2023 22:15:01 Cron
Extraction SOAP : 386 adhérents extraits
Attention erreur sur données de base pour 591 Clemence FAURE
Licencié 750420239049 - Paule ARNAL => pas trouvé d'adhérent correspondant exactemement
Création adherent Paule ARNAL
Adresse mail paule.arnal@free.fr existe déjà 
          pour 101 Paule ARNAL - Adhérent non créé 
386 enregistrements dans base FFCAM dont 302 à jour de licence
0 nouvelles adhésions / 0 adhérents mis à jour / 302 non traités 
Fin de traitement 2023-01-31 22:15:06
 