Début de traitement 2023-02-12 02:15:01
Données session apiFFCAM vide - lancement API
Import du 12-01-2023 02:15:01 Cron
Extraction SOAP : 382 adhérents extraits
Attention erreur sur données de base pour 591 Clemence FAURE
Licencié 750420239049 - Paule ARNAL => pas trouvé d'adhérent correspondant exactemement
Création adherent Paule ARNAL
Adresse mail paule.arnal@free.fr existe déjà 
          pour 101 Paule ARNAL - Adhérent non créé 
382 enregistrements dans base FFCAM dont 295 à jour de licence
0 nouvelles adhésions / 0 adhérents mis à jour / 295 non traités 
Fin de traitement 2023-01-12 02:15:04
 Début de traitement 2023-10-12 10:15:01
Données session apiFFCAM vide - lancement API
Import du 12-01-2023 10:15:01 Cron
Extraction SOAP : 382 adhérents extraits
Attention erreur sur données de base pour 591 Clemence FAURE
Licencié 750420239049 - Paule ARNAL => pas trouvé d'adhérent correspondant exactemement
Création adherent Paule ARNAL
Adresse mail paule.arnal@free.fr existe déjà 
          pour 101 Paule ARNAL - Adhérent non créé 
382 enregistrements dans base FFCAM dont 295 à jour de licence
0 nouvelles adhésions / 0 adhérents mis à jour / 295 non traités 
Fin de traitement 2023-01-12 10:15:04
 Début de traitement 2023-02-12 14:15:01
Données session apiFFCAM vide - lancement API
Import du 12-01-2023 14:15:01 Cron
Extraction SOAP : 382 adhérents extraits
Attention erreur sur données de base pour 591 Clemence FAURE
Licencié 750420239049 - Paule ARNAL => pas trouvé d'adhérent correspondant exactemement
Création adherent Paule ARNAL
Adresse mail paule.arnal@free.fr existe déjà 
          pour 101 Paule ARNAL - Adhérent non créé 
Création d'écarts de données cb_mobile pour 1639 - Maryna KUMEDA
382 enregistrements dans base FFCAM dont 295 à jour de licence
0 nouvelles adhésions / 0 adhérents mis à jour / 295 non traités 
Fin de traitement 2023-01-12 14:15:04
 Début de traitement 2023-06-12 18:15:02
Données session apiFFCAM vide - lancement API
Import du 12-01-2023 18:15:02 Cron
Extraction SOAP : 382 adhérents extraits
Attention erreur sur données de base pour 591 Clemence FAURE
Création d'écarts de données cb_adresse pour 1467 - Etienne CHAVASSE-FRETAZ
Licencié 750420239049 - Paule ARNAL => pas trouvé d'adhérent correspondant exactemement
Création adherent Paule ARNAL
Adresse mail paule.arnal@free.fr existe déjà 
          pour 101 Paule ARNAL - Adhérent non créé 
382 enregistrements dans base FFCAM dont 295 à jour de licence
0 nouvelles adhésions / 0 adhérents mis à jour / 295 non traités 
Fin de traitement 2023-01-12 18:15:06
 Début de traitement 2023-10-12 22:15:02
Données session apiFFCAM vide - lancement API
Import du 12-01-2023 22:15:02 Cron
Extraction SOAP : 382 adhérents extraits
Attention erreur sur données de base pour 591 Clemence FAURE
Modification d'écarts de données cb_contactaccident pour 853 - Fabrice CORNET
Données cb_mobile rectifiée pour 853 - Fabrice CORNET
Licencié 750420239049 - Paule ARNAL => pas trouvé d'adhérent correspondant exactemement
Création adherent Paule ARNAL
Adresse mail paule.arnal@free.fr existe déjà 
          pour 101 Paule ARNAL - Adhérent non créé 
382 enregistrements dans base FFCAM dont 295 à jour de licence
0 nouvelles adhésions / 0 adhérents mis à jour / 295 non traités 
Fin de traitement 2023-01-12 22:15:05
 