Début de traitement 2022-02-09 02:15:01
Données session apiFFCAM vide - lancement API
Import du 09-12-2022 02:15:01 Cron
Extraction SOAP : 369 adhérents extraits
Attention erreur sur données de base pour 591 Clemence FAURE
Licencié 750420239049 - Paule ARNAL => pas trouvé d'adhérent correspondant exactemement
Création adherent Paule ARNAL
Adresse mail paule.arnal@free.fr existe déjà 
          pour 101 Paule ARNAL - Adhérent non créé 
369 enregistrements dans base FFCAM dont 271 à jour de licence
0 nouvelles adhésions / 0 adhérents mis à jour / 271 non traités 
Fin de traitement 2022-12-09 02:15:04
 Début de traitement 2022-10-09 10:15:02
Données session apiFFCAM vide - lancement API
Import du 09-12-2022 10:15:02 Cron
Extraction SOAP : 369 adhérents extraits
Attention erreur sur données de base pour 591 Clemence FAURE
Licencié 750420239049 - Paule ARNAL => pas trouvé d'adhérent correspondant exactemement
Création adherent Paule ARNAL
Adresse mail paule.arnal@free.fr existe déjà 
          pour 101 Paule ARNAL - Adhérent non créé 
369 enregistrements dans base FFCAM dont 271 à jour de licence
0 nouvelles adhésions / 0 adhérents mis à jour / 271 non traités 
Fin de traitement 2022-12-09 10:15:04
 Début de traitement 2022-02-09 14:15:06
Données session apiFFCAM vide - lancement API
Import du 09-12-2022 14:15:06 Cron
Extraction SOAP : 369 adhérents extraits
Attention erreur sur données de base pour 591 Clemence FAURE
Licencié 750420239049 - Paule ARNAL => pas trouvé d'adhérent correspondant exactemement
Création adherent Paule ARNAL
Adresse mail paule.arnal@free.fr existe déjà 
          pour 101 Paule ARNAL - Adhérent non créé 
369 enregistrements dans base FFCAM dont 271 à jour de licence
0 nouvelles adhésions / 0 adhérents mis à jour / 271 non traités 
Fin de traitement 2022-12-09 14:15:09
 Début de traitement 2022-06-09 18:15:02
Données session apiFFCAM vide - lancement API
Import du 09-12-2022 18:15:02 Cron
Extraction SOAP : 369 adhérents extraits
Attention erreur sur données de base pour 591 Clemence FAURE
Licencié 750420239049 - Paule ARNAL => pas trouvé d'adhérent correspondant exactemement
Création adherent Paule ARNAL
Adresse mail paule.arnal@free.fr existe déjà 
          pour 101 Paule ARNAL - Adhérent non créé 
369 enregistrements dans base FFCAM dont 271 à jour de licence
0 nouvelles adhésions / 0 adhérents mis à jour / 271 non traités 
Fin de traitement 2022-12-09 18:15:05
 Début de traitement 2022-10-09 22:15:02
Données session apiFFCAM vide - lancement API
Import du 09-12-2022 22:15:02 Cron
Extraction SOAP : 369 adhérents extraits
Attention erreur sur données de base pour 591 Clemence FAURE
Licencié 750420239049 - Paule ARNAL => pas trouvé d'adhérent correspondant exactemement
Création adherent Paule ARNAL
Adresse mail paule.arnal@free.fr existe déjà 
          pour 101 Paule ARNAL - Adhérent non créé 
369 enregistrements dans base FFCAM dont 271 à jour de licence
0 nouvelles adhésions / 0 adhérents mis à jour / 271 non traités 
Fin de traitement 2022-12-09 22:15:04
 