Début de traitement 2023-02-04 02:15:02
Données session apiFFCAM vide - lancement API
Import du 04-02-2023 02:15:02 Cron
Extraction SOAP : 386 adhérents extraits
Attention erreur sur données de base pour 591 Clemence FAURE
Licencié 750420239049 - Paule ARNAL => pas trouvé d'adhérent correspondant exactemement
Création adherent Paule ARNAL
Adresse mail paule.arnal@free.fr existe déjà 
          pour 101 Paule ARNAL - Adhérent non créé 
386 enregistrements dans base FFCAM dont 302 à jour de licence
0 nouvelles adhésions / 0 adhérents mis à jour / 302 non traités 
Fin de traitement 2023-02-04 02:15:04
 Début de traitement 2023-10-04 10:15:01
Données session apiFFCAM vide - lancement API
Import du 04-02-2023 10:15:01 Cron
Extraction SOAP : 386 adhérents extraits
Attention erreur sur données de base pour 591 Clemence FAURE
Licencié 750420239049 - Paule ARNAL => pas trouvé d'adhérent correspondant exactemement
Création adherent Paule ARNAL
Adresse mail paule.arnal@free.fr existe déjà 
          pour 101 Paule ARNAL - Adhérent non créé 
386 enregistrements dans base FFCAM dont 302 à jour de licence
0 nouvelles adhésions / 0 adhérents mis à jour / 302 non traités 
Fin de traitement 2023-02-04 10:15:04
 Début de traitement 2023-02-04 14:15:02
Données session apiFFCAM vide - lancement API
Import du 04-02-2023 14:15:02 Cron
Extraction SOAP : 387 adhérents extraits
Attention erreur sur données de base pour 591 Clemence FAURE
Licencié 750420239049 - Paule ARNAL => pas trouvé d'adhérent correspondant exactemement
Création adherent Paule ARNAL
Adresse mail paule.arnal@free.fr existe déjà 
          pour 101 Paule ARNAL - Adhérent non créé 
Licencié 750420239070 - Lucie JACQUET => pas trouvé d'adhérent correspondant exactemement
Création adherent Lucie JACQUET
Insertion de Lucie JACQUET dans user => id = 1658
Insertion de Lucie JACQUET  dans usergroup_map
Insertion dans comprofiler de Lucie JACQUET
387 enregistrements dans base FFCAM dont 303 à jour de licence
0 nouvelles adhésions / 0 adhérents mis à jour / 303 non traités 
Fin de traitement 2023-02-04 14:15:07
 Début de traitement 2023-06-04 18:15:02
Données session apiFFCAM vide - lancement API
Import du 04-02-2023 18:15:02 Cron
Extraction SOAP : 387 adhérents extraits
Attention erreur sur données de base pour 591 Clemence FAURE
Licencié 750420239049 - Paule ARNAL => pas trouvé d'adhérent correspondant exactemement
Création adherent Paule ARNAL
Adresse mail paule.arnal@free.fr existe déjà 
          pour 101 Paule ARNAL - Adhérent non créé 
387 enregistrements dans base FFCAM dont 303 à jour de licence
0 nouvelles adhésions / 0 adhérents mis à jour / 303 non traités 
Fin de traitement 2023-02-04 18:15:05
 Début de traitement 2023-10-04 22:15:02
Données session apiFFCAM vide - lancement API
Import du 04-02-2023 22:15:02 Cron
Extraction SOAP : 387 adhérents extraits
Attention erreur sur données de base pour 591 Clemence FAURE
Licencié 750420239049 - Paule ARNAL => pas trouvé d'adhérent correspondant exactemement
Création adherent Paule ARNAL
Adresse mail paule.arnal@free.fr existe déjà 
          pour 101 Paule ARNAL - Adhérent non créé 
387 enregistrements dans base FFCAM dont 303 à jour de licence
0 nouvelles adhésions / 0 adhérents mis à jour / 303 non traités 
Fin de traitement 2023-02-04 22:15:04
 