Début de traitement 2022-02-23 02:15:02
Données session apiFFCAM vide - lancement API
Import du 23-11-2022 02:15:02 Cron
Extraction SOAP : 365 adhérents extraits
365 enregistrements dans base FFCAM dont 261 à jour de licence
0 nouvelles adhésions / 0 adhérents mis à jour / 261 non traités 
Fin de traitement 2022-11-23 02:15:05
 Début de traitement 2022-10-23 10:15:01
Données session apiFFCAM vide - lancement API
Import du 23-11-2022 10:15:01 Cron
Extraction SOAP : 365 adhérents extraits
365 enregistrements dans base FFCAM dont 261 à jour de licence
0 nouvelles adhésions / 0 adhérents mis à jour / 261 non traités 
Fin de traitement 2022-11-23 10:15:04
 Début de traitement 2022-02-23 14:15:02
Données session apiFFCAM vide - lancement API
Import du 23-11-2022 14:15:02 Cron
Extraction SOAP : 365 adhérents extraits
365 enregistrements dans base FFCAM dont 261 à jour de licence
0 nouvelles adhésions / 0 adhérents mis à jour / 261 non traités 
Fin de traitement 2022-11-23 14:15:05
 Début de traitement 2022-06-23 18:15:02
Données session apiFFCAM vide - lancement API
Import du 23-11-2022 18:15:02 Cron
Extraction SOAP : 365 adhérents extraits
365 enregistrements dans base FFCAM dont 261 à jour de licence
0 nouvelles adhésions / 0 adhérents mis à jour / 261 non traités 
Fin de traitement 2022-11-23 18:15:05
 Début de traitement 2022-10-23 22:15:01
Données session apiFFCAM vide - lancement API
Import du 23-11-2022 22:15:01 Cron
Extraction SOAP : 365 adhérents extraits
365 enregistrements dans base FFCAM dont 261 à jour de licence
0 nouvelles adhésions / 0 adhérents mis à jour / 261 non traités 
Fin de traitement 2022-11-23 22:15:04
 