Début de traitement 2023-02-03 02:15:01
Données session apiFFCAM vide - lancement API
Import du 03-01-2023 02:15:01 Cron
Extraction SOAP : 381 adhérents extraits
Attention erreur sur données de base pour 591 Clemence FAURE
Licencié 750420239049 - Paule ARNAL => pas trouvé d'adhérent correspondant exactemement
Création adherent Paule ARNAL
Adresse mail paule.arnal@free.fr existe déjà 
          pour 101 Paule ARNAL - Adhérent non créé 
381 enregistrements dans base FFCAM dont 294 à jour de licence
0 nouvelles adhésions / 0 adhérents mis à jour / 294 non traités 
Fin de traitement 2023-01-03 02:15:04
 Début de traitement 2023-10-03 10:15:01
Données session apiFFCAM vide - lancement API
Import du 03-01-2023 10:15:01 Cron
Extraction SOAP : 381 adhérents extraits
Attention erreur sur données de base pour 591 Clemence FAURE
Licencié 750420239049 - Paule ARNAL => pas trouvé d'adhérent correspondant exactemement
Création adherent Paule ARNAL
Adresse mail paule.arnal@free.fr existe déjà 
          pour 101 Paule ARNAL - Adhérent non créé 
381 enregistrements dans base FFCAM dont 294 à jour de licence
0 nouvelles adhésions / 0 adhérents mis à jour / 294 non traités 
Fin de traitement 2023-01-03 10:15:04
 Début de traitement 2023-02-03 14:15:01
Données session apiFFCAM vide - lancement API
Import du 03-01-2023 14:15:01 Cron
Extraction SOAP : 381 adhérents extraits
Attention erreur sur données de base pour 591 Clemence FAURE
Licencié 750420239049 - Paule ARNAL => pas trouvé d'adhérent correspondant exactemement
Création adherent Paule ARNAL
Adresse mail paule.arnal@free.fr existe déjà 
          pour 101 Paule ARNAL - Adhérent non créé 
381 enregistrements dans base FFCAM dont 294 à jour de licence
0 nouvelles adhésions / 0 adhérents mis à jour / 294 non traités 
Fin de traitement 2023-01-03 14:15:07
 Début de traitement 2023-06-03 18:15:01
Données session apiFFCAM vide - lancement API
Import du 03-01-2023 18:15:01 Cron
Extraction SOAP : 381 adhérents extraits
Attention erreur sur données de base pour 591 Clemence FAURE
Licencié 750420239049 - Paule ARNAL => pas trouvé d'adhérent correspondant exactemement
Création adherent Paule ARNAL
Adresse mail paule.arnal@free.fr existe déjà 
          pour 101 Paule ARNAL - Adhérent non créé 
381 enregistrements dans base FFCAM dont 294 à jour de licence
0 nouvelles adhésions / 0 adhérents mis à jour / 294 non traités 
Fin de traitement 2023-01-03 18:15:04
 Début de traitement 2023-10-03 22:15:01
Données session apiFFCAM vide - lancement API
Import du 03-01-2023 22:15:01 Cron
Extraction SOAP : 381 adhérents extraits
Attention erreur sur données de base pour 591 Clemence FAURE
Licencié 750420239049 - Paule ARNAL => pas trouvé d'adhérent correspondant exactemement
Création adherent Paule ARNAL
Adresse mail paule.arnal@free.fr existe déjà 
          pour 101 Paule ARNAL - Adhérent non créé 
381 enregistrements dans base FFCAM dont 294 à jour de licence
0 nouvelles adhésions / 0 adhérents mis à jour / 294 non traités 
Fin de traitement 2023-01-03 22:15:06
 