Début de traitement 2022-02-15 02:15:02
Données session apiFFCAM vide - lancement API
Import du 15-11-2022 02:15:02 Cron
Extraction SOAP : 362 adhérents extraits
Création d'écarts de données cb_adresse2 pour 1634 - Benjamin STENE
362 enregistrements dans base FFCAM dont 251 à jour de licence
0 nouvelles adhésions / 0 adhérents mis à jour / 251 non traités 
Fin de traitement 2022-11-15 02:15:05
 Début de traitement 2022-10-15 10:15:01
Données session apiFFCAM vide - lancement API
Import du 15-11-2022 10:15:01 Cron
Extraction SOAP : 362 adhérents extraits
Mise à jour adhésion pour 1285 - Mathilde LABATUT
362 enregistrements dans base FFCAM dont 252 à jour de licence
0 nouvelles adhésions / 1 adhérents mis à jour / 251 non traités 
Fin de traitement 2022-11-15 10:15:04
 Début de traitement 2022-02-15 14:15:01
Données session apiFFCAM vide - lancement API
Import du 15-11-2022 14:15:01 Cron
Extraction SOAP : 362 adhérents extraits
362 enregistrements dans base FFCAM dont 252 à jour de licence
0 nouvelles adhésions / 0 adhérents mis à jour / 252 non traités 
Fin de traitement 2022-11-15 14:15:05
 Début de traitement 2022-06-15 18:15:01
Données session apiFFCAM vide - lancement API
Import du 15-11-2022 18:15:01 Cron
Extraction SOAP : 362 adhérents extraits
Mise à jour adhésion pour 321 - Julien LOGEAIS
Création d'écarts de données cb_adresse pour 321 - Julien LOGEAIS
Création d'écarts de données cb_codepostal pour 321 - Julien LOGEAIS
Création d'écarts de données cb_ville pour 321 - Julien LOGEAIS
362 enregistrements dans base FFCAM dont 253 à jour de licence
0 nouvelles adhésions / 1 adhérents mis à jour / 252 non traités 
Fin de traitement 2022-11-15 18:15:04
 Début de traitement 2022-10-15 22:15:02
Données session apiFFCAM vide - lancement API
Import du 15-11-2022 22:15:02 Cron
Extraction SOAP : 362 adhérents extraits
Mise à jour adhésion pour 1308 - Jules DECOUR
362 enregistrements dans base FFCAM dont 254 à jour de licence
0 nouvelles adhésions / 1 adhérents mis à jour / 253 non traités 
Fin de traitement 2022-11-15 22:15:04
 