Début de traitement 2022-02-14 02:15:01
Données session apiFFCAM vide - lancement API
Import du 14-11-2022 02:15:01 Cron
Extraction SOAP : 361 adhérents extraits
361 enregistrements dans base FFCAM dont 249 à jour de licence
0 nouvelles adhésions / 0 adhérents mis à jour / 249 non traités 
Fin de traitement 2022-11-14 02:15:04
 Début de traitement 2022-10-14 10:15:01
Données session apiFFCAM vide - lancement API
Import du 14-11-2022 10:15:01 Cron
Extraction SOAP : 361 adhérents extraits
361 enregistrements dans base FFCAM dont 249 à jour de licence
0 nouvelles adhésions / 0 adhérents mis à jour / 249 non traités 
Fin de traitement 2022-11-14 10:15:04
 Début de traitement 2022-02-14 14:15:01
Données session apiFFCAM vide - lancement API
Import du 14-11-2022 14:15:01 Cron
Extraction SOAP : 361 adhérents extraits
Modification d'écarts de données cb_contactaccident pour 270 - Daniel ROBIN
361 enregistrements dans base FFCAM dont 250 à jour de licence
0 nouvelles adhésions / 0 adhérents mis à jour / 250 non traités 
Fin de traitement 2022-11-14 14:15:04
 Début de traitement 2022-06-14 18:15:02
Données session apiFFCAM vide - lancement API
Import du 14-11-2022 18:15:02 Cron
Extraction SOAP : 361 adhérents extraits
361 enregistrements dans base FFCAM dont 250 à jour de licence
0 nouvelles adhésions / 0 adhérents mis à jour / 250 non traités 
Fin de traitement 2022-11-14 18:15:04
 Début de traitement 2022-10-14 22:15:01
Données session apiFFCAM vide - lancement API
Import du 14-11-2022 22:15:01 Cron
Extraction SOAP : 362 adhérents extraits
Licencié 750420239045 - Benjamin STENE => pas trouvé d'adhérent correspondant exactemement
Création adherent Benjamin STENE
Insertion de Benjamin STENE dans user => id = 1634
Insertion de Benjamin STENE  dans usergroup_map
Insertion dans comprofiler de Benjamin STENE
362 enregistrements dans base FFCAM dont 251 à jour de licence
0 nouvelles adhésions / 0 adhérents mis à jour / 251 non traités 
Fin de traitement 2022-11-14 22:15:03
 