Début de traitement 2022-02-06 02:15:01
Données session apiFFCAM vide - lancement API
Import du 06-12-2022 02:15:01 Cron
Extraction SOAP : 368 adhérents extraits
Attention erreur sur données de base pour 591 Clemence FAURE
Licencié 750420239049 - Paule ARNAL => pas trouvé d'adhérent correspondant exactemement
Création adherent Paule ARNAL
Adresse mail paule.arnal@free.fr existe déjà 
          pour 101 Paule ARNAL - Adhérent non créé 
368 enregistrements dans base FFCAM dont 267 à jour de licence
0 nouvelles adhésions / 0 adhérents mis à jour / 267 non traités 
Fin de traitement 2022-12-06 02:15:04
 Début de traitement 2022-10-06 10:15:01
Données session apiFFCAM vide - lancement API
Import du 06-12-2022 10:15:01 Cron
Extraction SOAP : 368 adhérents extraits
Attention erreur sur données de base pour 591 Clemence FAURE
Licencié 750420239049 - Paule ARNAL => pas trouvé d'adhérent correspondant exactemement
Création adherent Paule ARNAL
Adresse mail paule.arnal@free.fr existe déjà 
          pour 101 Paule ARNAL - Adhérent non créé 
368 enregistrements dans base FFCAM dont 267 à jour de licence
0 nouvelles adhésions / 0 adhérents mis à jour / 267 non traités 
Fin de traitement 2022-12-06 10:15:04
 Début de traitement 2022-02-06 14:15:02
Données session apiFFCAM vide - lancement API
Import du 06-12-2022 14:15:02 Cron
Extraction SOAP : 368 adhérents extraits
Attention erreur sur données de base pour 591 Clemence FAURE
Licencié 750420239049 - Paule ARNAL => pas trouvé d'adhérent correspondant exactemement
Création adherent Paule ARNAL
Adresse mail paule.arnal@free.fr existe déjà 
          pour 101 Paule ARNAL - Adhérent non créé 
368 enregistrements dans base FFCAM dont 267 à jour de licence
0 nouvelles adhésions / 0 adhérents mis à jour / 267 non traités 
Fin de traitement 2022-12-06 14:15:04
 Début de traitement 2022-06-06 18:15:01
Données session apiFFCAM vide - lancement API
Import du 06-12-2022 18:15:01 Cron
Extraction SOAP : 368 adhérents extraits
Attention erreur sur données de base pour 591 Clemence FAURE
Mise à jour adhésion pour 1284 - Joana MONTESINOS
Mise à jour adhésion pour 1588 - Luca LEMARCHAND
Création d'écarts de données cb_adresse pour 1588 - Luca LEMARCHAND
Création d'écarts de données cb_codepostal pour 1588 - Luca LEMARCHAND
Création d'écarts de données cb_ville pour 1588 - Luca LEMARCHAND
Modification d'écarts de données cb_telfixe pour 1588 - Luca LEMARCHAND
Données cb_mobile rectifiée pour 1588 - Luca LEMARCHAND
Licencié 750420239049 - Paule ARNAL => pas trouvé d'adhérent correspondant exactemement
Création adherent Paule ARNAL
Adresse mail paule.arnal@free.fr existe déjà 
          pour 101 Paule ARNAL - Adhérent non créé 
368 enregistrements dans base FFCAM dont 269 à jour de licence
0 nouvelles adhésions / 2 adhérents mis à jour / 267 non traités 
Fin de traitement 2022-12-06 18:15:04
 Début de traitement 2022-10-06 22:15:01
Données session apiFFCAM vide - lancement API
Import du 06-12-2022 22:15:01 Cron
Extraction SOAP : 368 adhérents extraits
Attention erreur sur données de base pour 591 Clemence FAURE
Licencié 750420239049 - Paule ARNAL => pas trouvé d'adhérent correspondant exactemement
Création adherent Paule ARNAL
Adresse mail paule.arnal@free.fr existe déjà 
          pour 101 Paule ARNAL - Adhérent non créé 
368 enregistrements dans base FFCAM dont 269 à jour de licence
0 nouvelles adhésions / 0 adhérents mis à jour / 269 non traités 
Fin de traitement 2022-12-06 22:15:04
 