Début de traitement 2023-02-28 02:15:02
Données session apiFFCAM vide - lancement API
Import du 28-03-2023 02:15:02 Cron
Extraction SOAP : 392 adhérents extraits
392 enregistrements dans base FFCAM dont 312 à jour de licence
0 nouvelles adhésions / 0 adhérents mis à jour / 312 non traités 
Fin de traitement 2023-03-28 02:15:04
 Début de traitement 2023-10-28 10:15:02
Données session apiFFCAM vide - lancement API
Import du 28-03-2023 10:15:02 Cron
Extraction SOAP : 392 adhérents extraits
392 enregistrements dans base FFCAM dont 312 à jour de licence
0 nouvelles adhésions / 0 adhérents mis à jour / 312 non traités 
Fin de traitement 2023-03-28 10:15:05
 Début de traitement 2023-02-28 14:15:02
Données session apiFFCAM vide - lancement API
Import du 28-03-2023 14:15:02 Cron
Extraction SOAP : 392 adhérents extraits
392 enregistrements dans base FFCAM dont 312 à jour de licence
0 nouvelles adhésions / 0 adhérents mis à jour / 312 non traités 
Fin de traitement 2023-03-28 14:15:05
 Début de traitement 2023-06-28 18:15:02
Données session apiFFCAM vide - lancement API
Import du 28-03-2023 18:15:02 Cron
Extraction SOAP : 392 adhérents extraits
392 enregistrements dans base FFCAM dont 312 à jour de licence
0 nouvelles adhésions / 0 adhérents mis à jour / 312 non traités 
Fin de traitement 2023-03-28 18:15:05
 Début de traitement 2023-10-28 22:15:02
Données session apiFFCAM vide - lancement API
Import du 28-03-2023 22:15:02 Cron
Extraction SOAP : 392 adhérents extraits
392 enregistrements dans base FFCAM dont 312 à jour de licence
0 nouvelles adhésions / 0 adhérents mis à jour / 312 non traités 
Fin de traitement 2023-03-28 22:15:04
 