Début de traitement 2023-02-12 02:15:01
Données session apiFFCAM vide - lancement API
Import du 12-05-2023 02:15:01 Cron
Extraction SOAP : 396 adhérents extraits
396 enregistrements dans base FFCAM dont 317 à jour de licence
0 nouvelles adhésions / 0 adhérents mis à jour / 317 non traités 
Fin de traitement 2023-05-12 02:15:04
 Début de traitement 2023-10-12 10:15:02
Données session apiFFCAM vide - lancement API
Import du 12-05-2023 10:15:02 Cron
Extraction SOAP : 396 adhérents extraits
396 enregistrements dans base FFCAM dont 317 à jour de licence
0 nouvelles adhésions / 0 adhérents mis à jour / 317 non traités 
Fin de traitement 2023-05-12 10:15:05
 Début de traitement 2023-02-12 14:15:02
Données session apiFFCAM vide - lancement API
Import du 12-05-2023 14:15:02 Cron
Extraction SOAP : 396 adhérents extraits
396 enregistrements dans base FFCAM dont 317 à jour de licence
0 nouvelles adhésions / 0 adhérents mis à jour / 317 non traités 
Fin de traitement 2023-05-12 14:15:05
 Début de traitement 2023-06-12 18:15:01
Données session apiFFCAM vide - lancement API
Import du 12-05-2023 18:15:01 Cron
Extraction SOAP : 396 adhérents extraits
396 enregistrements dans base FFCAM dont 317 à jour de licence
0 nouvelles adhésions / 0 adhérents mis à jour / 317 non traités 
Fin de traitement 2023-05-12 18:15:06
 Début de traitement 2023-10-12 22:15:01
Données session apiFFCAM vide - lancement API
Import du 12-05-2023 22:15:01 Cron
Extraction SOAP : 396 adhérents extraits
396 enregistrements dans base FFCAM dont 317 à jour de licence
0 nouvelles adhésions / 0 adhérents mis à jour / 317 non traités 
Fin de traitement 2023-05-12 22:15:04
 