Début de traitement 2022-02-03 02:15:02
Données session apiFFCAM vide - lancement API
Import du 03-12-2022 02:15:02 Cron
Extraction SOAP : 366 adhérents extraits
Attention erreur sur données de base pour 591 Clemence FAURE
Licencié 750420239049 - Paule ARNAL => pas trouvé d'adhérent correspondant exactemement
Création adherent Paule ARNAL
Adresse mail paule.arnal@free.fr existe déjà 
          pour 101 Paule ARNAL - Adhérent non créé 
366 enregistrements dans base FFCAM dont 265 à jour de licence
0 nouvelles adhésions / 0 adhérents mis à jour / 265 non traités 
Fin de traitement 2022-12-03 02:15:04
 Début de traitement 2022-10-03 10:15:01
Données session apiFFCAM vide - lancement API
Import du 03-12-2022 10:15:01 Cron
Extraction SOAP : 366 adhérents extraits
Attention erreur sur données de base pour 591 Clemence FAURE
Licencié 750420239049 - Paule ARNAL => pas trouvé d'adhérent correspondant exactemement
Création adherent Paule ARNAL
Adresse mail paule.arnal@free.fr existe déjà 
          pour 101 Paule ARNAL - Adhérent non créé 
366 enregistrements dans base FFCAM dont 265 à jour de licence
0 nouvelles adhésions / 0 adhérents mis à jour / 265 non traités 
Fin de traitement 2022-12-03 10:15:04
 Début de traitement 2022-02-03 14:15:02
Données session apiFFCAM vide - lancement API
Import du 03-12-2022 14:15:02 Cron
Extraction SOAP : 366 adhérents extraits
Attention erreur sur données de base pour 591 Clemence FAURE
Licencié 750420239049 - Paule ARNAL => pas trouvé d'adhérent correspondant exactemement
Création adherent Paule ARNAL
Adresse mail paule.arnal@free.fr existe déjà 
          pour 101 Paule ARNAL - Adhérent non créé 
366 enregistrements dans base FFCAM dont 265 à jour de licence
0 nouvelles adhésions / 0 adhérents mis à jour / 265 non traités 
Fin de traitement 2022-12-03 14:15:04
 Début de traitement 2022-06-03 18:15:01
Données session apiFFCAM vide - lancement API
Import du 03-12-2022 18:15:01 Cron
Extraction SOAP : 367 adhérents extraits
Attention erreur sur données de base pour 591 Clemence FAURE
Licencié 750420239049 - Paule ARNAL => pas trouvé d'adhérent correspondant exactemement
Création adherent Paule ARNAL
Adresse mail paule.arnal@free.fr existe déjà 
          pour 101 Paule ARNAL - Adhérent non créé 
Licencié 750420239050 - Gonzague DE LAVERNEE => trouvé adhérent correspondant exactemement  - ancien n° licence 750420199037
Adhérent  - Gonzague DE LAVERNEE => mise à jour n° de licence 750420239050
Mise à jour adhésion pour 851 - Gonzague DE LAVERNEE
Création d'écarts de données cb_adresse pour 851 - Gonzague DE LAVERNEE
Création d'écarts de données cb_adresse2 pour 851 - Gonzague DE LAVERNEE
Création d'écarts de données cb_mobile pour 851 - Gonzague DE LAVERNEE
Création d'écarts de données cb_telfixe pour 851 - Gonzague DE LAVERNEE
367 enregistrements dans base FFCAM dont 266 à jour de licence
0 nouvelles adhésions / 1 adhérents mis à jour / 265 non traités 
Fin de traitement 2022-12-03 18:15:04
 Début de traitement 2022-10-03 22:15:01
Données session apiFFCAM vide - lancement API
Import du 03-12-2022 22:15:01 Cron
Extraction SOAP : 367 adhérents extraits
Attention erreur sur données de base pour 591 Clemence FAURE
Licencié 750420239049 - Paule ARNAL => pas trouvé d'adhérent correspondant exactemement
Création adherent Paule ARNAL
Adresse mail paule.arnal@free.fr existe déjà 
          pour 101 Paule ARNAL - Adhérent non créé 
367 enregistrements dans base FFCAM dont 266 à jour de licence
0 nouvelles adhésions / 0 adhérents mis à jour / 266 non traités 
Fin de traitement 2022-12-03 22:15:04
 