Début de traitement 2023-02-18 02:15:01
Données session apiFFCAM vide - lancement API
Import du 18-01-2023 02:15:01 Cron
Extraction SOAP : 383 adhérents extraits
Attention erreur sur données de base pour 591 Clemence FAURE
Licencié 750420239049 - Paule ARNAL => pas trouvé d'adhérent correspondant exactemement
Création adherent Paule ARNAL
Adresse mail paule.arnal@free.fr existe déjà 
          pour 101 Paule ARNAL - Adhérent non créé 
383 enregistrements dans base FFCAM dont 296 à jour de licence
0 nouvelles adhésions / 0 adhérents mis à jour / 296 non traités 
Fin de traitement 2023-01-18 02:15:04
 Début de traitement 2023-10-18 10:15:02
Données session apiFFCAM vide - lancement API
Import du 18-01-2023 10:15:02 Cron
Extraction SOAP : 383 adhérents extraits
Attention erreur sur données de base pour 591 Clemence FAURE
Licencié 750420239049 - Paule ARNAL => pas trouvé d'adhérent correspondant exactemement
Création adherent Paule ARNAL
Adresse mail paule.arnal@free.fr existe déjà 
          pour 101 Paule ARNAL - Adhérent non créé 
383 enregistrements dans base FFCAM dont 296 à jour de licence
0 nouvelles adhésions / 0 adhérents mis à jour / 296 non traités 
Fin de traitement 2023-01-18 10:15:05
 Début de traitement 2023-02-18 14:15:01
Données session apiFFCAM vide - lancement API
Import du 18-01-2023 14:15:01 Cron
Extraction SOAP : 383 adhérents extraits
Attention erreur sur données de base pour 591 Clemence FAURE
Licencié 750420239049 - Paule ARNAL => pas trouvé d'adhérent correspondant exactemement
Création adherent Paule ARNAL
Adresse mail paule.arnal@free.fr existe déjà 
          pour 101 Paule ARNAL - Adhérent non créé 
383 enregistrements dans base FFCAM dont 296 à jour de licence
0 nouvelles adhésions / 0 adhérents mis à jour / 296 non traités 
Fin de traitement 2023-01-18 14:15:04
 Début de traitement 2023-06-18 18:15:06
Données session apiFFCAM vide - lancement API
Import du 18-01-2023 18:15:06 Cron
Extraction SOAP : 383 adhérents extraits
Attention erreur sur données de base pour 591 Clemence FAURE
Licencié 750420239049 - Paule ARNAL => pas trouvé d'adhérent correspondant exactemement
Création adherent Paule ARNAL
Adresse mail paule.arnal@free.fr existe déjà 
          pour 101 Paule ARNAL - Adhérent non créé 
383 enregistrements dans base FFCAM dont 296 à jour de licence
0 nouvelles adhésions / 0 adhérents mis à jour / 296 non traités 
Fin de traitement 2023-01-18 18:15:09
 Début de traitement 2023-10-18 22:15:02
Données session apiFFCAM vide - lancement API
Import du 18-01-2023 22:15:02 Cron
Extraction SOAP : 383 adhérents extraits
Attention erreur sur données de base pour 591 Clemence FAURE
Licencié 750420239049 - Paule ARNAL => pas trouvé d'adhérent correspondant exactemement
Création adherent Paule ARNAL
Adresse mail paule.arnal@free.fr existe déjà 
          pour 101 Paule ARNAL - Adhérent non créé 
383 enregistrements dans base FFCAM dont 296 à jour de licence
0 nouvelles adhésions / 0 adhérents mis à jour / 296 non traités 
Fin de traitement 2023-01-18 22:15:04
 