Début de traitement 2022-02-04 02:15:02
Données session apiFFCAM vide - lancement API
Import du 04-11-2022 02:15:02 Cron
Extraction SOAP : 358 adhérents extraits
358 enregistrements dans base FFCAM dont 238 à jour de licence
0 nouvelles adhésions / 0 adhérents mis à jour / 238 non traités 
Fin de traitement 2022-11-04 02:15:04
 Début de traitement 2022-10-04 10:15:01
Données session apiFFCAM vide - lancement API
Import du 04-11-2022 10:15:01 Cron
Extraction SOAP : 358 adhérents extraits
358 enregistrements dans base FFCAM dont 238 à jour de licence
0 nouvelles adhésions / 0 adhérents mis à jour / 238 non traités 
Fin de traitement 2022-11-04 10:15:04
 Début de traitement 2022-02-04 14:15:02
Données session apiFFCAM vide - lancement API
Import du 04-11-2022 14:15:02 Cron
Extraction SOAP : 358 adhérents extraits
Mise à jour adhésion pour 567 - Clemence LE COEUR
358 enregistrements dans base FFCAM dont 239 à jour de licence
0 nouvelles adhésions / 1 adhérents mis à jour / 238 non traités 
Fin de traitement 2022-11-04 14:15:04
 Début de traitement 2022-06-04 18:15:01
Données session apiFFCAM vide - lancement API
Import du 04-11-2022 18:15:01 Cron
Extraction SOAP : 358 adhérents extraits
Modification d'écarts de données email pour 148 - Thibaut DEVOLDER
358 enregistrements dans base FFCAM dont 239 à jour de licence
0 nouvelles adhésions / 0 adhérents mis à jour / 239 non traités 
Fin de traitement 2022-11-04 18:15:04
 Début de traitement 2022-10-04 22:15:06
Données session apiFFCAM vide - lancement API
Import du 04-11-2022 22:15:06 Cron
Extraction SOAP : 358 adhérents extraits
Mise à jour adhésion pour 1160 - Adrien LAVERSANNE-FINOT
358 enregistrements dans base FFCAM dont 240 à jour de licence
0 nouvelles adhésions / 1 adhérents mis à jour / 239 non traités 
Fin de traitement 2022-11-04 22:15:09
 