Début de traitement 2023-02-03 02:15:01
Données session apiFFCAM vide - lancement API
Import du 03-04-2023 02:15:01 Cron
Extraction SOAP : 392 adhérents extraits
392 enregistrements dans base FFCAM dont 312 à jour de licence
0 nouvelles adhésions / 0 adhérents mis à jour / 312 non traités 
Fin de traitement 2023-04-03 02:15:04
 Début de traitement 2023-10-03 10:15:01
Données session apiFFCAM vide - lancement API
Import du 03-04-2023 10:15:01 Cron
Extraction SOAP : 392 adhérents extraits
392 enregistrements dans base FFCAM dont 312 à jour de licence
0 nouvelles adhésions / 0 adhérents mis à jour / 312 non traités 
Fin de traitement 2023-04-03 10:15:04
 Début de traitement 2023-02-03 14:15:01
Données session apiFFCAM vide - lancement API
Import du 03-04-2023 14:15:01 Cron
Extraction SOAP : 392 adhérents extraits
392 enregistrements dans base FFCAM dont 312 à jour de licence
0 nouvelles adhésions / 0 adhérents mis à jour / 312 non traités 
Fin de traitement 2023-04-03 14:15:04
 Début de traitement 2023-06-03 18:15:01
Données session apiFFCAM vide - lancement API
Import du 03-04-2023 18:15:01 Cron
Extraction SOAP : 392 adhérents extraits
392 enregistrements dans base FFCAM dont 312 à jour de licence
0 nouvelles adhésions / 0 adhérents mis à jour / 312 non traités 
Fin de traitement 2023-04-03 18:15:04
 Début de traitement 2023-10-03 22:15:01
Données session apiFFCAM vide - lancement API
Import du 03-04-2023 22:15:01 Cron
Extraction SOAP : 392 adhérents extraits
Mise à jour adhésion pour 1470 - Celia DE MESMAY
Modification d'écarts de données cb_adresse pour 1470 - Celia DE MESMAY
Données cb_codepostal rectifiée pour 1470 - Celia DE MESMAY
392 enregistrements dans base FFCAM dont 313 à jour de licence
0 nouvelles adhésions / 1 adhérents mis à jour / 312 non traités 
Fin de traitement 2023-04-03 22:15:04
 