Début de traitement 2022-02-05 02:15:01
Données session apiFFCAM vide - lancement API
Import du 05-09-2022 02:15:01 Cron
Extraction SOAP : 323 adhérents extraits
Mise à jour adhésion pour 331 - Patrick DEROUIN
Mise à jour adhésion pour 1535 - Jocelyn ROBAIL
Données cb_adresse rectifiée pour 1535 - Jocelyn ROBAIL
323 enregistrements dans base FFCAM dont 31 à jour de licence
0 nouvelles adhésions / 2 adhérents mis à jour / 29 non traités 
Fin de traitement 2022-09-05 02:15:03
 Début de traitement 2022-10-05 10:15:02
Données session apiFFCAM vide - lancement API
Import du 05-09-2022 10:15:02 Cron
Extraction SOAP : 323 adhérents extraits
Mise à jour adhésion pour 1473 - Xavier MARAND
Mise à jour adhésion pour 1531 - Maixent GENET
323 enregistrements dans base FFCAM dont 33 à jour de licence
0 nouvelles adhésions / 2 adhérents mis à jour / 31 non traités 
Fin de traitement 2022-09-05 10:15:06
 Début de traitement 2022-02-05 14:15:01
Données session apiFFCAM vide - lancement API
Import du 05-09-2022 14:15:01 Cron
Extraction SOAP : 324 adhérents extraits
Mise à jour adhésion pour 1337 - Nicolas MARTIN
Mise à jour adhésion pour 1064 - Perine ROLAND-GOSSELIN
Mise à jour adhésion pour 1410 - Marie DELACOURT
Mise à jour adhésion pour 400 - Thibault DARGENT
Création d'écarts de données cb_adresse2 pour 400 - Thibault DARGENT
Licencié 750420239008 - Emmanuel DE MARTEL => pas trouvé d'adhérent correspondant exactemement
Création adherent Emmanuel DE MARTEL
Insertion de Emmanuel DE MARTEL dans user => id = 1598
Insertion de Emmanuel DE MARTEL  dans usergroup_map
Insertion dans comprofiler de Emmanuel DE MARTEL
324 enregistrements dans base FFCAM dont 38 à jour de licence
0 nouvelles adhésions / 4 adhérents mis à jour / 34 non traités 
Fin de traitement 2022-09-05 14:15:03
 Début de traitement 2022-06-05 18:15:01
Données session apiFFCAM vide - lancement API
Import du 05-09-2022 18:15:01 Cron
Extraction SOAP : 324 adhérents extraits
Mise à jour adhésion pour 148 - Thibaut DEVOLDER
Mise à jour adhésion pour 227 - Vanessa MENGELING
Mise à jour adhésion pour 1177 - Jerome HAGUENIN
Mise à jour adhésion pour 1484 - Paul DES GARETS
Mise à jour adhésion pour 1428 - Charlotte HOUANG
Création d'écarts de données cb_adresse pour 1428 - Charlotte HOUANG
Création d'écarts de données cb_mobile pour 1428 - Charlotte HOUANG
Mise à jour adhésion pour 1152 - Nicolai DEVOLDER
Mise à jour adhésion pour 1153 - Kena DEVOLDER
324 enregistrements dans base FFCAM dont 45 à jour de licence
0 nouvelles adhésions / 7 adhérents mis à jour / 38 non traités 
Fin de traitement 2022-09-05 18:15:03
 Début de traitement 2022-10-05 22:15:02
Données session apiFFCAM vide - lancement API
Import du 05-09-2022 22:15:02 Cron
Extraction SOAP : 325 adhérents extraits
Mise à jour adhésion pour 791 - Denis BRIN
Mise à jour adhésion pour 1339 - Jerome GAILLARD
Création d'écarts de données cb_adresse pour 1339 - Jerome GAILLARD
Licencié 750420239009 - Claire PILIDJIAN => pas trouvé d'adhérent correspondant exactemement
Création adherent Claire PILIDJIAN
Insertion de Claire PILIDJIAN dans user => id = 1599
Insertion de Claire PILIDJIAN  dans usergroup_map
Insertion dans comprofiler de Claire PILIDJIAN
325 enregistrements dans base FFCAM dont 48 à jour de licence
0 nouvelles adhésions / 2 adhérents mis à jour / 46 non traités 
Fin de traitement 2022-09-05 22:15:03
 