Début de traitement 2022-02-20 02:15:01
Données session apiFFCAM vide - lancement API
Import du 20-10-2022 02:15:01 Cron
Extraction SOAP : 354 adhérents extraits
354 enregistrements dans base FFCAM dont 209 à jour de licence
0 nouvelles adhésions / 0 adhérents mis à jour / 209 non traités 
Fin de traitement 2022-10-20 02:15:04
 Début de traitement 2022-10-20 10:15:02
Données session apiFFCAM vide - lancement API
Import du 20-10-2022 10:15:02 Cron
Extraction SOAP : 354 adhérents extraits
354 enregistrements dans base FFCAM dont 209 à jour de licence
0 nouvelles adhésions / 0 adhérents mis à jour / 209 non traités 
Fin de traitement 2022-10-20 10:15:04
 Début de traitement 2022-02-20 14:15:02
Données session apiFFCAM vide - lancement API
Import du 20-10-2022 14:15:02 Cron
Extraction SOAP : 354 adhérents extraits
354 enregistrements dans base FFCAM dont 209 à jour de licence
0 nouvelles adhésions / 0 adhérents mis à jour / 209 non traités 
Fin de traitement 2022-10-20 14:15:05
 Début de traitement 2022-06-20 18:15:01
Données session apiFFCAM vide - lancement API
Import du 20-10-2022 18:15:01 Cron
Extraction SOAP : 354 adhérents extraits
354 enregistrements dans base FFCAM dont 209 à jour de licence
0 nouvelles adhésions / 0 adhérents mis à jour / 209 non traités 
Fin de traitement 2022-10-20 18:15:04
 Début de traitement 2022-10-20 22:15:01
Données session apiFFCAM vide - lancement API
Import du 20-10-2022 22:15:01 Cron
Extraction SOAP : 354 adhérents extraits
354 enregistrements dans base FFCAM dont 209 à jour de licence
0 nouvelles adhésions / 0 adhérents mis à jour / 209 non traités 
Fin de traitement 2022-10-20 22:15:04
 