Début de traitement 2022-02-19 02:15:02
Données session apiFFCAM vide - lancement API
Import du 19-12-2022 02:15:02 Cron
Extraction SOAP : 373 adhérents extraits
Attention erreur sur données de base pour 591 Clemence FAURE
Licencié 750420239049 - Paule ARNAL => pas trouvé d'adhérent correspondant exactemement
Création adherent Paule ARNAL
Adresse mail paule.arnal@free.fr existe déjà 
          pour 101 Paule ARNAL - Adhérent non créé 
373 enregistrements dans base FFCAM dont 279 à jour de licence
0 nouvelles adhésions / 0 adhérents mis à jour / 279 non traités 
Fin de traitement 2022-12-19 02:15:04
 Début de traitement 2022-10-19 10:15:03
Données session apiFFCAM vide - lancement API
Import du 19-12-2022 10:15:03 Cron
Extraction SOAP : 373 adhérents extraits
Attention erreur sur données de base pour 591 Clemence FAURE
Licencié 750420239049 - Paule ARNAL => pas trouvé d'adhérent correspondant exactemement
Création adherent Paule ARNAL
Adresse mail paule.arnal@free.fr existe déjà 
          pour 101 Paule ARNAL - Adhérent non créé 
373 enregistrements dans base FFCAM dont 279 à jour de licence
0 nouvelles adhésions / 0 adhérents mis à jour / 279 non traités 
Fin de traitement 2022-12-19 10:15:11
 Début de traitement 2022-02-19 14:15:01
Données session apiFFCAM vide - lancement API
Import du 19-12-2022 14:15:01 Cron
Extraction SOAP : 373 adhérents extraits
Attention erreur sur données de base pour 591 Clemence FAURE
Licencié 750420239049 - Paule ARNAL => pas trouvé d'adhérent correspondant exactemement
Création adherent Paule ARNAL
Adresse mail paule.arnal@free.fr existe déjà 
          pour 101 Paule ARNAL - Adhérent non créé 
373 enregistrements dans base FFCAM dont 279 à jour de licence
0 nouvelles adhésions / 0 adhérents mis à jour / 279 non traités 
Fin de traitement 2022-12-19 14:15:04
 Début de traitement 2022-06-19 18:15:06
Données session apiFFCAM vide - lancement API
Import du 19-12-2022 18:15:06 Cron
Extraction SOAP : 373 adhérents extraits
Attention erreur sur données de base pour 591 Clemence FAURE
Licencié 750420239049 - Paule ARNAL => pas trouvé d'adhérent correspondant exactemement
Création adherent Paule ARNAL
Adresse mail paule.arnal@free.fr existe déjà 
          pour 101 Paule ARNAL - Adhérent non créé 
373 enregistrements dans base FFCAM dont 279 à jour de licence
0 nouvelles adhésions / 0 adhérents mis à jour / 279 non traités 
Fin de traitement 2022-12-19 18:15:11
 Début de traitement 2022-10-19 22:15:01
Données session apiFFCAM vide - lancement API
Import du 19-12-2022 22:15:01 Cron
Extraction SOAP : 373 adhérents extraits
Attention erreur sur données de base pour 591 Clemence FAURE
Licencié 750420239049 - Paule ARNAL => pas trouvé d'adhérent correspondant exactemement
Création adherent Paule ARNAL
Adresse mail paule.arnal@free.fr existe déjà 
          pour 101 Paule ARNAL - Adhérent non créé 
373 enregistrements dans base FFCAM dont 279 à jour de licence
0 nouvelles adhésions / 0 adhérents mis à jour / 279 non traités 
Fin de traitement 2022-12-19 22:15:04
 