Début de traitement 2023-02-07 02:15:02
Données session apiFFCAM vide - lancement API
Import du 07-04-2023 02:15:02 Cron
Extraction SOAP : 392 adhérents extraits
392 enregistrements dans base FFCAM dont 313 à jour de licence
0 nouvelles adhésions / 0 adhérents mis à jour / 313 non traités 
Fin de traitement 2023-04-07 02:15:04
 Début de traitement 2023-10-07 10:15:06
Données session apiFFCAM vide - lancement API
Import du 07-04-2023 10:15:06 Cron
Extraction SOAP : 392 adhérents extraits
392 enregistrements dans base FFCAM dont 313 à jour de licence
0 nouvelles adhésions / 0 adhérents mis à jour / 313 non traités 
Fin de traitement 2023-04-07 10:15:09
 Début de traitement 2023-02-07 14:15:01
Données session apiFFCAM vide - lancement API
Import du 07-04-2023 14:15:01 Cron
Extraction SOAP : 392 adhérents extraits
392 enregistrements dans base FFCAM dont 313 à jour de licence
0 nouvelles adhésions / 0 adhérents mis à jour / 313 non traités 
Fin de traitement 2023-04-07 14:15:04
 Début de traitement 2023-06-07 18:15:01
Données session apiFFCAM vide - lancement API
Import du 07-04-2023 18:15:01 Cron
Extraction SOAP : 392 adhérents extraits
392 enregistrements dans base FFCAM dont 313 à jour de licence
0 nouvelles adhésions / 0 adhérents mis à jour / 313 non traités 
Fin de traitement 2023-04-07 18:15:08
 Début de traitement 2023-10-07 22:15:02
Données session apiFFCAM vide - lancement API
Import du 07-04-2023 22:15:02 Cron
Extraction SOAP : 392 adhérents extraits
392 enregistrements dans base FFCAM dont 313 à jour de licence
0 nouvelles adhésions / 0 adhérents mis à jour / 313 non traités 
Fin de traitement 2023-04-07 22:15:05
 