Début de traitement 2023-12-17 00:49:00
Données session apiFFCAM vide - lancement API
Import du 17-03-2023 00:49:00 Benoit D'HALLUIN (62)
Extraction SOAP : 392 adhérents extraits
Données cb_datenaissance rectifiée pour 101 - Paule ARNAL
392 enregistrements dans base FFCAM dont 311 à jour de licence
0 nouvelles adhésions / 0 adhérents mis à jour / 311 non traités 
Fin de traitement 2023-03-17 00:49:03
 Début de traitement 2023-02-17 02:15:01
Données session apiFFCAM vide - lancement API
Import du 17-03-2023 02:15:01 Cron
Extraction SOAP : 392 adhérents extraits
392 enregistrements dans base FFCAM dont 311 à jour de licence
0 nouvelles adhésions / 0 adhérents mis à jour / 311 non traités 
Fin de traitement 2023-03-17 02:15:04
 Début de traitement 2023-08-17 08:36:04
Données session apiFFCAM vide - lancement API
Import du 17-03-2023 08:36:04 Benoit D'HALLUIN (62)
Extraction SOAP : 392 adhérents extraits
392 enregistrements dans base FFCAM dont 311 à jour de licence
0 nouvelles adhésions / 0 adhérents mis à jour / 311 non traités 
Fin de traitement 2023-03-17 08:36:07
 Début de traitement 2023-10-17 10:15:01
Données session apiFFCAM vide - lancement API
Import du 17-03-2023 10:15:01 Cron
Extraction SOAP : 392 adhérents extraits
392 enregistrements dans base FFCAM dont 311 à jour de licence
0 nouvelles adhésions / 0 adhérents mis à jour / 311 non traités 
Fin de traitement 2023-03-17 10:15:04
 Début de traitement 2023-02-17 14:15:01
Données session apiFFCAM vide - lancement API
Import du 17-03-2023 14:15:01 Cron
Extraction SOAP : 392 adhérents extraits
392 enregistrements dans base FFCAM dont 311 à jour de licence
0 nouvelles adhésions / 0 adhérents mis à jour / 311 non traités 
Fin de traitement 2023-03-17 14:15:04
 Début de traitement 2023-06-17 18:15:02
Données session apiFFCAM vide - lancement API
Import du 17-03-2023 18:15:02 Cron
Extraction SOAP : 392 adhérents extraits
392 enregistrements dans base FFCAM dont 311 à jour de licence
0 nouvelles adhésions / 0 adhérents mis à jour / 311 non traités 
Fin de traitement 2023-03-17 18:15:07
 Début de traitement 2023-10-17 22:15:01
Données session apiFFCAM vide - lancement API
Import du 17-03-2023 22:15:01 Cron
Extraction SOAP : 392 adhérents extraits
392 enregistrements dans base FFCAM dont 311 à jour de licence
0 nouvelles adhésions / 0 adhérents mis à jour / 311 non traités 
Fin de traitement 2023-03-17 22:15:04
 