Début de traitement 2023-02-02 02:15:02
Données session apiFFCAM vide - lancement API
Import du 02-08-2023 02:15:02 Cron
Extraction SOAP : 397 adhérents extraits
397 enregistrements dans base FFCAM dont 321 à jour de licence
0 nouvelles adhésions / 0 adhérents mis à jour / 321 non traités 
Fin de traitement 2023-08-02 02:15:05
 Début de traitement 2023-10-02 10:15:02
Données session apiFFCAM vide - lancement API
Import du 02-08-2023 10:15:02 Cron
Extraction SOAP : 397 adhérents extraits
397 enregistrements dans base FFCAM dont 321 à jour de licence
0 nouvelles adhésions / 0 adhérents mis à jour / 321 non traités 
Fin de traitement 2023-08-02 10:15:05
 Début de traitement 2023-02-02 14:15:07
Données session apiFFCAM vide - lancement API
Import du 02-08-2023 14:15:07 Cron
Extraction SOAP : 397 adhérents extraits
397 enregistrements dans base FFCAM dont 321 à jour de licence
0 nouvelles adhésions / 0 adhérents mis à jour / 321 non traités 
Fin de traitement 2023-08-02 14:15:10
 Début de traitement 2023-06-02 18:15:02
Données session apiFFCAM vide - lancement API
Import du 02-08-2023 18:15:02 Cron
Extraction SOAP : 397 adhérents extraits
397 enregistrements dans base FFCAM dont 321 à jour de licence
0 nouvelles adhésions / 0 adhérents mis à jour / 321 non traités 
Fin de traitement 2023-08-02 18:15:05
 Début de traitement 2023-10-02 22:15:02
Données session apiFFCAM vide - lancement API
Import du 02-08-2023 22:15:02 Cron
Extraction SOAP : 397 adhérents extraits
397 enregistrements dans base FFCAM dont 321 à jour de licence
0 nouvelles adhésions / 0 adhérents mis à jour / 321 non traités 
Fin de traitement 2023-08-02 22:15:05
 