Début de traitement 2022-02-28 02:15:01
Données session apiFFCAM vide - lancement API
Import du 28-08-2022 02:15:01 Cron
Extraction SOAP : 316 adhérents extraits
316 enregistrements dans base FFCAM dont 0 à jour de licence
0 nouvelles adhésions / 0 adhérents mis à jour / 0 non traités 
Fin de traitement 2022-02-28 02:15:02
 Début de traitement 2022-10-28 10:15:01
Données session apiFFCAM vide - lancement API
Import du 28-08-2022 10:15:01 Cron
Extraction SOAP : 316 adhérents extraits
316 enregistrements dans base FFCAM dont 0 à jour de licence
0 nouvelles adhésions / 0 adhérents mis à jour / 0 non traités 
Fin de traitement 2022-10-28 10:15:02
 Début de traitement 2022-02-28 14:15:01
Données session apiFFCAM vide - lancement API
Import du 28-08-2022 14:15:01 Cron
Extraction SOAP : 316 adhérents extraits
316 enregistrements dans base FFCAM dont 0 à jour de licence
0 nouvelles adhésions / 0 adhérents mis à jour / 0 non traités 
Fin de traitement 2022-02-28 14:15:02
 Début de traitement 2022-06-28 18:15:02
Données session apiFFCAM vide - lancement API
Import du 28-08-2022 18:15:02 Cron
Extraction SOAP : 316 adhérents extraits
316 enregistrements dans base FFCAM dont 0 à jour de licence
0 nouvelles adhésions / 0 adhérents mis à jour / 0 non traités 
Fin de traitement 2022-06-28 18:15:03
 Début de traitement 2022-10-28 22:15:01
Données session apiFFCAM vide - lancement API
Import du 28-08-2022 22:15:01 Cron
Extraction SOAP : 316 adhérents extraits
316 enregistrements dans base FFCAM dont 0 à jour de licence
0 nouvelles adhésions / 0 adhérents mis à jour / 0 non traités 
Fin de traitement 2022-10-28 22:15:02
 