Début de traitement 2023-02-14 02:15:02
Données session apiFFCAM vide - lancement API
Import du 14-02-2023 02:15:02 Cron
Extraction SOAP : 390 adhérents extraits
Attention erreur sur données de base pour 591 Clemence FAURE
Licencié 750420239049 - Paule ARNAL => pas trouvé d'adhérent correspondant exactemement
Création adherent Paule ARNAL
Adresse mail paule.arnal@free.fr existe déjà 
          pour 101 Paule ARNAL - Adhérent non créé 
390 enregistrements dans base FFCAM dont 306 à jour de licence
0 nouvelles adhésions / 0 adhérents mis à jour / 306 non traités 
Fin de traitement 2023-02-14 02:15:05
 Début de traitement 2023-10-14 10:15:02
Données session apiFFCAM vide - lancement API
Import du 14-02-2023 10:15:02 Cron
Extraction SOAP : 390 adhérents extraits
Attention erreur sur données de base pour 591 Clemence FAURE
Licencié 750420239049 - Paule ARNAL => pas trouvé d'adhérent correspondant exactemement
Création adherent Paule ARNAL
Adresse mail paule.arnal@free.fr existe déjà 
          pour 101 Paule ARNAL - Adhérent non créé 
390 enregistrements dans base FFCAM dont 306 à jour de licence
0 nouvelles adhésions / 0 adhérents mis à jour / 306 non traités 
Fin de traitement 2023-02-14 10:15:04
 Début de traitement 2023-02-14 14:15:01
Données session apiFFCAM vide - lancement API
Import du 14-02-2023 14:15:01 Cron
Extraction SOAP : 390 adhérents extraits
Attention erreur sur données de base pour 591 Clemence FAURE
Licencié 750420239049 - Paule ARNAL => pas trouvé d'adhérent correspondant exactemement
Création adherent Paule ARNAL
Adresse mail paule.arnal@free.fr existe déjà 
          pour 101 Paule ARNAL - Adhérent non créé 
390 enregistrements dans base FFCAM dont 306 à jour de licence
0 nouvelles adhésions / 0 adhérents mis à jour / 306 non traités 
Fin de traitement 2023-02-14 14:15:04
 Début de traitement 2023-06-14 18:15:02
Données session apiFFCAM vide - lancement API
Import du 14-02-2023 18:15:02 Cron
Extraction SOAP : 390 adhérents extraits
Attention erreur sur données de base pour 591 Clemence FAURE
Licencié 750420239049 - Paule ARNAL => pas trouvé d'adhérent correspondant exactemement
Création adherent Paule ARNAL
Adresse mail paule.arnal@free.fr existe déjà 
          pour 101 Paule ARNAL - Adhérent non créé 
390 enregistrements dans base FFCAM dont 306 à jour de licence
0 nouvelles adhésions / 0 adhérents mis à jour / 306 non traités 
Fin de traitement 2023-02-14 18:15:05
 Début de traitement 2023-10-14 22:15:02
Données session apiFFCAM vide - lancement API
Import du 14-02-2023 22:15:02 Cron
Extraction SOAP : 390 adhérents extraits
Attention erreur sur données de base pour 591 Clemence FAURE
Licencié 750420239049 - Paule ARNAL => pas trouvé d'adhérent correspondant exactemement
Création adherent Paule ARNAL
Adresse mail paule.arnal@free.fr existe déjà 
          pour 101 Paule ARNAL - Adhérent non créé 
390 enregistrements dans base FFCAM dont 306 à jour de licence
0 nouvelles adhésions / 0 adhérents mis à jour / 306 non traités 
Fin de traitement 2023-02-14 22:15:05
 