Début de traitement 2023-02-15 02:15:01
Données session apiFFCAM vide - lancement API
Import du 15-07-2023 02:15:01 Cron
Extraction SOAP : 396 adhérents extraits
396 enregistrements dans base FFCAM dont 320 à jour de licence
0 nouvelles adhésions / 0 adhérents mis à jour / 320 non traités 
Fin de traitement 2023-07-15 02:15:04
 Début de traitement 2023-10-15 10:15:02
Données session apiFFCAM vide - lancement API
Import du 15-07-2023 10:15:02 Cron
Extraction SOAP : 396 adhérents extraits
396 enregistrements dans base FFCAM dont 320 à jour de licence
0 nouvelles adhésions / 0 adhérents mis à jour / 320 non traités 
Fin de traitement 2023-07-15 10:15:05
 Début de traitement 2023-02-15 14:15:02
Données session apiFFCAM vide - lancement API
Import du 15-07-2023 14:15:02 Cron
Extraction SOAP : 396 adhérents extraits
396 enregistrements dans base FFCAM dont 320 à jour de licence
0 nouvelles adhésions / 0 adhérents mis à jour / 320 non traités 
Fin de traitement 2023-07-15 14:15:05
 Début de traitement 2023-06-15 18:15:02
Données session apiFFCAM vide - lancement API
Import du 15-07-2023 18:15:02 Cron
Extraction SOAP : 396 adhérents extraits
396 enregistrements dans base FFCAM dont 320 à jour de licence
0 nouvelles adhésions / 0 adhérents mis à jour / 320 non traités 
Fin de traitement 2023-07-15 18:15:05
 Début de traitement 2023-10-15 22:15:01
Données session apiFFCAM vide - lancement API
Import du 15-07-2023 22:15:01 Cron
Extraction SOAP : 396 adhérents extraits
396 enregistrements dans base FFCAM dont 320 à jour de licence
0 nouvelles adhésions / 0 adhérents mis à jour / 320 non traités 
Fin de traitement 2023-07-15 22:15:05
 