Début de traitement 2022-02-07 02:15:01
Données session apiFFCAM vide - lancement API
Import du 07-10-2022 02:15:01 Cron
Extraction SOAP : 350 adhérents extraits
350 enregistrements dans base FFCAM dont 187 à jour de licence
0 nouvelles adhésions / 0 adhérents mis à jour / 187 non traités 
Fin de traitement 2022-10-07 02:15:04
 Début de traitement 2022-10-07 10:15:01
Données session apiFFCAM vide - lancement API
Import du 07-10-2022 10:15:01 Cron
Extraction SOAP : 350 adhérents extraits
350 enregistrements dans base FFCAM dont 187 à jour de licence
0 nouvelles adhésions / 0 adhérents mis à jour / 187 non traités 
Fin de traitement 2022-10-07 10:15:04
 Début de traitement 2022-02-07 14:15:01
Données session apiFFCAM vide - lancement API
Import du 07-10-2022 14:15:01 Cron
Extraction SOAP : 350 adhérents extraits
Mise à jour adhésion pour 76 - Yves DELARUE
Mise à jour adhésion pour 484 - Guillaume DELMON
350 enregistrements dans base FFCAM dont 189 à jour de licence
0 nouvelles adhésions / 2 adhérents mis à jour / 187 non traités 
Fin de traitement 2022-10-07 14:15:03
 Début de traitement 2022-06-07 18:15:01
Données session apiFFCAM vide - lancement API
Import du 07-10-2022 18:15:01 Cron
Extraction SOAP : 350 adhérents extraits
350 enregistrements dans base FFCAM dont 189 à jour de licence
0 nouvelles adhésions / 0 adhérents mis à jour / 189 non traités 
Fin de traitement 2022-10-07 18:15:03
 Début de traitement 2022-10-07 22:15:01
Données session apiFFCAM vide - lancement API
Import du 07-10-2022 22:15:01 Cron
Extraction SOAP : 350 adhérents extraits
350 enregistrements dans base FFCAM dont 189 à jour de licence
0 nouvelles adhésions / 0 adhérents mis à jour / 189 non traités 
Fin de traitement 2022-10-07 22:15:03
 