Début de traitement 2023-02-16 02:15:01
Données session apiFFCAM vide - lancement API
Import du 16-02-2023 02:15:01 Cron
Extraction SOAP : 390 adhérents extraits
Attention erreur sur données de base pour 591 Clemence FAURE
Licencié 750420239049 - Paule ARNAL => pas trouvé d'adhérent correspondant exactemement
Création adherent Paule ARNAL
Adresse mail paule.arnal@free.fr existe déjà 
          pour 101 Paule ARNAL - Adhérent non créé 
390 enregistrements dans base FFCAM dont 306 à jour de licence
0 nouvelles adhésions / 0 adhérents mis à jour / 306 non traités 
Fin de traitement 2023-02-16 02:15:04
 Début de traitement 2023-10-16 10:15:02
Données session apiFFCAM vide - lancement API
Import du 16-02-2023 10:15:02 Cron
Extraction SOAP : 390 adhérents extraits
Attention erreur sur données de base pour 591 Clemence FAURE
Licencié 750420239049 - Paule ARNAL => pas trouvé d'adhérent correspondant exactemement
Création adherent Paule ARNAL
Adresse mail paule.arnal@free.fr existe déjà 
          pour 101 Paule ARNAL - Adhérent non créé 
390 enregistrements dans base FFCAM dont 306 à jour de licence
0 nouvelles adhésions / 0 adhérents mis à jour / 306 non traités 
Fin de traitement 2023-02-16 10:15:05
 Début de traitement 2023-02-16 14:15:01
Données session apiFFCAM vide - lancement API
Import du 16-02-2023 14:15:01 Cron
Extraction SOAP : 390 adhérents extraits
Attention erreur sur données de base pour 591 Clemence FAURE
Mise à jour adhésion pour 1142 - Armelle BOURET
Licencié 750420239049 - Paule ARNAL => pas trouvé d'adhérent correspondant exactemement
Création adherent Paule ARNAL
Adresse mail paule.arnal@free.fr existe déjà 
          pour 101 Paule ARNAL - Adhérent non créé 
390 enregistrements dans base FFCAM dont 307 à jour de licence
0 nouvelles adhésions / 1 adhérents mis à jour / 306 non traités 
Fin de traitement 2023-02-16 14:15:04
 Début de traitement 2023-06-16 18:15:01
Données session apiFFCAM vide - lancement API
Import du 16-02-2023 18:15:01 Cron
Extraction SOAP : 390 adhérents extraits
Attention erreur sur données de base pour 591 Clemence FAURE
Licencié 750420239049 - Paule ARNAL => pas trouvé d'adhérent correspondant exactemement
Création adherent Paule ARNAL
Adresse mail paule.arnal@free.fr existe déjà 
          pour 101 Paule ARNAL - Adhérent non créé 
390 enregistrements dans base FFCAM dont 307 à jour de licence
0 nouvelles adhésions / 0 adhérents mis à jour / 307 non traités 
Fin de traitement 2023-02-16 18:15:07
 Début de traitement 2023-10-16 22:15:02
Données session apiFFCAM vide - lancement API
Import du 16-02-2023 22:15:02 Cron
Extraction SOAP : 390 adhérents extraits
Attention erreur sur données de base pour 591 Clemence FAURE
Licencié 750420239049 - Paule ARNAL => pas trouvé d'adhérent correspondant exactemement
Création adherent Paule ARNAL
Adresse mail paule.arnal@free.fr existe déjà 
          pour 101 Paule ARNAL - Adhérent non créé 
390 enregistrements dans base FFCAM dont 307 à jour de licence
0 nouvelles adhésions / 0 adhérents mis à jour / 307 non traités 
Fin de traitement 2023-02-16 22:15:05
 