Début de traitement 2022-02-15 02:15:01
Données session apiFFCAM vide - lancement API
Import du 15-09-2022 02:15:01 Cron
Extraction SOAP : 335 adhérents extraits
Licencié 750420239017 - Brice RAMI => pas trouvé d'adhérent correspondant exactemement
Création adherent Brice RAMI
Adresse mail brice.rami@gmail.com existe déjà 
          pour 1602 Brice RAMI - Adhérent non créé 
335 enregistrements dans base FFCAM dont 96 à jour de licence
0 nouvelles adhésions / 0 adhérents mis à jour / 96 non traités 
Fin de traitement 2022-09-15 02:15:03
 Début de traitement 2022-10-15 10:15:02
Données session apiFFCAM vide - lancement API
Import du 15-09-2022 10:15:02 Cron
Extraction SOAP : 335 adhérents extraits
Licencié 750420239017 - Brice RAMI => pas trouvé d'adhérent correspondant exactemement
Création adherent Brice RAMI
Adresse mail brice.rami@gmail.com existe déjà 
          pour 1602 Brice RAMI - Adhérent non créé 
335 enregistrements dans base FFCAM dont 96 à jour de licence
0 nouvelles adhésions / 0 adhérents mis à jour / 96 non traités 
Fin de traitement 2022-09-15 10:15:05
 Début de traitement 2022-02-15 14:15:01
Données session apiFFCAM vide - lancement API
Import du 15-09-2022 14:15:01 Cron
Extraction SOAP : 336 adhérents extraits
Mise à jour adhésion pour 520 - Julien BAUDRY
Création d'écarts de données cb_adresse2 pour 520 - Julien BAUDRY
Modification d'écarts de données cb_ville pour 520 - Julien BAUDRY
Licencié 750420239017 - Brice RAMI => pas trouvé d'adhérent correspondant exactemement
Création adherent Brice RAMI
Adresse mail brice.rami@gmail.com existe déjà 
          pour 1602 Brice RAMI - Adhérent non créé 
Licencié 750420239020 - Pierre-Emanuel BARBIER => trouvé adhérent proche : 1586 Pierre-Emmanuel BARBIER
336 enregistrements dans base FFCAM dont 98 à jour de licence
0 nouvelles adhésions / 1 adhérents mis à jour / 97 non traités 
Fin de traitement 2022-09-15 14:15:03
 Début de traitement 2022-06-15 18:15:01
Données session apiFFCAM vide - lancement API
Import du 15-09-2022 18:15:01 Cron
Extraction SOAP : 336 adhérents extraits
Mise à jour adhésion pour 1290 - Gema HERRERO CORRAL
Modification d'écarts de données cb_adresse pour 1290 - Gema HERRERO CORRAL
Modification d'écarts de données cb_adresse2 pour 1290 - Gema HERRERO CORRAL
Modification d'écarts de données cb_adresse pour 1519 - Rodrigo GRANADO MARTINEZ
Modification d'écarts de données cb_adresse2 pour 1519 - Rodrigo GRANADO MARTINEZ
Données cb_codepostal rectifiée pour 1519 - Rodrigo GRANADO MARTINEZ
Données cb_ville rectifiée pour 1519 - Rodrigo GRANADO MARTINEZ
Licencié 750420239017 - Brice RAMI => pas trouvé d'adhérent correspondant exactemement
Création adherent Brice RAMI
Adresse mail brice.rami@gmail.com existe déjà 
          pour 1602 Brice RAMI - Adhérent non créé 
Licencié 750420239020 - Pierre-Emanuel BARBIER => trouvé adhérent proche : 1586 Pierre-Emmanuel BARBIER
336 enregistrements dans base FFCAM dont 99 à jour de licence
0 nouvelles adhésions / 1 adhérents mis à jour / 98 non traités 
Fin de traitement 2022-09-15 18:15:03
 Début de traitement 2022-10-15 22:15:01
Données session apiFFCAM vide - lancement API
Import du 15-09-2022 22:15:01 Cron
Extraction SOAP : 336 adhérents extraits
Mise à jour adhésion pour 128 - Sylvie CHATELON
Modification d'écarts de données cb_mobile pour 128 - Sylvie CHATELON
Mise à jour adhésion pour 174 - Francois GIUDICELLI
Mise à jour adhésion pour 348 - Claire SOUCAZE
Mise à jour adhésion pour 1526 - Jean-Francois BERRET
Licencié 750420239017 - Brice RAMI => pas trouvé d'adhérent correspondant exactemement
Création adherent Brice RAMI
Adresse mail brice.rami@gmail.com existe déjà 
          pour 1602 Brice RAMI - Adhérent non créé 
Licencié 750420239020 - Pierre-Emanuel BARBIER => trouvé adhérent proche : 1586 Pierre-Emmanuel BARBIER
336 enregistrements dans base FFCAM dont 103 à jour de licence
0 nouvelles adhésions / 4 adhérents mis à jour / 99 non traités 
Fin de traitement 2022-09-15 22:15:03
 