Début de traitement 2022-02-25 02:15:01
Données session apiFFCAM vide - lancement API
Import du 25-10-2022 02:15:01 Cron
Extraction SOAP : 356 adhérents extraits
Mise à jour adhésion pour 702 - Stephane JAUSSOIN
356 enregistrements dans base FFCAM dont 223 à jour de licence
0 nouvelles adhésions / 1 adhérents mis à jour / 222 non traités 
Fin de traitement 2022-10-25 02:15:03
 Début de traitement 2022-10-25 10:15:01
Données session apiFFCAM vide - lancement API
Import du 25-10-2022 10:15:01 Cron
Extraction SOAP : 356 adhérents extraits
356 enregistrements dans base FFCAM dont 223 à jour de licence
0 nouvelles adhésions / 0 adhérents mis à jour / 223 non traités 
Fin de traitement 2022-10-25 10:15:03
 Début de traitement 2022-02-25 14:15:01
Données session apiFFCAM vide - lancement API
Import du 25-10-2022 14:15:01 Cron
Extraction SOAP : 356 adhérents extraits
356 enregistrements dans base FFCAM dont 223 à jour de licence
0 nouvelles adhésions / 0 adhérents mis à jour / 223 non traités 
Fin de traitement 2022-10-25 14:15:04
 Début de traitement 2022-06-25 18:15:02
Données session apiFFCAM vide - lancement API
Import du 25-10-2022 18:15:02 Cron
Extraction SOAP : 356 adhérents extraits
356 enregistrements dans base FFCAM dont 223 à jour de licence
0 nouvelles adhésions / 0 adhérents mis à jour / 223 non traités 
Fin de traitement 2022-10-25 18:15:04
 Début de traitement 2022-10-25 22:15:02
Données session apiFFCAM vide - lancement API
Import du 25-10-2022 22:15:02 Cron
Extraction SOAP : 356 adhérents extraits
356 enregistrements dans base FFCAM dont 223 à jour de licence
0 nouvelles adhésions / 0 adhérents mis à jour / 223 non traités 
Fin de traitement 2022-10-25 22:15:04
 