Début de traitement 2022-02-25 02:15:02
Données session apiFFCAM vide - lancement API
Import du 25-07-2022 02:15:02 Cron
Extraction SOAP : 450 adhérents extraits
Attention erreur sur données de base pour 1586 Pierre-Emmanue BARBIER
450 enregistrements dans base FFCAM dont 315 à jour de licence
0 nouvelles adhésions / 0 adhérents mis à jour / 315 non traités 
Fin de traitement 2022-02-25 02:15:06
 Début de traitement 2022-10-25 10:15:01
Données session apiFFCAM vide - lancement API
Import du 25-07-2022 10:15:01 Cron
Extraction SOAP : 450 adhérents extraits
Attention erreur sur données de base pour 1586 Pierre-Emmanue BARBIER
450 enregistrements dans base FFCAM dont 315 à jour de licence
0 nouvelles adhésions / 0 adhérents mis à jour / 315 non traités 
Fin de traitement 2022-10-25 10:15:05
 Début de traitement 2022-02-25 14:15:02
Données session apiFFCAM vide - lancement API
Import du 25-07-2022 14:15:02 Cron
Extraction SOAP : 450 adhérents extraits
Attention erreur sur données de base pour 1586 Pierre-Emmanue BARBIER
450 enregistrements dans base FFCAM dont 315 à jour de licence
0 nouvelles adhésions / 0 adhérents mis à jour / 315 non traités 
Fin de traitement 2022-02-25 14:15:09
 Début de traitement 2022-06-25 18:15:02
Données session apiFFCAM vide - lancement API
Import du 25-07-2022 18:15:02 Cron
Extraction SOAP : 450 adhérents extraits
Attention erreur sur données de base pour 1586 Pierre-Emmanue BARBIER
450 enregistrements dans base FFCAM dont 315 à jour de licence
0 nouvelles adhésions / 0 adhérents mis à jour / 315 non traités 
Fin de traitement 2022-06-25 18:15:08
 Début de traitement 2022-10-25 22:15:02
Données session apiFFCAM vide - lancement API
Import du 25-07-2022 22:15:02 Cron
Extraction SOAP : 450 adhérents extraits
Attention erreur sur données de base pour 1586 Pierre-Emmanue BARBIER
450 enregistrements dans base FFCAM dont 315 à jour de licence
0 nouvelles adhésions / 0 adhérents mis à jour / 315 non traités 
Fin de traitement 2022-10-25 22:15:06
 