Début de traitement 2022-02-16 02:15:01
Données session apiFFCAM vide - lancement API
Import du 16-09-2022 02:15:01 Cron
Extraction SOAP : 336 adhérents extraits
Licencié 750420239017 - Brice RAMI => pas trouvé d'adhérent correspondant exactemement
Création adherent Brice RAMI
Adresse mail brice.rami@gmail.com existe déjà 
          pour 1602 Brice RAMI - Adhérent non créé 
Licencié 750420239020 - Pierre-Emanuel BARBIER => trouvé adhérent proche : 1586 Pierre-Emmanuel BARBIER
336 enregistrements dans base FFCAM dont 103 à jour de licence
0 nouvelles adhésions / 0 adhérents mis à jour / 103 non traités 
Fin de traitement 2022-09-16 02:15:03
 Début de traitement 2022-10-16 10:15:01
Données session apiFFCAM vide - lancement API
Import du 16-09-2022 10:15:01 Cron
Extraction SOAP : 336 adhérents extraits
Licencié 750420239017 - Brice RAMI => pas trouvé d'adhérent correspondant exactemement
Création adherent Brice RAMI
Adresse mail brice.rami@gmail.com existe déjà 
          pour 1602 Brice RAMI - Adhérent non créé 
Licencié 750420239020 - Pierre-Emanuel BARBIER => trouvé adhérent proche : 1586 Pierre-Emmanuel BARBIER
336 enregistrements dans base FFCAM dont 103 à jour de licence
0 nouvelles adhésions / 0 adhérents mis à jour / 103 non traités 
Fin de traitement 2022-09-16 10:15:03
 Début de traitement 2022-02-16 14:15:01
Données session apiFFCAM vide - lancement API
Import du 16-09-2022 14:15:01 Cron
Extraction SOAP : 336 adhérents extraits
Mise à jour adhésion pour 164 - Huguette FRENKIEL
Licencié 750420239017 - Brice RAMI => pas trouvé d'adhérent correspondant exactemement
Création adherent Brice RAMI
Adresse mail brice.rami@gmail.com existe déjà 
          pour 1602 Brice RAMI - Adhérent non créé 
Licencié 750420239020 - Pierre-Emanuel BARBIER => trouvé adhérent proche : 1586 Pierre-Emmanuel BARBIER
336 enregistrements dans base FFCAM dont 104 à jour de licence
0 nouvelles adhésions / 1 adhérents mis à jour / 103 non traités 
Fin de traitement 2022-09-16 14:15:03
 Début de traitement 2022-06-16 18:15:01
Données session apiFFCAM vide - lancement API
Import du 16-09-2022 18:15:01 Cron
Extraction SOAP : 337 adhérents extraits
Licencié 750420239017 - Brice RAMI => pas trouvé d'adhérent correspondant exactemement
Création adherent Brice RAMI
Adresse mail brice.rami@gmail.com existe déjà 
          pour 1602 Brice RAMI - Adhérent non créé 
Licencié 750420239020 - Pierre-Emanuel BARBIER => trouvé adhérent proche : 1586 Pierre-Emmanuel BARBIER
Licencié 750420239021 - Mathieu DEBORNE => pas trouvé d'adhérent correspondant exactemement
Création adherent Mathieu DEBORNE
Insertion de Mathieu DEBORNE dans user => id = 1610
Insertion de Mathieu DEBORNE  dans usergroup_map
Insertion dans comprofiler de Mathieu DEBORNE
337 enregistrements dans base FFCAM dont 105 à jour de licence
0 nouvelles adhésions / 0 adhérents mis à jour / 105 non traités 
Fin de traitement 2022-09-16 18:15:03
 Début de traitement 2022-10-16 22:15:02
Données session apiFFCAM vide - lancement API
Import du 16-09-2022 22:15:02 Cron
Extraction SOAP : 338 adhérents extraits
Mise à jour adhésion pour 1499 - Sabrina PETITJEAN
Données cb_adresse rectifiée pour 1499 - Sabrina PETITJEAN
Données cb_adresse2 rectifiée pour 1499 - Sabrina PETITJEAN
Licencié 750420239017 - Brice RAMI => pas trouvé d'adhérent correspondant exactemement
Création adherent Brice RAMI
Adresse mail brice.rami@gmail.com existe déjà 
          pour 1602 Brice RAMI - Adhérent non créé 
Licencié 750420239020 - Pierre-Emanuel BARBIER => trouvé adhérent proche : 1586 Pierre-Emmanuel BARBIER
Licencié 750420239022 - Guillaume HAENER => pas trouvé d'adhérent correspondant exactemement
Création adherent Guillaume HAENER
Insertion de Guillaume HAENER dans user => id = 1611
Insertion de Guillaume HAENER  dans usergroup_map
Insertion dans comprofiler de Guillaume HAENER
338 enregistrements dans base FFCAM dont 107 à jour de licence
0 nouvelles adhésions / 1 adhérents mis à jour / 106 non traités 
Fin de traitement 2022-09-16 22:15:04
 