Début de traitement 2022-02-25 02:15:02
Données session apiFFCAM vide - lancement API
Import du 25-12-2022 02:15:02 Cron
Extraction SOAP : 377 adhérents extraits
Attention erreur sur données de base pour 591 Clemence FAURE
Licencié 750420239049 - Paule ARNAL => pas trouvé d'adhérent correspondant exactemement
Création adherent Paule ARNAL
Adresse mail paule.arnal@free.fr existe déjà 
          pour 101 Paule ARNAL - Adhérent non créé 
377 enregistrements dans base FFCAM dont 287 à jour de licence
0 nouvelles adhésions / 0 adhérents mis à jour / 287 non traités 
Fin de traitement 2022-12-25 02:15:05
 Début de traitement 2022-10-25 10:15:01
Données session apiFFCAM vide - lancement API
Import du 25-12-2022 10:15:01 Cron
Extraction SOAP : 377 adhérents extraits
Attention erreur sur données de base pour 591 Clemence FAURE
Licencié 750420239049 - Paule ARNAL => pas trouvé d'adhérent correspondant exactemement
Création adherent Paule ARNAL
Adresse mail paule.arnal@free.fr existe déjà 
          pour 101 Paule ARNAL - Adhérent non créé 
377 enregistrements dans base FFCAM dont 287 à jour de licence
0 nouvelles adhésions / 0 adhérents mis à jour / 287 non traités 
Fin de traitement 2022-12-25 10:15:04
 Début de traitement 2022-02-25 14:15:01
Données session apiFFCAM vide - lancement API
Import du 25-12-2022 14:15:01 Cron
Extraction SOAP : 377 adhérents extraits
Attention erreur sur données de base pour 591 Clemence FAURE
Licencié 750420239049 - Paule ARNAL => pas trouvé d'adhérent correspondant exactemement
Création adherent Paule ARNAL
Adresse mail paule.arnal@free.fr existe déjà 
          pour 101 Paule ARNAL - Adhérent non créé 
377 enregistrements dans base FFCAM dont 287 à jour de licence
0 nouvelles adhésions / 0 adhérents mis à jour / 287 non traités 
Fin de traitement 2022-12-25 14:15:04
 Début de traitement 2022-06-25 18:15:02
Données session apiFFCAM vide - lancement API
Import du 25-12-2022 18:15:02 Cron
Extraction SOAP : 377 adhérents extraits
Attention erreur sur données de base pour 591 Clemence FAURE
Licencié 750420239049 - Paule ARNAL => pas trouvé d'adhérent correspondant exactemement
Création adherent Paule ARNAL
Adresse mail paule.arnal@free.fr existe déjà 
          pour 101 Paule ARNAL - Adhérent non créé 
377 enregistrements dans base FFCAM dont 287 à jour de licence
0 nouvelles adhésions / 0 adhérents mis à jour / 287 non traités 
Fin de traitement 2022-12-25 18:15:04
 Début de traitement 2022-10-25 22:15:01
Données session apiFFCAM vide - lancement API
Import du 25-12-2022 22:15:01 Cron
Extraction SOAP : 378 adhérents extraits
Attention erreur sur données de base pour 591 Clemence FAURE
Licencié 750420239049 - Paule ARNAL => pas trouvé d'adhérent correspondant exactemement
Création adherent Paule ARNAL
Adresse mail paule.arnal@free.fr existe déjà 
          pour 101 Paule ARNAL - Adhérent non créé 
Licencié 750420239061 - Antoine MARGUERY => pas trouvé d'adhérent correspondant exactemement
Création adherent Antoine MARGUERY
Insertion de Antoine MARGUERY dans user => id = 1650
Insertion de Antoine MARGUERY  dans usergroup_map
Insertion dans comprofiler de Antoine MARGUERY
378 enregistrements dans base FFCAM dont 288 à jour de licence
0 nouvelles adhésions / 0 adhérents mis à jour / 288 non traités 
Fin de traitement 2022-12-25 22:15:04
 