Début de traitement 2022-02-16 02:15:01
Données session apiFFCAM vide - lancement API
Import du 16-11-2022 02:15:01 Cron
Extraction SOAP : 362 adhérents extraits
362 enregistrements dans base FFCAM dont 254 à jour de licence
0 nouvelles adhésions / 0 adhérents mis à jour / 254 non traités 
Fin de traitement 2022-11-16 02:15:04
 Début de traitement 2022-10-16 10:15:02
Données session apiFFCAM vide - lancement API
Import du 16-11-2022 10:15:02 Cron
Extraction SOAP : 362 adhérents extraits
362 enregistrements dans base FFCAM dont 254 à jour de licence
0 nouvelles adhésions / 0 adhérents mis à jour / 254 non traités 
Fin de traitement 2022-11-16 10:15:04
 Début de traitement 2022-02-16 14:15:01
Données session apiFFCAM vide - lancement API
Import du 16-11-2022 14:15:01 Cron
Extraction SOAP : 362 adhérents extraits
Mise à jour adhésion pour 1555 - Mathieu CORDELLE
Création d'écarts de données cb_adresse pour 1555 - Mathieu CORDELLE
Création d'écarts de données cb_codepostal pour 1555 - Mathieu CORDELLE
362 enregistrements dans base FFCAM dont 255 à jour de licence
0 nouvelles adhésions / 1 adhérents mis à jour / 254 non traités 
Fin de traitement 2022-11-16 14:15:03
 Début de traitement 2022-06-16 18:15:01
Données session apiFFCAM vide - lancement API
Import du 16-11-2022 18:15:01 Cron
Extraction SOAP : 362 adhérents extraits
362 enregistrements dans base FFCAM dont 255 à jour de licence
0 nouvelles adhésions / 0 adhérents mis à jour / 255 non traités 
Fin de traitement 2022-11-16 18:15:03
 Début de traitement 2022-10-16 22:15:01
Données session apiFFCAM vide - lancement API
Import du 16-11-2022 22:15:01 Cron
Extraction SOAP : 362 adhérents extraits
Mise à jour adhésion pour 1532 - Mathilde DUJON
362 enregistrements dans base FFCAM dont 256 à jour de licence
0 nouvelles adhésions / 1 adhérents mis à jour / 255 non traités 
Fin de traitement 2022-11-16 22:15:04
 