Début de traitement 2022-02-22 02:15:02
Données session apiFFCAM vide - lancement API
Import du 22-12-2022 02:15:02 Cron
Extraction SOAP : 373 adhérents extraits
Attention erreur sur données de base pour 591 Clemence FAURE
Licencié 750420239049 - Paule ARNAL => pas trouvé d'adhérent correspondant exactemement
Création adherent Paule ARNAL
Adresse mail paule.arnal@free.fr existe déjà 
          pour 101 Paule ARNAL - Adhérent non créé 
373 enregistrements dans base FFCAM dont 280 à jour de licence
0 nouvelles adhésions / 0 adhérents mis à jour / 280 non traités 
Fin de traitement 2022-12-22 02:15:04
 Début de traitement 2022-10-22 10:15:02
Données session apiFFCAM vide - lancement API
Import du 22-12-2022 10:15:02 Cron
Extraction SOAP : 373 adhérents extraits
Attention erreur sur données de base pour 591 Clemence FAURE
Licencié 750420239049 - Paule ARNAL => pas trouvé d'adhérent correspondant exactemement
Création adherent Paule ARNAL
Adresse mail paule.arnal@free.fr existe déjà 
          pour 101 Paule ARNAL - Adhérent non créé 
373 enregistrements dans base FFCAM dont 280 à jour de licence
0 nouvelles adhésions / 0 adhérents mis à jour / 280 non traités 
Fin de traitement 2022-12-22 10:15:05
 Début de traitement 2022-02-22 14:15:02
Données session apiFFCAM vide - lancement API
Import du 22-12-2022 14:15:02 Cron
Extraction SOAP : 373 adhérents extraits
Attention erreur sur données de base pour 591 Clemence FAURE
Licencié 750420239049 - Paule ARNAL => pas trouvé d'adhérent correspondant exactemement
Création adherent Paule ARNAL
Adresse mail paule.arnal@free.fr existe déjà 
          pour 101 Paule ARNAL - Adhérent non créé 
373 enregistrements dans base FFCAM dont 280 à jour de licence
0 nouvelles adhésions / 0 adhérents mis à jour / 280 non traités 
Fin de traitement 2022-12-22 14:15:04
 Début de traitement 2022-06-22 18:15:01
Données session apiFFCAM vide - lancement API
Import du 22-12-2022 18:15:01 Cron
Extraction SOAP : 373 adhérents extraits
Attention erreur sur données de base pour 591 Clemence FAURE
Licencié 750420239049 - Paule ARNAL => pas trouvé d'adhérent correspondant exactemement
Création adherent Paule ARNAL
Adresse mail paule.arnal@free.fr existe déjà 
          pour 101 Paule ARNAL - Adhérent non créé 
373 enregistrements dans base FFCAM dont 280 à jour de licence
0 nouvelles adhésions / 0 adhérents mis à jour / 280 non traités 
Fin de traitement 2022-12-22 18:15:04
 Début de traitement 2022-10-22 22:15:02
Données session apiFFCAM vide - lancement API
Import du 22-12-2022 22:15:02 Cron
Extraction SOAP : 375 adhérents extraits
Attention erreur sur données de base pour 591 Clemence FAURE
Mise à jour adhésion pour 1514 - Felix ARCADE
Licencié 750420239049 - Paule ARNAL => pas trouvé d'adhérent correspondant exactemement
Création adherent Paule ARNAL
Adresse mail paule.arnal@free.fr existe déjà 
          pour 101 Paule ARNAL - Adhérent non créé 
Licencié 750420239057 - Augustin JONCHERAY => pas trouvé d'adhérent correspondant exactemement
Création adherent Augustin JONCHERAY
Insertion de Augustin JONCHERAY dans user => id = 1646
Insertion de Augustin JONCHERAY  dans usergroup_map
Insertion dans comprofiler de Augustin JONCHERAY
Licencié 750420239058 - Mathilde RUSTIN => pas trouvé d'adhérent correspondant exactemement
Création adherent Mathilde RUSTIN
Insertion de Mathilde RUSTIN dans user => id = 1647
Insertion de Mathilde RUSTIN  dans usergroup_map
Insertion dans comprofiler de Mathilde RUSTIN
375 enregistrements dans base FFCAM dont 283 à jour de licence
0 nouvelles adhésions / 1 adhérents mis à jour / 282 non traités 
Fin de traitement 2022-12-22 22:15:05
 