Début de traitement 2022-02-17 02:15:01
Données session apiFFCAM vide - lancement API
Import du 17-11-2022 02:15:01 Cron
Extraction SOAP : 362 adhérents extraits
362 enregistrements dans base FFCAM dont 256 à jour de licence
0 nouvelles adhésions / 0 adhérents mis à jour / 256 non traités 
Fin de traitement 2022-11-17 02:15:04
 Début de traitement 2022-10-17 10:15:01
Données session apiFFCAM vide - lancement API
Import du 17-11-2022 10:15:01 Cron
Extraction SOAP : 362 adhérents extraits
Modification d'écarts de données cb_adresse pour 1510 - Audrey PARE
Création d'écarts de données cb_contactaccident pour 1510 - Audrey PARE
362 enregistrements dans base FFCAM dont 256 à jour de licence
0 nouvelles adhésions / 0 adhérents mis à jour / 256 non traités 
Fin de traitement 2022-11-17 10:15:05
 Début de traitement 2022-02-17 14:15:06
Données session apiFFCAM vide - lancement API
Import du 17-11-2022 14:15:06 Cron
Extraction SOAP : 362 adhérents extraits
362 enregistrements dans base FFCAM dont 256 à jour de licence
0 nouvelles adhésions / 0 adhérents mis à jour / 256 non traités 
Fin de traitement 2022-11-17 14:15:09
 Début de traitement 2022-06-17 18:15:02
Données session apiFFCAM vide - lancement API
Import du 17-11-2022 18:15:02 Cron
Extraction SOAP : 362 adhérents extraits
362 enregistrements dans base FFCAM dont 256 à jour de licence
0 nouvelles adhésions / 0 adhérents mis à jour / 256 non traités 
Fin de traitement 2022-11-17 18:15:04
 Début de traitement 2022-10-17 22:15:01
Données session apiFFCAM vide - lancement API
Import du 17-11-2022 22:15:01 Cron
Extraction SOAP : 362 adhérents extraits
362 enregistrements dans base FFCAM dont 256 à jour de licence
0 nouvelles adhésions / 0 adhérents mis à jour / 256 non traités 
Fin de traitement 2022-11-17 22:15:03
 