Début de traitement 2022-02-05 02:15:02
Données session apiFFCAM vide - lancement API
Import du 05-08-2022 02:15:02 Cron
Extraction SOAP : 450 adhérents extraits
Attention erreur sur données de base pour 1586 Pierre-Emmanue BARBIER
450 enregistrements dans base FFCAM dont 315 à jour de licence
0 nouvelles adhésions / 0 adhérents mis à jour / 315 non traités 
Fin de traitement 2022-02-05 02:15:06
 Début de traitement 2022-10-05 10:15:02
Données session apiFFCAM vide - lancement API
Import du 05-08-2022 10:15:02 Cron
Extraction SOAP : 450 adhérents extraits
Attention erreur sur données de base pour 1586 Pierre-Emmanue BARBIER
450 enregistrements dans base FFCAM dont 315 à jour de licence
0 nouvelles adhésions / 0 adhérents mis à jour / 315 non traités 
Fin de traitement 2022-10-05 10:15:06
 Début de traitement 2022-02-05 14:15:02
Données session apiFFCAM vide - lancement API
Import du 05-08-2022 14:15:02 Cron
Extraction SOAP : 450 adhérents extraits
Modification d'écarts de données cb_adresse pour 1220 - Sylvain ROUX
Modification d'écarts de données cb_ville pour 1220 - Sylvain ROUX
Modification d'écarts de données cb_telfixe pour 1220 - Sylvain ROUX
Données cb_codepostal rectifiée pour 1220 - Sylvain ROUX
Attention erreur sur données de base pour 1586 Pierre-Emmanue BARBIER
450 enregistrements dans base FFCAM dont 315 à jour de licence
0 nouvelles adhésions / 0 adhérents mis à jour / 315 non traités 
Fin de traitement 2022-02-05 14:15:05
 Début de traitement 2022-06-05 18:15:01
Données session apiFFCAM vide - lancement API
Import du 05-08-2022 18:15:01 Cron
Extraction SOAP : 450 adhérents extraits
Attention erreur sur données de base pour 1586 Pierre-Emmanue BARBIER
450 enregistrements dans base FFCAM dont 315 à jour de licence
0 nouvelles adhésions / 0 adhérents mis à jour / 315 non traités 
Fin de traitement 2022-06-05 18:15:05
 Début de traitement 2022-10-05 22:15:02
Données session apiFFCAM vide - lancement API
Import du 05-08-2022 22:15:02 Cron
Extraction SOAP : 450 adhérents extraits
Attention erreur sur données de base pour 1586 Pierre-Emmanue BARBIER
450 enregistrements dans base FFCAM dont 315 à jour de licence
0 nouvelles adhésions / 0 adhérents mis à jour / 315 non traités 
Fin de traitement 2022-10-05 22:15:06
 