Début de traitement 2023-02-31 02:15:02
Données session apiFFCAM vide - lancement API
Import du 31-07-2023 02:15:02 Cron
Extraction SOAP : 397 adhérents extraits
397 enregistrements dans base FFCAM dont 321 à jour de licence
0 nouvelles adhésions / 0 adhérents mis à jour / 321 non traités 
Fin de traitement 2023-07-31 02:15:05
 Début de traitement 2023-10-31 10:15:02
Données session apiFFCAM vide - lancement API
Import du 31-07-2023 10:15:02 Cron
Extraction SOAP : 397 adhérents extraits
397 enregistrements dans base FFCAM dont 321 à jour de licence
0 nouvelles adhésions / 0 adhérents mis à jour / 321 non traités 
Fin de traitement 2023-07-31 10:15:05
 Début de traitement 2023-02-31 14:15:01
Données session apiFFCAM vide - lancement API
Import du 31-07-2023 14:15:01 Cron
Extraction SOAP : 397 adhérents extraits
397 enregistrements dans base FFCAM dont 321 à jour de licence
0 nouvelles adhésions / 0 adhérents mis à jour / 321 non traités 
Fin de traitement 2023-07-31 14:15:05
 Début de traitement 2023-06-31 18:15:01
Données session apiFFCAM vide - lancement API
Import du 31-07-2023 18:15:01 Cron
Extraction SOAP : 397 adhérents extraits
397 enregistrements dans base FFCAM dont 321 à jour de licence
0 nouvelles adhésions / 0 adhérents mis à jour / 321 non traités 
Fin de traitement 2023-07-31 18:15:05
 Début de traitement 2023-10-31 22:15:02
Données session apiFFCAM vide - lancement API
Import du 31-07-2023 22:15:02 Cron
Extraction SOAP : 397 adhérents extraits
397 enregistrements dans base FFCAM dont 321 à jour de licence
0 nouvelles adhésions / 0 adhérents mis à jour / 321 non traités 
Fin de traitement 2023-07-31 22:15:05
 