Début de traitement 2022-12-23 00:06:21
Données session apiFFCAM vide - lancement API
Import du 23-09-2022 00:06:21 Benoit D'HALLUIN (62)
Extraction SOAP : 343 adhérents extraits
Attention erreur sur données de base pour 1586 Pierre-Emanuel BARBIER
Création d'écarts de données email pour 1615 - Laurynas ADOMAITIS
Licencié 750420239026 - Liucija ADOMAITE => pas trouvé d'adhérent correspondant exactemement
Création adherent Liucija ADOMAITE
Insertion de Liucija ADOMAITE dans user => id = 1617
Insertion de Liucija ADOMAITE  dans usergroup_map
Insertion dans comprofiler de Liucija ADOMAITE
343 enregistrements dans base FFCAM dont 136 à jour de licence
0 nouvelles adhésions / 0 adhérents mis à jour / 136 non traités 
Fin de traitement 2022-09-23 00:06:23
 Début de traitement 2022-12-23 00:12:27
Données session apiFFCAM vide - lancement API
Import du 23-09-2022 00:12:27 Benoit D'HALLUIN (62)
Extraction SOAP : 343 adhérents extraits
Attention erreur sur données de base pour 1586 Pierre-Emanuel BARBIER
Création d'écarts de données cb_contactaccident pour 1615 - Laurynas ADOMAITIS
Données email rectifiée pour 1615 - Laurynas ADOMAITIS
Création d'écarts de données cb_adresse pour 1617 - Liucija ADOMAITE
Création d'écarts de données email pour 1617 - Liucija ADOMAITE
Création d'écarts de données cb_mobile pour 1617 - Liucija ADOMAITE
Création d'écarts de données cb_contactaccident pour 1617 - Liucija ADOMAITE
343 enregistrements dans base FFCAM dont 136 à jour de licence
0 nouvelles adhésions / 0 adhérents mis à jour / 136 non traités 
Fin de traitement 2022-09-23 00:12:29
 Début de traitement 2022-02-23 02:15:02
Données session apiFFCAM vide - lancement API
Import du 23-09-2022 02:15:02 Cron
Extraction SOAP : 343 adhérents extraits
Attention erreur sur données de base pour 1586 Pierre-Emanuel BARBIER
343 enregistrements dans base FFCAM dont 136 à jour de licence
0 nouvelles adhésions / 0 adhérents mis à jour / 136 non traités 
Fin de traitement 2022-09-23 02:15:04
 Début de traitement 2022-10-23 10:15:01
Données session apiFFCAM vide - lancement API
Import du 23-09-2022 10:15:01 Cron
Extraction SOAP : 343 adhérents extraits
Attention erreur sur données de base pour 1586 Pierre-Emanuel BARBIER
343 enregistrements dans base FFCAM dont 136 à jour de licence
0 nouvelles adhésions / 0 adhérents mis à jour / 136 non traités 
Fin de traitement 2022-09-23 10:15:03
 Début de traitement 2022-02-23 14:15:01
Données session apiFFCAM vide - lancement API
Import du 23-09-2022 14:15:01 Cron
Extraction SOAP : 344 adhérents extraits
Attention erreur sur données de base pour 1586 Pierre-Emanuel BARBIER
Licencié 750420239028 - Isis BOUCHET => trouvé adhérent correspondant exactemement  - ancien n° licence 690020219119
Adhérent  - Isis BOUCHET => mise à jour n° de licence 750420239028
Mise à jour adhésion pour 1522 - Isis BOUCHET
Création d'écarts de données cb_adresse pour 1522 - Isis BOUCHET
Création d'écarts de données cb_adresse2 pour 1522 - Isis BOUCHET
Création d'écarts de données cb_codepostal pour 1522 - Isis BOUCHET
Création d'écarts de données cb_ville pour 1522 - Isis BOUCHET
Création d'écarts de données cb_telfixe pour 1522 - Isis BOUCHET
Création d'écarts de données cb_contactaccident pour 1522 - Isis BOUCHET
344 enregistrements dans base FFCAM dont 137 à jour de licence
0 nouvelles adhésions / 1 adhérents mis à jour / 136 non traités 
Fin de traitement 2022-09-23 14:15:03
 Début de traitement 2022-06-23 18:15:02
Données session apiFFCAM vide - lancement API
Import du 23-09-2022 18:15:02 Cron
Extraction SOAP : 344 adhérents extraits
Attention erreur sur données de base pour 1586 Pierre-Emanuel BARBIER
344 enregistrements dans base FFCAM dont 137 à jour de licence
0 nouvelles adhésions / 0 adhérents mis à jour / 137 non traités 
Fin de traitement 2022-09-23 18:15:04
 Début de traitement 2022-10-23 22:15:02
Données session apiFFCAM vide - lancement API
Import du 23-09-2022 22:15:02 Cron
Extraction SOAP : 344 adhérents extraits
Attention erreur sur données de base pour 1586 Pierre-Emanuel BARBIER
344 enregistrements dans base FFCAM dont 137 à jour de licence
0 nouvelles adhésions / 0 adhérents mis à jour / 137 non traités 
Fin de traitement 2022-09-23 22:15:04
 