Début de traitement 2022-02-21 02:15:01
Données session apiFFCAM vide - lancement API
Import du 21-12-2022 02:15:01 Cron
Extraction SOAP : 373 adhérents extraits
Attention erreur sur données de base pour 591 Clemence FAURE
Licencié 750420239049 - Paule ARNAL => pas trouvé d'adhérent correspondant exactemement
Création adherent Paule ARNAL
Adresse mail paule.arnal@free.fr existe déjà 
          pour 101 Paule ARNAL - Adhérent non créé 
373 enregistrements dans base FFCAM dont 280 à jour de licence
0 nouvelles adhésions / 0 adhérents mis à jour / 280 non traités 
Fin de traitement 2022-12-21 02:15:04
 Début de traitement 2022-10-21 10:15:01
Données session apiFFCAM vide - lancement API
Import du 21-12-2022 10:15:01 Cron
Extraction SOAP : 373 adhérents extraits
Attention erreur sur données de base pour 591 Clemence FAURE
Modification d'écarts de données cb_adresse pour 1545 - Sebastien VANNESTE
Création d'écarts de données cb_adresse2 pour 1545 - Sebastien VANNESTE
Licencié 750420239049 - Paule ARNAL => pas trouvé d'adhérent correspondant exactemement
Création adherent Paule ARNAL
Adresse mail paule.arnal@free.fr existe déjà 
          pour 101 Paule ARNAL - Adhérent non créé 
373 enregistrements dans base FFCAM dont 280 à jour de licence
0 nouvelles adhésions / 0 adhérents mis à jour / 280 non traités 
Fin de traitement 2022-12-21 10:15:04
 Début de traitement 2022-02-21 14:15:02
Données session apiFFCAM vide - lancement API
Import du 21-12-2022 14:15:02 Cron
Extraction SOAP : 373 adhérents extraits
Attention erreur sur données de base pour 591 Clemence FAURE
Licencié 750420239049 - Paule ARNAL => pas trouvé d'adhérent correspondant exactemement
Création adherent Paule ARNAL
Adresse mail paule.arnal@free.fr existe déjà 
          pour 101 Paule ARNAL - Adhérent non créé 
373 enregistrements dans base FFCAM dont 280 à jour de licence
0 nouvelles adhésions / 0 adhérents mis à jour / 280 non traités 
Fin de traitement 2022-12-21 14:15:05
 Début de traitement 2022-06-21 18:15:01
Données session apiFFCAM vide - lancement API
Import du 21-12-2022 18:15:01 Cron
Extraction SOAP : 373 adhérents extraits
Attention erreur sur données de base pour 591 Clemence FAURE
Licencié 750420239049 - Paule ARNAL => pas trouvé d'adhérent correspondant exactemement
Création adherent Paule ARNAL
Adresse mail paule.arnal@free.fr existe déjà 
          pour 101 Paule ARNAL - Adhérent non créé 
373 enregistrements dans base FFCAM dont 280 à jour de licence
0 nouvelles adhésions / 0 adhérents mis à jour / 280 non traités 
Fin de traitement 2022-12-21 18:15:04
 Début de traitement 2022-10-21 22:15:01
Données session apiFFCAM vide - lancement API
Import du 21-12-2022 22:15:01 Cron
Extraction SOAP : 373 adhérents extraits
Attention erreur sur données de base pour 591 Clemence FAURE
Licencié 750420239049 - Paule ARNAL => pas trouvé d'adhérent correspondant exactemement
Création adherent Paule ARNAL
Adresse mail paule.arnal@free.fr existe déjà 
          pour 101 Paule ARNAL - Adhérent non créé 
373 enregistrements dans base FFCAM dont 280 à jour de licence
0 nouvelles adhésions / 0 adhérents mis à jour / 280 non traités 
Fin de traitement 2022-12-21 22:15:04
 