Début de traitement 2023-02-10 02:15:01
Données session apiFFCAM vide - lancement API
Import du 10-01-2023 02:15:01 Cron
Extraction SOAP : 382 adhérents extraits
Attention erreur sur données de base pour 591 Clemence FAURE
Licencié 750420239049 - Paule ARNAL => pas trouvé d'adhérent correspondant exactemement
Création adherent Paule ARNAL
Adresse mail paule.arnal@free.fr existe déjà 
          pour 101 Paule ARNAL - Adhérent non créé 
382 enregistrements dans base FFCAM dont 295 à jour de licence
0 nouvelles adhésions / 0 adhérents mis à jour / 295 non traités 
Fin de traitement 2023-01-10 02:15:04
 Début de traitement 2023-10-10 10:15:02
Données session apiFFCAM vide - lancement API
Import du 10-01-2023 10:15:02 Cron
Extraction SOAP : 382 adhérents extraits
Attention erreur sur données de base pour 591 Clemence FAURE
Licencié 750420239049 - Paule ARNAL => pas trouvé d'adhérent correspondant exactemement
Création adherent Paule ARNAL
Adresse mail paule.arnal@free.fr existe déjà 
          pour 101 Paule ARNAL - Adhérent non créé 
382 enregistrements dans base FFCAM dont 295 à jour de licence
0 nouvelles adhésions / 0 adhérents mis à jour / 295 non traités 
Fin de traitement 2023-01-10 10:15:05
 Début de traitement 2023-02-10 14:15:02
Données session apiFFCAM vide - lancement API
Import du 10-01-2023 14:15:02 Cron
Extraction SOAP : 382 adhérents extraits
Attention erreur sur données de base pour 591 Clemence FAURE
Licencié 750420239049 - Paule ARNAL => pas trouvé d'adhérent correspondant exactemement
Création adherent Paule ARNAL
Adresse mail paule.arnal@free.fr existe déjà 
          pour 101 Paule ARNAL - Adhérent non créé 
382 enregistrements dans base FFCAM dont 295 à jour de licence
0 nouvelles adhésions / 0 adhérents mis à jour / 295 non traités 
Fin de traitement 2023-01-10 14:15:05
 Début de traitement 2023-06-10 18:15:01
Données session apiFFCAM vide - lancement API
Import du 10-01-2023 18:15:01 Cron
Extraction SOAP : 382 adhérents extraits
Attention erreur sur données de base pour 591 Clemence FAURE
Licencié 750420239049 - Paule ARNAL => pas trouvé d'adhérent correspondant exactemement
Création adherent Paule ARNAL
Adresse mail paule.arnal@free.fr existe déjà 
          pour 101 Paule ARNAL - Adhérent non créé 
382 enregistrements dans base FFCAM dont 295 à jour de licence
0 nouvelles adhésions / 0 adhérents mis à jour / 295 non traités 
Fin de traitement 2023-01-10 18:15:08
 Début de traitement 2023-10-10 22:15:01
Données session apiFFCAM vide - lancement API
Import du 10-01-2023 22:15:01 Cron
Extraction SOAP : 382 adhérents extraits
Données cb_adresse rectifiée pour 321 - Julien LOGEAIS
Données cb_codepostal rectifiée pour 321 - Julien LOGEAIS
Données cb_ville rectifiée pour 321 - Julien LOGEAIS
Attention erreur sur données de base pour 591 Clemence FAURE
Licencié 750420239049 - Paule ARNAL => pas trouvé d'adhérent correspondant exactemement
Création adherent Paule ARNAL
Adresse mail paule.arnal@free.fr existe déjà 
          pour 101 Paule ARNAL - Adhérent non créé 
382 enregistrements dans base FFCAM dont 295 à jour de licence
0 nouvelles adhésions / 0 adhérents mis à jour / 295 non traités 
Fin de traitement 2023-01-10 22:15:06
 