Début de traitement 2022-02-03 02:15:02
Données session apiFFCAM vide - lancement API
Import du 03-08-2022 02:15:02 Cron
Extraction SOAP : 450 adhérents extraits
Attention erreur sur données de base pour 1586 Pierre-Emmanue BARBIER
450 enregistrements dans base FFCAM dont 315 à jour de licence
0 nouvelles adhésions / 0 adhérents mis à jour / 315 non traités 
Fin de traitement 2022-02-03 02:15:06
 Début de traitement 2022-10-03 10:15:01
Données session apiFFCAM vide - lancement API
Import du 03-08-2022 10:15:01 Cron
Extraction SOAP : 450 adhérents extraits
Attention erreur sur données de base pour 1586 Pierre-Emmanue BARBIER
450 enregistrements dans base FFCAM dont 315 à jour de licence
0 nouvelles adhésions / 0 adhérents mis à jour / 315 non traités 
Fin de traitement 2022-10-03 10:15:05
 Début de traitement 2022-02-03 14:15:01
Données session apiFFCAM vide - lancement API
Import du 03-08-2022 14:15:01 Cron
Extraction SOAP : 450 adhérents extraits
Attention erreur sur données de base pour 1586 Pierre-Emmanue BARBIER
450 enregistrements dans base FFCAM dont 315 à jour de licence
0 nouvelles adhésions / 0 adhérents mis à jour / 315 non traités 
Fin de traitement 2022-02-03 14:15:05
 Début de traitement 2022-06-03 18:15:02
Données session apiFFCAM vide - lancement API
Import du 03-08-2022 18:15:02 Cron
Extraction SOAP : 450 adhérents extraits
Attention erreur sur données de base pour 1586 Pierre-Emmanue BARBIER
450 enregistrements dans base FFCAM dont 315 à jour de licence
0 nouvelles adhésions / 0 adhérents mis à jour / 315 non traités 
Fin de traitement 2022-06-03 18:15:05
 Début de traitement 2022-10-03 22:15:01
Données session apiFFCAM vide - lancement API
Import du 03-08-2022 22:15:01 Cron
Extraction SOAP : 450 adhérents extraits
Attention erreur sur données de base pour 1586 Pierre-Emmanue BARBIER
450 enregistrements dans base FFCAM dont 315 à jour de licence
0 nouvelles adhésions / 0 adhérents mis à jour / 315 non traités 
Fin de traitement 2022-10-03 22:15:05
 