Début de traitement 2022-02-01 02:15:00
Données session apiFFCAM vide - lancement API
Import du 01-07-2022 02:15:00 Cron
Extraction SOAP : 449 adhérents extraits
Licencié 750420220011 - Pierre-Emmanue BARBIER => trouvé adhérent proche : 1586 Pierre-Emmanuel BARBIER
Licencié 750420229091 - Gabin RONAYETTE => pas trouvé d'adhérent correspondant exactemement
Création adherent Gabin RONAYETTE
Adresse mail  existe déjà 
          pour 1568 Victor LOUHAUT - Adhérent non créé 
449 enregistrements dans base FFCAM dont 313 à jour de licence
0 nouvelles adhésions / 0 adhérents mis à jour / 313 non traités 
Fin de traitement 2022-02-01 02:15:03
 Début de traitement 2022-10-01 10:14:52
Données session apiFFCAM vide - lancement API
Import du 01-07-2022 10:14:52 Cron
Extraction SOAP : 449 adhérents extraits
Licencié 750420220011 - Pierre-Emmanue BARBIER => trouvé adhérent proche : 1586 Pierre-Emmanuel BARBIER
Licencié 750420229091 - Gabin RONAYETTE => pas trouvé d'adhérent correspondant exactemement
Création adherent Gabin RONAYETTE
Adresse mail  existe déjà 
          pour 1568 Victor LOUHAUT - Adhérent non créé 
449 enregistrements dans base FFCAM dont 313 à jour de licence
0 nouvelles adhésions / 0 adhérents mis à jour / 313 non traités 
Fin de traitement 2022-10-01 10:14:57
 Début de traitement 2022-02-01 14:14:52
Données session apiFFCAM vide - lancement API
Import du 01-07-2022 14:14:52 Cron
Extraction SOAP : 449 adhérents extraits
Licencié 750420220011 - Pierre-Emmanue BARBIER => trouvé adhérent proche : 1586 Pierre-Emmanuel BARBIER
Licencié 750420229091 - Gabin RONAYETTE => pas trouvé d'adhérent correspondant exactemement
Création adherent Gabin RONAYETTE
Adresse mail  existe déjà 
          pour 1568 Victor LOUHAUT - Adhérent non créé 
449 enregistrements dans base FFCAM dont 313 à jour de licence
0 nouvelles adhésions / 0 adhérents mis à jour / 313 non traités 
Fin de traitement 2022-02-01 14:14:56
 Début de traitement 2022-06-01 18:14:53
Données session apiFFCAM vide - lancement API
Import du 01-07-2022 18:14:53 Cron
Extraction SOAP : 449 adhérents extraits
Licencié 750420220011 - Pierre-Emmanue BARBIER => trouvé adhérent proche : 1586 Pierre-Emmanuel BARBIER
Licencié 750420229091 - Gabin RONAYETTE => pas trouvé d'adhérent correspondant exactemement
Création adherent Gabin RONAYETTE
Adresse mail  existe déjà 
          pour 1568 Victor LOUHAUT - Adhérent non créé 
449 enregistrements dans base FFCAM dont 313 à jour de licence
0 nouvelles adhésions / 0 adhérents mis à jour / 313 non traités 
Fin de traitement 2022-06-01 18:14:57
 Début de traitement 2022-10-01 22:14:53
Données session apiFFCAM vide - lancement API
Import du 01-07-2022 22:14:53 Cron
Extraction SOAP : 449 adhérents extraits
Licencié 750420220011 - Pierre-Emmanue BARBIER => trouvé adhérent proche : 1586 Pierre-Emmanuel BARBIER
Licencié 750420229091 - Gabin RONAYETTE => pas trouvé d'adhérent correspondant exactemement
Création adherent Gabin RONAYETTE
Adresse mail  existe déjà 
          pour 1568 Victor LOUHAUT - Adhérent non créé 
449 enregistrements dans base FFCAM dont 313 à jour de licence
0 nouvelles adhésions / 0 adhérents mis à jour / 313 non traités 
Fin de traitement 2022-10-01 22:14:56
 