Début de traitement 2023-02-02 02:15:01
Données session apiFFCAM vide - lancement API
Import du 02-04-2023 02:15:01 Cron
Extraction SOAP : 392 adhérents extraits
392 enregistrements dans base FFCAM dont 312 à jour de licence
0 nouvelles adhésions / 0 adhérents mis à jour / 312 non traités 
Fin de traitement 2023-04-02 02:15:04
 Début de traitement 2023-10-02 10:15:01
Données session apiFFCAM vide - lancement API
Import du 02-04-2023 10:15:01 Cron
Extraction SOAP : 392 adhérents extraits
392 enregistrements dans base FFCAM dont 312 à jour de licence
0 nouvelles adhésions / 0 adhérents mis à jour / 312 non traités 
Fin de traitement 2023-04-02 10:15:05
 Début de traitement 2023-02-02 14:15:01
Données session apiFFCAM vide - lancement API
Import du 02-04-2023 14:15:01 Cron
Extraction SOAP : 392 adhérents extraits
392 enregistrements dans base FFCAM dont 312 à jour de licence
0 nouvelles adhésions / 0 adhérents mis à jour / 312 non traités 
Fin de traitement 2023-04-02 14:15:04
 Début de traitement 2023-06-02 18:15:01
Données session apiFFCAM vide - lancement API
Import du 02-04-2023 18:15:01 Cron
Extraction SOAP : 392 adhérents extraits
392 enregistrements dans base FFCAM dont 312 à jour de licence
0 nouvelles adhésions / 0 adhérents mis à jour / 312 non traités 
Fin de traitement 2023-04-02 18:15:23
 Début de traitement 2023-10-02 22:15:01
Données session apiFFCAM vide - lancement API
Import du 02-04-2023 22:15:01 Cron
Extraction SOAP : 392 adhérents extraits
392 enregistrements dans base FFCAM dont 312 à jour de licence
0 nouvelles adhésions / 0 adhérents mis à jour / 312 non traités 
Fin de traitement 2023-04-02 22:15:04
 