Début de traitement 2023-02-22 02:15:02
Données session apiFFCAM vide - lancement API
Import du 22-04-2023 02:15:02 Cron
Extraction SOAP : 393 adhérents extraits
393 enregistrements dans base FFCAM dont 314 à jour de licence
0 nouvelles adhésions / 0 adhérents mis à jour / 314 non traités 
Fin de traitement 2023-04-22 02:15:05
 Début de traitement 2023-10-22 10:15:02
Données session apiFFCAM vide - lancement API
Import du 22-04-2023 10:15:02 Cron
Extraction SOAP : 393 adhérents extraits
393 enregistrements dans base FFCAM dont 314 à jour de licence
0 nouvelles adhésions / 0 adhérents mis à jour / 314 non traités 
Fin de traitement 2023-04-22 10:15:05
 Début de traitement 2023-02-22 14:15:01
Données session apiFFCAM vide - lancement API
Import du 22-04-2023 14:15:01 Cron
Extraction SOAP : 393 adhérents extraits
Données cb_adresse2 rectifiée pour 494 - Angela RUIZ LAZARO
Modification d'écarts de données cb_adresse2 pour 1604 - Franziska BRIGHT
393 enregistrements dans base FFCAM dont 314 à jour de licence
0 nouvelles adhésions / 0 adhérents mis à jour / 314 non traités 
Fin de traitement 2023-04-22 14:15:04
 Début de traitement 2023-06-22 18:15:01
Données session apiFFCAM vide - lancement API
Import du 22-04-2023 18:15:01 Cron
Extraction SOAP : 393 adhérents extraits
393 enregistrements dans base FFCAM dont 314 à jour de licence
0 nouvelles adhésions / 0 adhérents mis à jour / 314 non traités 
Fin de traitement 2023-04-22 18:15:08
 Début de traitement 2023-10-22 22:15:01
Données session apiFFCAM vide - lancement API
Import du 22-04-2023 22:15:01 Cron
Extraction SOAP : 393 adhérents extraits
393 enregistrements dans base FFCAM dont 314 à jour de licence
0 nouvelles adhésions / 0 adhérents mis à jour / 314 non traités 
Fin de traitement 2023-04-22 22:15:04
 