Début de traitement 2022-02-10 02:15:01
Données session apiFFCAM vide - lancement API
Import du 10-11-2022 02:15:01 Cron
Extraction SOAP : 360 adhérents extraits
360 enregistrements dans base FFCAM dont 245 à jour de licence
0 nouvelles adhésions / 0 adhérents mis à jour / 245 non traités 
Fin de traitement 2022-11-10 02:15:04
 Début de traitement 2022-10-10 10:15:02
Données session apiFFCAM vide - lancement API
Import du 10-11-2022 10:15:02 Cron
Extraction SOAP : 360 adhérents extraits
360 enregistrements dans base FFCAM dont 245 à jour de licence
0 nouvelles adhésions / 0 adhérents mis à jour / 245 non traités 
Fin de traitement 2022-11-10 10:15:08
 Début de traitement 2022-02-10 14:15:01
Données session apiFFCAM vide - lancement API
Import du 10-11-2022 14:15:01 Cron
Extraction SOAP : 360 adhérents extraits
360 enregistrements dans base FFCAM dont 245 à jour de licence
0 nouvelles adhésions / 0 adhérents mis à jour / 245 non traités 
Fin de traitement 2022-11-10 14:15:03
 Début de traitement 2022-06-10 18:15:01
Données session apiFFCAM vide - lancement API
Import du 10-11-2022 18:15:01 Cron
Extraction SOAP : 360 adhérents extraits
Données cb_adresse rectifiée pour 1522 - Isis BOUCHET
Données cb_adresse2 rectifiée pour 1522 - Isis BOUCHET
Données cb_codepostal rectifiée pour 1522 - Isis BOUCHET
Données cb_ville rectifiée pour 1522 - Isis BOUCHET
360 enregistrements dans base FFCAM dont 245 à jour de licence
0 nouvelles adhésions / 0 adhérents mis à jour / 245 non traités 
Fin de traitement 2022-11-10 18:15:03
 Début de traitement 2022-10-10 22:15:01
Données session apiFFCAM vide - lancement API
Import du 10-11-2022 22:15:01 Cron
Extraction SOAP : 360 adhérents extraits
Mise à jour adhésion pour 215 - Michel LUKSENBERG
360 enregistrements dans base FFCAM dont 246 à jour de licence
0 nouvelles adhésions / 1 adhérents mis à jour / 245 non traités 
Fin de traitement 2022-11-10 22:15:03
 