Début de traitement 2022-02-22 02:15:02
Données session apiFFCAM vide - lancement API
Import du 22-11-2022 02:15:02 Cron
Extraction SOAP : 365 adhérents extraits
365 enregistrements dans base FFCAM dont 261 à jour de licence
0 nouvelles adhésions / 0 adhérents mis à jour / 261 non traités 
Fin de traitement 2022-11-22 02:15:04
 Début de traitement 2022-10-22 10:15:02
Données session apiFFCAM vide - lancement API
Import du 22-11-2022 10:15:02 Cron
Extraction SOAP : 365 adhérents extraits
365 enregistrements dans base FFCAM dont 261 à jour de licence
0 nouvelles adhésions / 0 adhérents mis à jour / 261 non traités 
Fin de traitement 2022-11-22 10:15:05
 Début de traitement 2022-12-22 12:14:50
Données session apiFFCAM vide - lancement API
Import du 22-11-2022 12:14:50 Valentin IOVENE (1385)
Extraction SOAP : 365 adhérents extraits
365 enregistrements dans base FFCAM dont 261 à jour de licence
0 nouvelles adhésions / 0 adhérents mis à jour / 261 non traités 
Fin de traitement 2022-11-22 12:14:53
 Début de traitement 2022-02-22 14:15:02
Données session apiFFCAM vide - lancement API
Import du 22-11-2022 14:15:02 Cron
Extraction SOAP : 365 adhérents extraits
365 enregistrements dans base FFCAM dont 261 à jour de licence
0 nouvelles adhésions / 0 adhérents mis à jour / 261 non traités 
Fin de traitement 2022-11-22 14:15:04
 Début de traitement 2022-06-22 18:15:01
Données session apiFFCAM vide - lancement API
Import du 22-11-2022 18:15:01 Cron
Extraction SOAP : 365 adhérents extraits
365 enregistrements dans base FFCAM dont 261 à jour de licence
0 nouvelles adhésions / 0 adhérents mis à jour / 261 non traités 
Fin de traitement 2022-11-22 18:15:07
 Début de traitement 2022-10-22 22:15:01
Données session apiFFCAM vide - lancement API
Import du 22-11-2022 22:15:01 Cron
Extraction SOAP : 365 adhérents extraits
365 enregistrements dans base FFCAM dont 261 à jour de licence
0 nouvelles adhésions / 0 adhérents mis à jour / 261 non traités 
Fin de traitement 2022-11-22 22:15:04
 