Début de traitement 2022-02-24 02:15:01
Données session apiFFCAM vide - lancement API
Import du 24-12-2022 02:15:01 Cron
Extraction SOAP : 376 adhérents extraits
Attention erreur sur données de base pour 591 Clemence FAURE
Licencié 750420239049 - Paule ARNAL => pas trouvé d'adhérent correspondant exactemement
Création adherent Paule ARNAL
Adresse mail paule.arnal@free.fr existe déjà 
          pour 101 Paule ARNAL - Adhérent non créé 
376 enregistrements dans base FFCAM dont 284 à jour de licence
0 nouvelles adhésions / 0 adhérents mis à jour / 284 non traités 
Fin de traitement 2022-12-24 02:15:04
 Début de traitement 2022-10-24 10:15:01
Données session apiFFCAM vide - lancement API
Import du 24-12-2022 10:15:01 Cron
Extraction SOAP : 376 adhérents extraits
Attention erreur sur données de base pour 591 Clemence FAURE
Licencié 750420239049 - Paule ARNAL => pas trouvé d'adhérent correspondant exactemement
Création adherent Paule ARNAL
Adresse mail paule.arnal@free.fr existe déjà 
          pour 101 Paule ARNAL - Adhérent non créé 
376 enregistrements dans base FFCAM dont 284 à jour de licence
0 nouvelles adhésions / 0 adhérents mis à jour / 284 non traités 
Fin de traitement 2022-12-24 10:15:04
 Début de traitement 2022-02-24 14:15:01
Données session apiFFCAM vide - lancement API
Import du 24-12-2022 14:15:01 Cron
Extraction SOAP : 377 adhérents extraits
Attention erreur sur données de base pour 591 Clemence FAURE
Mise à jour adhésion pour 1397 - Laetitia LOUHAUT
Mise à jour adhésion pour 1568 - Victor LOUHAUT
Licencié 750420239049 - Paule ARNAL => pas trouvé d'adhérent correspondant exactemement
Création adherent Paule ARNAL
Adresse mail paule.arnal@free.fr existe déjà 
          pour 101 Paule ARNAL - Adhérent non créé 
Licencié 750420239060 - Paul VANDON => pas trouvé d'adhérent correspondant exactemement
Création adherent Paul VANDON
Insertion de Paul VANDON dans user => id = 1649
Insertion de Paul VANDON  dans usergroup_map
Insertion dans comprofiler de Paul VANDON
377 enregistrements dans base FFCAM dont 287 à jour de licence
0 nouvelles adhésions / 2 adhérents mis à jour / 285 non traités 
Fin de traitement 2022-12-24 14:15:04
 Début de traitement 2022-06-24 18:15:02
Données session apiFFCAM vide - lancement API
Import du 24-12-2022 18:15:02 Cron
Extraction SOAP : 377 adhérents extraits
Attention erreur sur données de base pour 591 Clemence FAURE
Licencié 750420239049 - Paule ARNAL => pas trouvé d'adhérent correspondant exactemement
Création adherent Paule ARNAL
Adresse mail paule.arnal@free.fr existe déjà 
          pour 101 Paule ARNAL - Adhérent non créé 
377 enregistrements dans base FFCAM dont 287 à jour de licence
0 nouvelles adhésions / 0 adhérents mis à jour / 287 non traités 
Fin de traitement 2022-12-24 18:15:05
 Début de traitement 2022-10-24 22:15:01
Données session apiFFCAM vide - lancement API
Import du 24-12-2022 22:15:01 Cron
Extraction SOAP : 377 adhérents extraits
Attention erreur sur données de base pour 591 Clemence FAURE
Licencié 750420239049 - Paule ARNAL => pas trouvé d'adhérent correspondant exactemement
Création adherent Paule ARNAL
Adresse mail paule.arnal@free.fr existe déjà 
          pour 101 Paule ARNAL - Adhérent non créé 
377 enregistrements dans base FFCAM dont 287 à jour de licence
0 nouvelles adhésions / 0 adhérents mis à jour / 287 non traités 
Fin de traitement 2022-12-24 22:15:04
 