Début de traitement 2023-02-06 02:15:01
Données session apiFFCAM vide - lancement API
Import du 06-07-2023 02:15:01 Cron
Extraction SOAP : 396 adhérents extraits
Mise à jour adhésion pour 279 - Michel SIDOROFF
Modification d'écarts de données cb_codepostal pour 279 - Michel SIDOROFF
Données cb_adresse rectifiée pour 279 - Michel SIDOROFF
396 enregistrements dans base FFCAM dont 319 à jour de licence
0 nouvelles adhésions / 1 adhérents mis à jour / 318 non traités 
Fin de traitement 2023-07-06 02:15:05
 Début de traitement 2023-10-06 10:15:01
Données session apiFFCAM vide - lancement API
Import du 06-07-2023 10:15:01 Cron
Extraction SOAP : 396 adhérents extraits
396 enregistrements dans base FFCAM dont 319 à jour de licence
0 nouvelles adhésions / 0 adhérents mis à jour / 319 non traités 
Fin de traitement 2023-07-06 10:15:05
 Début de traitement 2023-02-06 14:15:01
Données session apiFFCAM vide - lancement API
Import du 06-07-2023 14:15:01 Cron
Extraction SOAP : 396 adhérents extraits
396 enregistrements dans base FFCAM dont 319 à jour de licence
0 nouvelles adhésions / 0 adhérents mis à jour / 319 non traités 
Fin de traitement 2023-07-06 14:15:05
 Début de traitement 2023-06-06 18:15:02
Données session apiFFCAM vide - lancement API
Import du 06-07-2023 18:15:02 Cron
Extraction SOAP : 396 adhérents extraits
396 enregistrements dans base FFCAM dont 319 à jour de licence
0 nouvelles adhésions / 0 adhérents mis à jour / 319 non traités 
Fin de traitement 2023-07-06 18:15:10
 Début de traitement 2023-10-06 22:15:01
Données session apiFFCAM vide - lancement API
Import du 06-07-2023 22:15:01 Cron
Extraction SOAP : 396 adhérents extraits
396 enregistrements dans base FFCAM dont 319 à jour de licence
0 nouvelles adhésions / 0 adhérents mis à jour / 319 non traités 
Fin de traitement 2023-07-06 22:15:05
 