Début de traitement 2022-02-24 02:15:02
Données session apiFFCAM vide - lancement API
Import du 24-11-2022 02:15:02 Cron
Extraction SOAP : 365 adhérents extraits
365 enregistrements dans base FFCAM dont 261 à jour de licence
0 nouvelles adhésions / 0 adhérents mis à jour / 261 non traités 
Fin de traitement 2022-11-24 02:15:04
 Début de traitement 2022-10-24 10:15:07
Données session apiFFCAM vide - lancement API
Import du 24-11-2022 10:15:07 Cron
Extraction SOAP : 365 adhérents extraits
365 enregistrements dans base FFCAM dont 261 à jour de licence
0 nouvelles adhésions / 0 adhérents mis à jour / 261 non traités 
Fin de traitement 2022-11-24 10:15:10
 Début de traitement 2022-02-24 14:15:02
Données session apiFFCAM vide - lancement API
Import du 24-11-2022 14:15:02 Cron
Extraction SOAP : 365 adhérents extraits
365 enregistrements dans base FFCAM dont 261 à jour de licence
0 nouvelles adhésions / 0 adhérents mis à jour / 261 non traités 
Fin de traitement 2022-11-24 14:15:04
 Début de traitement 2022-06-24 18:15:01
Données session apiFFCAM vide - lancement API
Import du 24-11-2022 18:15:01 Cron
Extraction SOAP : 365 adhérents extraits
Création d'écarts de données cb_adresse pour 1606 - Helene BONNET
365 enregistrements dans base FFCAM dont 261 à jour de licence
0 nouvelles adhésions / 0 adhérents mis à jour / 261 non traités 
Fin de traitement 2022-11-24 18:15:04
 Début de traitement 2022-10-24 22:15:01
Données session apiFFCAM vide - lancement API
Import du 24-11-2022 22:15:01 Cron
Extraction SOAP : 365 adhérents extraits
365 enregistrements dans base FFCAM dont 261 à jour de licence
0 nouvelles adhésions / 0 adhérents mis à jour / 261 non traités 
Fin de traitement 2022-11-24 22:15:03
 