Début de traitement 2022-02-27 02:15:02
Données session apiFFCAM vide - lancement API
Import du 27-09-2022 02:15:02 Cron
Extraction SOAP : 344 adhérents extraits
Attention erreur sur données de base pour 1586 Pierre-Emanuel BARBIER
344 enregistrements dans base FFCAM dont 145 à jour de licence
0 nouvelles adhésions / 0 adhérents mis à jour / 145 non traités 
Fin de traitement 2022-09-27 02:15:04
 Début de traitement 2022-10-27 10:15:01
Données session apiFFCAM vide - lancement API
Import du 27-09-2022 10:15:01 Cron
Extraction SOAP : 344 adhérents extraits
Attention erreur sur données de base pour 1586 Pierre-Emanuel BARBIER
344 enregistrements dans base FFCAM dont 145 à jour de licence
0 nouvelles adhésions / 0 adhérents mis à jour / 145 non traités 
Fin de traitement 2022-09-27 10:15:04
 Début de traitement 2022-02-27 14:15:02
Données session apiFFCAM vide - lancement API
Import du 27-09-2022 14:15:02 Cron
Extraction SOAP : 344 adhérents extraits
Mise à jour adhésion pour 1393 - Christian LE ROUX
Mise à jour adhésion pour 1467 - Etienne CHAVASSE-FRETAZ
Attention erreur sur données de base pour 1586 Pierre-Emanuel BARBIER
Modification d'écarts de données email pour 1617 - Liucija ADOMAITE
344 enregistrements dans base FFCAM dont 147 à jour de licence
0 nouvelles adhésions / 2 adhérents mis à jour / 145 non traités 
Fin de traitement 2022-09-27 14:15:04
 