Début de traitement 2023-02-19 02:15:02
Données session apiFFCAM vide - lancement API
Import du 19-02-2023 02:15:02 Cron
Extraction SOAP : 390 adhérents extraits
Attention erreur sur données de base pour 591 Clemence FAURE
Licencié 750420239049 - Paule ARNAL => pas trouvé d'adhérent correspondant exactemement
Création adherent Paule ARNAL
Adresse mail paule.arnal@free.fr existe déjà 
          pour 101 Paule ARNAL - Adhérent non créé 
390 enregistrements dans base FFCAM dont 307 à jour de licence
0 nouvelles adhésions / 0 adhérents mis à jour / 307 non traités 
Fin de traitement 2023-02-19 02:15:05
 Début de traitement 2023-10-19 10:15:01
Données session apiFFCAM vide - lancement API
Import du 19-02-2023 10:15:01 Cron
Extraction SOAP : 390 adhérents extraits
Attention erreur sur données de base pour 591 Clemence FAURE
Licencié 750420239049 - Paule ARNAL => pas trouvé d'adhérent correspondant exactemement
Création adherent Paule ARNAL
Adresse mail paule.arnal@free.fr existe déjà 
          pour 101 Paule ARNAL - Adhérent non créé 
390 enregistrements dans base FFCAM dont 307 à jour de licence
0 nouvelles adhésions / 0 adhérents mis à jour / 307 non traités 
Fin de traitement 2023-02-19 10:15:04
 Début de traitement 2023-02-19 14:15:02
Données session apiFFCAM vide - lancement API
Import du 19-02-2023 14:15:02 Cron
Extraction SOAP : 390 adhérents extraits
Attention erreur sur données de base pour 591 Clemence FAURE
Licencié 750420239049 - Paule ARNAL => pas trouvé d'adhérent correspondant exactemement
Création adherent Paule ARNAL
Adresse mail paule.arnal@free.fr existe déjà 
          pour 101 Paule ARNAL - Adhérent non créé 
390 enregistrements dans base FFCAM dont 307 à jour de licence
0 nouvelles adhésions / 0 adhérents mis à jour / 307 non traités 
Fin de traitement 2023-02-19 14:15:05
 Début de traitement 2023-06-19 18:15:02
Données session apiFFCAM vide - lancement API
Import du 19-02-2023 18:15:02 Cron
Extraction SOAP : 390 adhérents extraits
Attention erreur sur données de base pour 591 Clemence FAURE
Licencié 750420239049 - Paule ARNAL => pas trouvé d'adhérent correspondant exactemement
Création adherent Paule ARNAL
Adresse mail paule.arnal@free.fr existe déjà 
          pour 101 Paule ARNAL - Adhérent non créé 
390 enregistrements dans base FFCAM dont 307 à jour de licence
0 nouvelles adhésions / 0 adhérents mis à jour / 307 non traités 
Fin de traitement 2023-02-19 18:15:07
 Début de traitement 2023-10-19 22:15:01
Données session apiFFCAM vide - lancement API
Import du 19-02-2023 22:15:01 Cron
Extraction SOAP : 390 adhérents extraits
Attention erreur sur données de base pour 591 Clemence FAURE
Licencié 750420239049 - Paule ARNAL => pas trouvé d'adhérent correspondant exactemement
Création adherent Paule ARNAL
Adresse mail paule.arnal@free.fr existe déjà 
          pour 101 Paule ARNAL - Adhérent non créé 
390 enregistrements dans base FFCAM dont 307 à jour de licence
0 nouvelles adhésions / 0 adhérents mis à jour / 307 non traités 
Fin de traitement 2023-02-19 22:15:04
 