Début de traitement 2022-02-11 02:15:01
Données session apiFFCAM vide - lancement API
Import du 11-11-2022 02:15:01 Cron
Extraction SOAP : 360 adhérents extraits
360 enregistrements dans base FFCAM dont 246 à jour de licence
0 nouvelles adhésions / 0 adhérents mis à jour / 246 non traités 
Fin de traitement 2022-11-11 02:15:04
 Début de traitement 2022-10-11 10:15:01
Données session apiFFCAM vide - lancement API
Import du 11-11-2022 10:15:01 Cron
Extraction SOAP : 360 adhérents extraits
360 enregistrements dans base FFCAM dont 246 à jour de licence
0 nouvelles adhésions / 0 adhérents mis à jour / 246 non traités 
Fin de traitement 2022-11-11 10:15:03
 Début de traitement 2022-02-11 14:15:01
Données session apiFFCAM vide - lancement API
Import du 11-11-2022 14:15:01 Cron
Extraction SOAP : 360 adhérents extraits
Mise à jour adhésion pour 133 - Marie COMMIOT
Mise à jour adhésion pour 191 - Stephane JURINE
360 enregistrements dans base FFCAM dont 248 à jour de licence
0 nouvelles adhésions / 2 adhérents mis à jour / 246 non traités 
Fin de traitement 2022-11-11 14:15:03
 Début de traitement 2022-06-11 18:15:01
Données session apiFFCAM vide - lancement API
Import du 11-11-2022 18:15:01 Cron
Extraction SOAP : 360 adhérents extraits
360 enregistrements dans base FFCAM dont 248 à jour de licence
0 nouvelles adhésions / 0 adhérents mis à jour / 248 non traités 
Fin de traitement 2022-11-11 18:15:03
 Début de traitement 2022-10-11 22:15:01
Données session apiFFCAM vide - lancement API
Import du 11-11-2022 22:15:01 Cron
Extraction SOAP : 360 adhérents extraits
360 enregistrements dans base FFCAM dont 248 à jour de licence
0 nouvelles adhésions / 0 adhérents mis à jour / 248 non traités 
Fin de traitement 2022-11-11 22:15:03
 