Début de traitement 2022-02-29 02:15:02
Données session apiFFCAM vide - lancement API
Import du 29-12-2022 02:15:02 Cron
Extraction SOAP : 379 adhérents extraits
Attention erreur sur données de base pour 591 Clemence FAURE
Licencié 750420239049 - Paule ARNAL => pas trouvé d'adhérent correspondant exactemement
Création adherent Paule ARNAL
Adresse mail paule.arnal@free.fr existe déjà 
          pour 101 Paule ARNAL - Adhérent non créé 
Création d'écarts de données cb_adresse pour 1643 - Maelis MONNANTEUIL
Création d'écarts de données cb_ville pour 1643 - Maelis MONNANTEUIL
379 enregistrements dans base FFCAM dont 289 à jour de licence
0 nouvelles adhésions / 0 adhérents mis à jour / 289 non traités 
Fin de traitement 2022-12-29 02:15:05
 Début de traitement 2022-10-29 10:15:01
Données session apiFFCAM vide - lancement API
Import du 29-12-2022 10:15:01 Cron
Extraction SOAP : 379 adhérents extraits
Attention erreur sur données de base pour 591 Clemence FAURE
Licencié 750420239049 - Paule ARNAL => pas trouvé d'adhérent correspondant exactemement
Création adherent Paule ARNAL
Adresse mail paule.arnal@free.fr existe déjà 
          pour 101 Paule ARNAL - Adhérent non créé 
379 enregistrements dans base FFCAM dont 289 à jour de licence
0 nouvelles adhésions / 0 adhérents mis à jour / 289 non traités 
Fin de traitement 2022-12-29 10:15:07
 Début de traitement 2022-02-29 14:15:01
Données session apiFFCAM vide - lancement API
Import du 29-12-2022 14:15:01 Cron
Extraction SOAP : 379 adhérents extraits
Attention erreur sur données de base pour 591 Clemence FAURE
Licencié 750420239049 - Paule ARNAL => pas trouvé d'adhérent correspondant exactemement
Création adherent Paule ARNAL
Adresse mail paule.arnal@free.fr existe déjà 
          pour 101 Paule ARNAL - Adhérent non créé 
379 enregistrements dans base FFCAM dont 289 à jour de licence
0 nouvelles adhésions / 0 adhérents mis à jour / 289 non traités 
Fin de traitement 2022-12-29 14:15:04
 Début de traitement 2022-06-29 18:15:02
Données session apiFFCAM vide - lancement API
Import du 29-12-2022 18:15:02 Cron
Extraction SOAP : 379 adhérents extraits
Attention erreur sur données de base pour 591 Clemence FAURE
Licencié 750420239049 - Paule ARNAL => pas trouvé d'adhérent correspondant exactemement
Création adherent Paule ARNAL
Adresse mail paule.arnal@free.fr existe déjà 
          pour 101 Paule ARNAL - Adhérent non créé 
379 enregistrements dans base FFCAM dont 289 à jour de licence
0 nouvelles adhésions / 0 adhérents mis à jour / 289 non traités 
Fin de traitement 2022-12-29 18:15:05
 Début de traitement 2022-10-29 22:15:01
Données session apiFFCAM vide - lancement API
Import du 29-12-2022 22:15:01 Cron
Extraction SOAP : 379 adhérents extraits
Attention erreur sur données de base pour 591 Clemence FAURE
Licencié 750420239049 - Paule ARNAL => pas trouvé d'adhérent correspondant exactemement
Création adherent Paule ARNAL
Adresse mail paule.arnal@free.fr existe déjà 
          pour 101 Paule ARNAL - Adhérent non créé 
379 enregistrements dans base FFCAM dont 289 à jour de licence
0 nouvelles adhésions / 0 adhérents mis à jour / 289 non traités 
Fin de traitement 2022-12-29 22:15:04
 