Début de traitement 2022-02-09 02:15:02
Données session apiFFCAM vide - lancement API
Import du 09-07-2022 02:15:02 Cron
Extraction SOAP : 450 adhérents extraits
Licencié 750420220011 - Pierre-Emmanue BARBIER => trouvé adhérent proche : 1586 Pierre-Emmanuel BARBIER
Licencié 750420229091 - Gabin RONAYETTE => pas trouvé d'adhérent correspondant exactemement
Création adherent Gabin RONAYETTE
Adresse mail  existe déjà 
          pour 1568 Victor LOUHAUT - Adhérent non créé 
450 enregistrements dans base FFCAM dont 315 à jour de licence
0 nouvelles adhésions / 0 adhérents mis à jour / 315 non traités 
Fin de traitement 2022-02-09 02:15:06
 Début de traitement 2022-10-09 10:15:02
Données session apiFFCAM vide - lancement API
Import du 09-07-2022 10:15:02 Cron
Extraction SOAP : 450 adhérents extraits
Licencié 750420220011 - Pierre-Emmanue BARBIER => trouvé adhérent proche : 1586 Pierre-Emmanuel BARBIER
Licencié 750420229091 - Gabin RONAYETTE => pas trouvé d'adhérent correspondant exactemement
Création adherent Gabin RONAYETTE
Adresse mail  existe déjà 
          pour 1568 Victor LOUHAUT - Adhérent non créé 
450 enregistrements dans base FFCAM dont 315 à jour de licence
0 nouvelles adhésions / 0 adhérents mis à jour / 315 non traités 
Fin de traitement 2022-10-09 10:15:05
 Début de traitement 2022-02-09 14:15:01
Données session apiFFCAM vide - lancement API
Import du 09-07-2022 14:15:01 Cron
Extraction SOAP : 450 adhérents extraits
Licencié 750420220011 - Pierre-Emmanue BARBIER => trouvé adhérent proche : 1586 Pierre-Emmanuel BARBIER
Licencié 750420229091 - Gabin RONAYETTE => pas trouvé d'adhérent correspondant exactemement
Création adherent Gabin RONAYETTE
Adresse mail  existe déjà 
          pour 1568 Victor LOUHAUT - Adhérent non créé 
450 enregistrements dans base FFCAM dont 315 à jour de licence
0 nouvelles adhésions / 0 adhérents mis à jour / 315 non traités 
Fin de traitement 2022-02-09 14:15:05
 Début de traitement 2022-06-09 18:15:02
Données session apiFFCAM vide - lancement API
Import du 09-07-2022 18:15:02 Cron
Extraction SOAP : 450 adhérents extraits
Licencié 750420220011 - Pierre-Emmanue BARBIER => trouvé adhérent proche : 1586 Pierre-Emmanuel BARBIER
Licencié 750420229091 - Gabin RONAYETTE => pas trouvé d'adhérent correspondant exactemement
Création adherent Gabin RONAYETTE
Adresse mail  existe déjà 
          pour 1568 Victor LOUHAUT - Adhérent non créé 
450 enregistrements dans base FFCAM dont 315 à jour de licence
0 nouvelles adhésions / 0 adhérents mis à jour / 315 non traités 
Fin de traitement 2022-06-09 18:15:05
 Début de traitement 2022-10-09 22:15:01
Données session apiFFCAM vide - lancement API
Import du 09-07-2022 22:15:01 Cron
Extraction SOAP : 450 adhérents extraits
Licencié 750420220011 - Pierre-Emmanue BARBIER => trouvé adhérent proche : 1586 Pierre-Emmanuel BARBIER
Licencié 750420229091 - Gabin RONAYETTE => pas trouvé d'adhérent correspondant exactemement
Création adherent Gabin RONAYETTE
Adresse mail  existe déjà 
          pour 1568 Victor LOUHAUT - Adhérent non créé 
450 enregistrements dans base FFCAM dont 315 à jour de licence
0 nouvelles adhésions / 0 adhérents mis à jour / 315 non traités 
Fin de traitement 2022-10-09 22:15:05
 