Début de traitement 2023-02-27 02:15:02
Données session apiFFCAM vide - lancement API
Import du 27-03-2023 02:15:02 Cron
Extraction SOAP : 392 adhérents extraits
392 enregistrements dans base FFCAM dont 312 à jour de licence
0 nouvelles adhésions / 0 adhérents mis à jour / 312 non traités 
Fin de traitement 2023-03-27 02:15:04
 Début de traitement 2023-10-27 10:15:01
Données session apiFFCAM vide - lancement API
Import du 27-03-2023 10:15:01 Cron
Extraction SOAP : 392 adhérents extraits
392 enregistrements dans base FFCAM dont 312 à jour de licence
0 nouvelles adhésions / 0 adhérents mis à jour / 312 non traités 
Fin de traitement 2023-03-27 10:15:09
 Début de traitement 2023-02-27 14:15:01
Données session apiFFCAM vide - lancement API
Import du 27-03-2023 14:15:01 Cron
Extraction SOAP : 392 adhérents extraits
392 enregistrements dans base FFCAM dont 312 à jour de licence
0 nouvelles adhésions / 0 adhérents mis à jour / 312 non traités 
Fin de traitement 2023-03-27 14:15:04
 Début de traitement 2023-06-27 18:15:01
Données session apiFFCAM vide - lancement API
Import du 27-03-2023 18:15:01 Cron
Extraction SOAP : 392 adhérents extraits
392 enregistrements dans base FFCAM dont 312 à jour de licence
0 nouvelles adhésions / 0 adhérents mis à jour / 312 non traités 
Fin de traitement 2023-03-27 18:15:08
 Début de traitement 2023-10-27 22:15:01
Données session apiFFCAM vide - lancement API
Import du 27-03-2023 22:15:01 Cron
Extraction SOAP : 392 adhérents extraits
392 enregistrements dans base FFCAM dont 312 à jour de licence
0 nouvelles adhésions / 0 adhérents mis à jour / 312 non traités 
Fin de traitement 2023-03-27 22:15:07
 