Début de traitement 2023-02-13 02:15:02
Données session apiFFCAM vide - lancement API
Import du 13-03-2023 02:15:02 Cron
Extraction SOAP : 391 adhérents extraits
Attention erreur sur données de base pour 591 Clemence FAURE
Licencié 750420239049 - Paule ARNAL => pas trouvé d'adhérent correspondant exactemement
Création adherent Paule ARNAL
Adresse mail paule.arnal@free.fr existe déjà 
          pour 101 Paule ARNAL - Adhérent non créé 
391 enregistrements dans base FFCAM dont 310 à jour de licence
0 nouvelles adhésions / 0 adhérents mis à jour / 310 non traités 
Fin de traitement 2023-03-13 02:15:04
 Début de traitement 2023-10-13 10:15:02
Données session apiFFCAM vide - lancement API
Import du 13-03-2023 10:15:02 Cron
Extraction SOAP : 391 adhérents extraits
Attention erreur sur données de base pour 591 Clemence FAURE
Licencié 750420239049 - Paule ARNAL => pas trouvé d'adhérent correspondant exactemement
Création adherent Paule ARNAL
Adresse mail paule.arnal@free.fr existe déjà 
          pour 101 Paule ARNAL - Adhérent non créé 
391 enregistrements dans base FFCAM dont 310 à jour de licence
0 nouvelles adhésions / 0 adhérents mis à jour / 310 non traités 
Fin de traitement 2023-03-13 10:15:08
 Début de traitement 2023-02-13 14:15:01
Données session apiFFCAM vide - lancement API
Import du 13-03-2023 14:15:01 Cron
Extraction SOAP : 391 adhérents extraits
Attention erreur sur données de base pour 591 Clemence FAURE
Création d'écarts de données cb_adresse pour 537 - Sylvain DOUSSOT
Création d'écarts de données cb_codepostal pour 537 - Sylvain DOUSSOT
Création d'écarts de données cb_ville pour 537 - Sylvain DOUSSOT
Création d'écarts de données cb_adresse pour 850 - Charlotte MAY
Création d'écarts de données cb_codepostal pour 850 - Charlotte MAY
Création d'écarts de données cb_ville pour 850 - Charlotte MAY
Licencié 750420239049 - Paule ARNAL => pas trouvé d'adhérent correspondant exactemement
Création adherent Paule ARNAL
Adresse mail paule.arnal@free.fr existe déjà 
          pour 101 Paule ARNAL - Adhérent non créé 
391 enregistrements dans base FFCAM dont 310 à jour de licence
0 nouvelles adhésions / 0 adhérents mis à jour / 310 non traités 
Fin de traitement 2023-03-13 14:15:04
 Début de traitement 2023-06-13 18:15:02
Données session apiFFCAM vide - lancement API
Import du 13-03-2023 18:15:02 Cron
Extraction SOAP : 391 adhérents extraits
Attention erreur sur données de base pour 591 Clemence FAURE
Licencié 750420239049 - Paule ARNAL => pas trouvé d'adhérent correspondant exactemement
Création adherent Paule ARNAL
Adresse mail paule.arnal@free.fr existe déjà 
          pour 101 Paule ARNAL - Adhérent non créé 
391 enregistrements dans base FFCAM dont 310 à jour de licence
0 nouvelles adhésions / 0 adhérents mis à jour / 310 non traités 
Fin de traitement 2023-03-13 18:15:05
 Début de traitement 2023-10-13 22:15:02
Données session apiFFCAM vide - lancement API
Import du 13-03-2023 22:15:02 Cron
Extraction SOAP : 391 adhérents extraits
Attention erreur sur données de base pour 591 Clemence FAURE
Licencié 750420239049 - Paule ARNAL => pas trouvé d'adhérent correspondant exactemement
Création adherent Paule ARNAL
Adresse mail paule.arnal@free.fr existe déjà 
          pour 101 Paule ARNAL - Adhérent non créé 
391 enregistrements dans base FFCAM dont 310 à jour de licence
0 nouvelles adhésions / 0 adhérents mis à jour / 310 non traités 
Fin de traitement 2023-03-13 22:15:05
 