Début de traitement 2022-02-20 02:15:02
Données session apiFFCAM vide - lancement API
Import du 20-12-2022 02:15:02 Cron
Extraction SOAP : 373 adhérents extraits
Attention erreur sur données de base pour 591 Clemence FAURE
Licencié 750420239049 - Paule ARNAL => pas trouvé d'adhérent correspondant exactemement
Création adherent Paule ARNAL
Adresse mail paule.arnal@free.fr existe déjà 
          pour 101 Paule ARNAL - Adhérent non créé 
373 enregistrements dans base FFCAM dont 279 à jour de licence
0 nouvelles adhésions / 0 adhérents mis à jour / 279 non traités 
Fin de traitement 2022-12-20 02:15:04
 Début de traitement 2022-10-20 10:15:01
Données session apiFFCAM vide - lancement API
Import du 20-12-2022 10:15:01 Cron
Extraction SOAP : 373 adhérents extraits
Attention erreur sur données de base pour 591 Clemence FAURE
Licencié 750420239049 - Paule ARNAL => pas trouvé d'adhérent correspondant exactemement
Création adherent Paule ARNAL
Adresse mail paule.arnal@free.fr existe déjà 
          pour 101 Paule ARNAL - Adhérent non créé 
373 enregistrements dans base FFCAM dont 279 à jour de licence
0 nouvelles adhésions / 0 adhérents mis à jour / 279 non traités 
Fin de traitement 2022-12-20 10:15:04
 Début de traitement 2022-02-20 14:15:01
Données session apiFFCAM vide - lancement API
Import du 20-12-2022 14:15:01 Cron
Extraction SOAP : 373 adhérents extraits
Attention erreur sur données de base pour 591 Clemence FAURE
Licencié 750420239049 - Paule ARNAL => pas trouvé d'adhérent correspondant exactemement
Création adherent Paule ARNAL
Adresse mail paule.arnal@free.fr existe déjà 
          pour 101 Paule ARNAL - Adhérent non créé 
373 enregistrements dans base FFCAM dont 279 à jour de licence
0 nouvelles adhésions / 0 adhérents mis à jour / 279 non traités 
Fin de traitement 2022-12-20 14:15:04
 Début de traitement 2022-06-20 18:15:01
Données session apiFFCAM vide - lancement API
Import du 20-12-2022 18:15:01 Cron
Extraction SOAP : 373 adhérents extraits
Attention erreur sur données de base pour 591 Clemence FAURE
Mise à jour adhésion pour 1553 - Mathias FORMOSO
Modification d'écarts de données cb_ville pour 1553 - Mathias FORMOSO
Modification d'écarts de données cb_mobile pour 1553 - Mathias FORMOSO
Modification d'écarts de données cb_telfixe pour 1553 - Mathias FORMOSO
Données cb_adresse rectifiée pour 1553 - Mathias FORMOSO
Données cb_codepostal rectifiée pour 1553 - Mathias FORMOSO
Licencié 750420239049 - Paule ARNAL => pas trouvé d'adhérent correspondant exactemement
Création adherent Paule ARNAL
Adresse mail paule.arnal@free.fr existe déjà 
          pour 101 Paule ARNAL - Adhérent non créé 
373 enregistrements dans base FFCAM dont 280 à jour de licence
0 nouvelles adhésions / 1 adhérents mis à jour / 279 non traités 
Fin de traitement 2022-12-20 18:15:05
 Début de traitement 2022-10-20 22:15:01
Données session apiFFCAM vide - lancement API
Import du 20-12-2022 22:15:01 Cron
Extraction SOAP : 373 adhérents extraits
Attention erreur sur données de base pour 591 Clemence FAURE
Licencié 750420239049 - Paule ARNAL => pas trouvé d'adhérent correspondant exactemement
Création adherent Paule ARNAL
Adresse mail paule.arnal@free.fr existe déjà 
          pour 101 Paule ARNAL - Adhérent non créé 
373 enregistrements dans base FFCAM dont 280 à jour de licence
0 nouvelles adhésions / 0 adhérents mis à jour / 280 non traités 
Fin de traitement 2022-12-20 22:15:04
 