Début de traitement 2022-02-12 02:15:02
Données session apiFFCAM vide - lancement API
Import du 12-10-2022 02:15:02 Cron
Extraction SOAP : 351 adhérents extraits
351 enregistrements dans base FFCAM dont 195 à jour de licence
0 nouvelles adhésions / 0 adhérents mis à jour / 195 non traités 
Fin de traitement 2022-10-12 02:15:04
 Début de traitement 2022-10-12 10:15:01
Données session apiFFCAM vide - lancement API
Import du 12-10-2022 10:15:01 Cron
Extraction SOAP : 351 adhérents extraits
351 enregistrements dans base FFCAM dont 195 à jour de licence
0 nouvelles adhésions / 0 adhérents mis à jour / 195 non traités 
Fin de traitement 2022-10-12 10:15:04
 Début de traitement 2022-02-12 14:15:01
Données session apiFFCAM vide - lancement API
Import du 12-10-2022 14:15:01 Cron
Extraction SOAP : 351 adhérents extraits
351 enregistrements dans base FFCAM dont 195 à jour de licence
0 nouvelles adhésions / 0 adhérents mis à jour / 195 non traités 
Fin de traitement 2022-10-12 14:15:04
 Début de traitement 2022-06-12 18:15:01
Données session apiFFCAM vide - lancement API
Import du 12-10-2022 18:15:01 Cron
Extraction SOAP : 351 adhérents extraits
Mise à jour adhésion pour 1194 - Pietro FORNASETTI
Mise à jour adhésion pour 1195 - Manon FRAPPA
Modification d'écarts de données cb_adresse pour 1195 - Manon FRAPPA
351 enregistrements dans base FFCAM dont 197 à jour de licence
0 nouvelles adhésions / 2 adhérents mis à jour / 195 non traités 
Fin de traitement 2022-10-12 18:15:04
 Début de traitement 2022-10-12 22:15:01
Données session apiFFCAM vide - lancement API
Import du 12-10-2022 22:15:01 Cron
Extraction SOAP : 351 adhérents extraits
351 enregistrements dans base FFCAM dont 197 à jour de licence
0 nouvelles adhésions / 0 adhérents mis à jour / 197 non traités 
Fin de traitement 2022-10-12 22:15:03
 