Début de traitement 2022-02-07 02:15:02
Données session apiFFCAM vide - lancement API
Import du 07-12-2022 02:15:02 Cron
Extraction SOAP : 368 adhérents extraits
Attention erreur sur données de base pour 591 Clemence FAURE
Licencié 750420239049 - Paule ARNAL => pas trouvé d'adhérent correspondant exactemement
Création adherent Paule ARNAL
Adresse mail paule.arnal@free.fr existe déjà 
          pour 101 Paule ARNAL - Adhérent non créé 
368 enregistrements dans base FFCAM dont 269 à jour de licence
0 nouvelles adhésions / 0 adhérents mis à jour / 269 non traités 
Fin de traitement 2022-12-07 02:15:04
 Début de traitement 2022-10-07 10:15:01
Données session apiFFCAM vide - lancement API
Import du 07-12-2022 10:15:01 Cron
Extraction SOAP : 368 adhérents extraits
Attention erreur sur données de base pour 591 Clemence FAURE
Licencié 750420239049 - Paule ARNAL => pas trouvé d'adhérent correspondant exactemement
Création adherent Paule ARNAL
Adresse mail paule.arnal@free.fr existe déjà 
          pour 101 Paule ARNAL - Adhérent non créé 
368 enregistrements dans base FFCAM dont 269 à jour de licence
0 nouvelles adhésions / 0 adhérents mis à jour / 269 non traités 
Fin de traitement 2022-12-07 10:15:04
 Début de traitement 2022-02-07 14:15:02
Données session apiFFCAM vide - lancement API
Import du 07-12-2022 14:15:02 Cron
Extraction SOAP : 369 adhérents extraits
Attention erreur sur données de base pour 591 Clemence FAURE
Licencié 750420239049 - Paule ARNAL => pas trouvé d'adhérent correspondant exactemement
Création adherent Paule ARNAL
Adresse mail paule.arnal@free.fr existe déjà 
          pour 101 Paule ARNAL - Adhérent non créé 
Licencié 750420239052 - Anne DELACOURT => pas trouvé d'adhérent correspondant exactemement
Création adherent Anne DELACOURT
Insertion de Anne DELACOURT dans user => id = 1640
Insertion de Anne DELACOURT  dans usergroup_map
Insertion dans comprofiler de Anne DELACOURT
369 enregistrements dans base FFCAM dont 270 à jour de licence
0 nouvelles adhésions / 0 adhérents mis à jour / 270 non traités 
Fin de traitement 2022-12-07 14:15:05
 Début de traitement 2022-06-07 18:15:01
Données session apiFFCAM vide - lancement API
Import du 07-12-2022 18:15:01 Cron
Extraction SOAP : 369 adhérents extraits
Attention erreur sur données de base pour 591 Clemence FAURE
Création d'écarts de données cb_mobile pour 276 - Jean-Luc RUDKIEWICZ
Licencié 750420239049 - Paule ARNAL => pas trouvé d'adhérent correspondant exactemement
Création adherent Paule ARNAL
Adresse mail paule.arnal@free.fr existe déjà 
          pour 101 Paule ARNAL - Adhérent non créé 
369 enregistrements dans base FFCAM dont 270 à jour de licence
0 nouvelles adhésions / 0 adhérents mis à jour / 270 non traités 
Fin de traitement 2022-12-07 18:15:05
 Début de traitement 2022-10-07 22:15:01
Données session apiFFCAM vide - lancement API
Import du 07-12-2022 22:15:01 Cron
Extraction SOAP : 369 adhérents extraits
Attention erreur sur données de base pour 591 Clemence FAURE
Licencié 750420239049 - Paule ARNAL => pas trouvé d'adhérent correspondant exactemement
Création adherent Paule ARNAL
Adresse mail paule.arnal@free.fr existe déjà 
          pour 101 Paule ARNAL - Adhérent non créé 
369 enregistrements dans base FFCAM dont 270 à jour de licence
0 nouvelles adhésions / 0 adhérents mis à jour / 270 non traités 
Fin de traitement 2022-12-07 22:15:05
 