Début de traitement 2023-02-04 02:15:02
Données session apiFFCAM vide - lancement API
Import du 04-01-2023 02:15:02 Cron
Extraction SOAP : 381 adhérents extraits
Attention erreur sur données de base pour 591 Clemence FAURE
Licencié 750420239049 - Paule ARNAL => pas trouvé d'adhérent correspondant exactemement
Création adherent Paule ARNAL
Adresse mail paule.arnal@free.fr existe déjà 
          pour 101 Paule ARNAL - Adhérent non créé 
381 enregistrements dans base FFCAM dont 294 à jour de licence
0 nouvelles adhésions / 0 adhérents mis à jour / 294 non traités 
Fin de traitement 2023-01-04 02:15:04
 Début de traitement 2023-10-04 10:15:02
Données session apiFFCAM vide - lancement API
Import du 04-01-2023 10:15:02 Cron
Extraction SOAP : 381 adhérents extraits
Attention erreur sur données de base pour 591 Clemence FAURE
Licencié 750420239049 - Paule ARNAL => pas trouvé d'adhérent correspondant exactemement
Création adherent Paule ARNAL
Adresse mail paule.arnal@free.fr existe déjà 
          pour 101 Paule ARNAL - Adhérent non créé 
381 enregistrements dans base FFCAM dont 294 à jour de licence
0 nouvelles adhésions / 0 adhérents mis à jour / 294 non traités 
Fin de traitement 2023-01-04 10:15:05
 Début de traitement 2023-02-04 14:15:02
Données session apiFFCAM vide - lancement API
Import du 04-01-2023 14:15:02 Cron
Extraction SOAP : 381 adhérents extraits
Attention erreur sur données de base pour 591 Clemence FAURE
Licencié 750420239049 - Paule ARNAL => pas trouvé d'adhérent correspondant exactemement
Création adherent Paule ARNAL
Adresse mail paule.arnal@free.fr existe déjà 
          pour 101 Paule ARNAL - Adhérent non créé 
381 enregistrements dans base FFCAM dont 294 à jour de licence
0 nouvelles adhésions / 0 adhérents mis à jour / 294 non traités 
Fin de traitement 2023-01-04 14:15:05
 Début de traitement 2023-06-04 18:15:01
Données session apiFFCAM vide - lancement API
Import du 04-01-2023 18:15:01 Cron
Extraction SOAP : 381 adhérents extraits
Attention erreur sur données de base pour 591 Clemence FAURE
Licencié 750420239049 - Paule ARNAL => pas trouvé d'adhérent correspondant exactemement
Création adherent Paule ARNAL
Adresse mail paule.arnal@free.fr existe déjà 
          pour 101 Paule ARNAL - Adhérent non créé 
381 enregistrements dans base FFCAM dont 294 à jour de licence
0 nouvelles adhésions / 0 adhérents mis à jour / 294 non traités 
Fin de traitement 2023-01-04 18:15:04
 Début de traitement 2023-10-04 22:15:02
Données session apiFFCAM vide - lancement API
Import du 04-01-2023 22:15:02 Cron
Extraction SOAP : 382 adhérents extraits
Attention erreur sur données de base pour 591 Clemence FAURE
Licencié 750420239049 - Paule ARNAL => pas trouvé d'adhérent correspondant exactemement
Création adherent Paule ARNAL
Adresse mail paule.arnal@free.fr existe déjà 
          pour 101 Paule ARNAL - Adhérent non créé 
Licencié 750420239065 - Tristan FAUVEL => pas trouvé d'adhérent correspondant exactemement
Création adherent Tristan FAUVEL
Insertion de Tristan FAUVEL dans user => id = 1654
Insertion de Tristan FAUVEL  dans usergroup_map
Insertion dans comprofiler de Tristan FAUVEL
382 enregistrements dans base FFCAM dont 295 à jour de licence
0 nouvelles adhésions / 0 adhérents mis à jour / 295 non traités 
Fin de traitement 2023-01-04 22:15:05
 