Début de traitement 2023-02-15 02:15:01
Données session apiFFCAM vide - lancement API
Import du 15-04-2023 02:15:01 Cron
Extraction SOAP : 392 adhérents extraits
392 enregistrements dans base FFCAM dont 313 à jour de licence
0 nouvelles adhésions / 0 adhérents mis à jour / 313 non traités 
Fin de traitement 2023-04-15 02:15:04
 Début de traitement 2023-10-15 10:15:01
Données session apiFFCAM vide - lancement API
Import du 15-04-2023 10:15:01 Cron
Extraction SOAP : 392 adhérents extraits
392 enregistrements dans base FFCAM dont 313 à jour de licence
0 nouvelles adhésions / 0 adhérents mis à jour / 313 non traités 
Fin de traitement 2023-04-15 10:15:04
 Début de traitement 2023-02-15 14:15:02
Données session apiFFCAM vide - lancement API
Import du 15-04-2023 14:15:02 Cron
Extraction SOAP : 392 adhérents extraits
392 enregistrements dans base FFCAM dont 313 à jour de licence
0 nouvelles adhésions / 0 adhérents mis à jour / 313 non traités 
Fin de traitement 2023-04-15 14:15:04
 Début de traitement 2023-06-15 18:15:01
Données session apiFFCAM vide - lancement API
Import du 15-04-2023 18:15:01 Cron
Extraction SOAP : 393 adhérents extraits
Licencié 750420239076 - Claire NOLLET => pas trouvé d'adhérent correspondant exactemement
Création adherent Claire NOLLET
Insertion de Claire NOLLET dans user => id = 1668
Insertion de Claire NOLLET  dans usergroup_map
Insertion dans comprofiler de Claire NOLLET
393 enregistrements dans base FFCAM dont 314 à jour de licence
0 nouvelles adhésions / 0 adhérents mis à jour / 314 non traités 
Fin de traitement 2023-04-15 18:15:04
 Début de traitement 2023-10-15 22:15:01
Données session apiFFCAM vide - lancement API
Import du 15-04-2023 22:15:01 Cron
Extraction SOAP : 393 adhérents extraits
393 enregistrements dans base FFCAM dont 314 à jour de licence
0 nouvelles adhésions / 0 adhérents mis à jour / 314 non traités 
Fin de traitement 2023-04-15 22:15:04
 