Début de traitement 2022-02-19 02:15:01
Données session apiFFCAM vide - lancement API
Import du 19-10-2022 02:15:01 Cron
Extraction SOAP : 354 adhérents extraits
Licencié 750420230001 - Sylvain CHEVREL => pas trouvé d'adhérent correspondant exactemement
Création adherent Sylvain CHEVREL
Insertion de Sylvain CHEVREL dans user => id = 1625
Insertion de Sylvain CHEVREL  dans usergroup_map
Insertion dans comprofiler de Sylvain CHEVREL
354 enregistrements dans base FFCAM dont 209 à jour de licence
0 nouvelles adhésions / 0 adhérents mis à jour / 209 non traités 
Fin de traitement 2022-10-19 02:15:04
 Début de traitement 2022-10-19 10:15:01
Données session apiFFCAM vide - lancement API
Import du 19-10-2022 10:15:01 Cron
Extraction SOAP : 354 adhérents extraits
Création d'écarts de données cb_adresse pour 1625 - Sylvain CHEVREL
354 enregistrements dans base FFCAM dont 209 à jour de licence
0 nouvelles adhésions / 0 adhérents mis à jour / 209 non traités 
Fin de traitement 2022-10-19 10:15:04
 Début de traitement 2022-02-19 14:15:02
Données session apiFFCAM vide - lancement API
Import du 19-10-2022 14:15:02 Cron
Extraction SOAP : 354 adhérents extraits
354 enregistrements dans base FFCAM dont 209 à jour de licence
0 nouvelles adhésions / 0 adhérents mis à jour / 209 non traités 
Fin de traitement 2022-10-19 14:15:04
 Début de traitement 2022-06-19 18:15:02
Données session apiFFCAM vide - lancement API
Import du 19-10-2022 18:15:02 Cron
Extraction SOAP : 354 adhérents extraits
354 enregistrements dans base FFCAM dont 209 à jour de licence
0 nouvelles adhésions / 0 adhérents mis à jour / 209 non traités 
Fin de traitement 2022-10-19 18:15:04
 Début de traitement 2022-10-19 22:15:02
Données session apiFFCAM vide - lancement API
Import du 19-10-2022 22:15:02 Cron
Extraction SOAP : 354 adhérents extraits
354 enregistrements dans base FFCAM dont 209 à jour de licence
0 nouvelles adhésions / 0 adhérents mis à jour / 209 non traités 
Fin de traitement 2022-10-19 22:15:04
 