Début de traitement 2022-02-08 02:15:02
Données session apiFFCAM vide - lancement API
Import du 08-10-2022 02:15:02 Cron
Extraction SOAP : 350 adhérents extraits
350 enregistrements dans base FFCAM dont 189 à jour de licence
0 nouvelles adhésions / 0 adhérents mis à jour / 189 non traités 
Fin de traitement 2022-10-08 02:15:04
 Début de traitement 2022-10-08 10:15:01
Données session apiFFCAM vide - lancement API
Import du 08-10-2022 10:15:01 Cron
Extraction SOAP : 350 adhérents extraits
350 enregistrements dans base FFCAM dont 189 à jour de licence
0 nouvelles adhésions / 0 adhérents mis à jour / 189 non traités 
Fin de traitement 2022-10-08 10:15:04
 Début de traitement 2022-02-08 14:15:06
Données session apiFFCAM vide - lancement API
Import du 08-10-2022 14:15:06 Cron
Extraction SOAP : 350 adhérents extraits
Mise à jour adhésion pour 1559 - Helene VIEILLEFOSSE
350 enregistrements dans base FFCAM dont 190 à jour de licence
0 nouvelles adhésions / 1 adhérents mis à jour / 189 non traités 
Fin de traitement 2022-10-08 14:15:09
 Début de traitement 2022-06-08 18:15:01
Données session apiFFCAM vide - lancement API
Import du 08-10-2022 18:15:01 Cron
Extraction SOAP : 350 adhérents extraits
350 enregistrements dans base FFCAM dont 190 à jour de licence
0 nouvelles adhésions / 0 adhérents mis à jour / 190 non traités 
Fin de traitement 2022-10-08 18:15:04
 Début de traitement 2022-10-08 22:15:01
Données session apiFFCAM vide - lancement API
Import du 08-10-2022 22:15:01 Cron
Extraction SOAP : 350 adhérents extraits
350 enregistrements dans base FFCAM dont 190 à jour de licence
0 nouvelles adhésions / 0 adhérents mis à jour / 190 non traités 
Fin de traitement 2022-10-08 22:15:04
 