Début de traitement 2022-02-17 02:15:02
Données session apiFFCAM vide - lancement API
Import du 17-09-2022 02:15:02 Cron
Extraction SOAP : 338 adhérents extraits
Licencié 750420239017 - Brice RAMI => pas trouvé d'adhérent correspondant exactemement
Création adherent Brice RAMI
Adresse mail brice.rami@gmail.com existe déjà 
          pour 1602 Brice RAMI - Adhérent non créé 
Licencié 750420239020 - Pierre-Emanuel BARBIER => trouvé adhérent proche : 1586 Pierre-Emmanuel BARBIER
338 enregistrements dans base FFCAM dont 107 à jour de licence
0 nouvelles adhésions / 0 adhérents mis à jour / 107 non traités 
Fin de traitement 2022-09-17 02:15:04
 Début de traitement 2022-10-17 10:15:02
Données session apiFFCAM vide - lancement API
Import du 17-09-2022 10:15:02 Cron
Extraction SOAP : 338 adhérents extraits
Licencié 750420239017 - Brice RAMI => pas trouvé d'adhérent correspondant exactemement
Création adherent Brice RAMI
Adresse mail brice.rami@gmail.com existe déjà 
          pour 1602 Brice RAMI - Adhérent non créé 
Licencié 750420239020 - Pierre-Emanuel BARBIER => trouvé adhérent proche : 1586 Pierre-Emmanuel BARBIER
338 enregistrements dans base FFCAM dont 107 à jour de licence
0 nouvelles adhésions / 0 adhérents mis à jour / 107 non traités 
Fin de traitement 2022-09-17 10:15:04
 Début de traitement 2022-02-17 14:15:02
Données session apiFFCAM vide - lancement API
Import du 17-09-2022 14:15:02 Cron
Extraction SOAP : 338 adhérents extraits
Mise à jour adhésion pour 234 - Pietro MOSCA
Mise à jour adhésion pour 644 - Adelaide TOP
Mise à jour adhésion pour 1375 - Tristan RUELLAN
Licencié 750420239017 - Brice RAMI => pas trouvé d'adhérent correspondant exactemement
Création adherent Brice RAMI
Insertion de Brice RAMI dans user => id = 1612
Insertion de Brice RAMI  dans usergroup_map
Insertion dans comprofiler de Brice RAMI
Licencié 750420239020 - Pierre-Emanuel BARBIER => trouvé adhérent proche : 1586 Pierre-Emmanuel BARBIER
338 enregistrements dans base FFCAM dont 110 à jour de licence
0 nouvelles adhésions / 3 adhérents mis à jour / 107 non traités 
Fin de traitement 2022-09-17 14:15:04
 Début de traitement 2022-06-17 18:15:01
Données session apiFFCAM vide - lancement API
Import du 17-09-2022 18:15:01 Cron
Extraction SOAP : 338 adhérents extraits
Données cb_adresse rectifiée pour 537 - Sylvain DOUSSOT
Données cb_adresse rectifiée pour 850 - Charlotte MAY
Modification d'écarts de données cb_ville pour 1220 - Sylvain ROUX
Modification d'écarts de données cb_telfixe pour 1220 - Sylvain ROUX
Mise à jour adhésion pour 1247 - Aline GILLETTE
Modification d'écarts de données cb_adresse pour 1290 - Gema HERRERO CORRAL
Données cb_mobile rectifiée pour 1578 - Alix WEIL
Modification d'écarts de données cb_adresse pour 1502 - Xavier HENNEQUIN
Mise à jour adhésion pour 1548 - Jean BURRUS
Modification d'écarts de données cb_mobile pour 1565 - Serge THERR
Licencié 750420239020 - Pierre-Emanuel BARBIER => trouvé adhérent proche : 1586 Pierre-Emmanuel BARBIER
338 enregistrements dans base FFCAM dont 112 à jour de licence
0 nouvelles adhésions / 2 adhérents mis à jour / 110 non traités 
Fin de traitement 2022-09-17 18:15:04
 Début de traitement 2022-10-17 22:15:02
Données session apiFFCAM vide - lancement API
Import du 17-09-2022 22:15:02 Cron
Extraction SOAP : 338 adhérents extraits
Licencié 750420239020 - Pierre-Emanuel BARBIER => trouvé adhérent proche : 1586 Pierre-Emmanuel BARBIER
338 enregistrements dans base FFCAM dont 112 à jour de licence
0 nouvelles adhésions / 0 adhérents mis à jour / 112 non traités 
Fin de traitement 2022-09-17 22:15:04
 