Début de traitement 2022-02-24 02:15:01
Données session apiFFCAM vide - lancement API
Import du 24-10-2022 02:15:01 Cron
Extraction SOAP : 355 adhérents extraits
355 enregistrements dans base FFCAM dont 216 à jour de licence
0 nouvelles adhésions / 0 adhérents mis à jour / 216 non traités 
Fin de traitement 2022-10-24 02:15:04
 Début de traitement 2022-10-24 10:15:02
Données session apiFFCAM vide - lancement API
Import du 24-10-2022 10:15:02 Cron
Extraction SOAP : 355 adhérents extraits
355 enregistrements dans base FFCAM dont 216 à jour de licence
0 nouvelles adhésions / 0 adhérents mis à jour / 216 non traités 
Fin de traitement 2022-10-24 10:15:04
 Début de traitement 2022-02-24 14:15:01
Données session apiFFCAM vide - lancement API
Import du 24-10-2022 14:15:01 Cron
Extraction SOAP : 355 adhérents extraits
Mise à jour adhésion pour 272 - Samuel RONAYETTE
Création d'écarts de données cb_contactaccident pour 272 - Samuel RONAYETTE
Mise à jour adhésion pour 263 - Olivier RAIMOND
Mise à jour adhésion pour 350 - Sophie COMMIOT
Mise à jour adhésion pour 102 - Celine ARSAC
Mise à jour adhésion pour 1574 - Fabrice AIDELSBERG
355 enregistrements dans base FFCAM dont 221 à jour de licence
0 nouvelles adhésions / 5 adhérents mis à jour / 216 non traités 
Fin de traitement 2022-10-24 14:15:03
 Début de traitement 2022-06-24 18:15:01
Données session apiFFCAM vide - lancement API
Import du 24-10-2022 18:15:01 Cron
Extraction SOAP : 356 adhérents extraits
Licencié 750420239039 - Thi-Tuong-Vi NGUYEN => pas trouvé d'adhérent correspondant exactemement
Création adherent Thi-Tuong-Vi NGUYEN
Insertion de Thi-Tuong-Vi NGUYEN dans user => id = 1627
Insertion de Thi-Tuong-Vi NGUYEN  dans usergroup_map
Insertion dans comprofiler de Thi-Tuong-Vi NGUYEN
356 enregistrements dans base FFCAM dont 222 à jour de licence
0 nouvelles adhésions / 0 adhérents mis à jour / 222 non traités 
Fin de traitement 2022-10-24 18:15:03
 Début de traitement 2022-10-24 22:15:01
Données session apiFFCAM vide - lancement API
Import du 24-10-2022 22:15:01 Cron
Extraction SOAP : 356 adhérents extraits
356 enregistrements dans base FFCAM dont 222 à jour de licence
0 nouvelles adhésions / 0 adhérents mis à jour / 222 non traités 
Fin de traitement 2022-10-24 22:15:03
 