Début de traitement 2022-02-19 02:15:02
Données session apiFFCAM vide - lancement API
Import du 19-11-2022 02:15:02 Cron
Extraction SOAP : 363 adhérents extraits
363 enregistrements dans base FFCAM dont 258 à jour de licence
0 nouvelles adhésions / 0 adhérents mis à jour / 258 non traités 
Fin de traitement 2022-11-19 02:15:04
 Début de traitement 2022-10-19 10:15:02
Données session apiFFCAM vide - lancement API
Import du 19-11-2022 10:15:02 Cron
Extraction SOAP : 363 adhérents extraits
363 enregistrements dans base FFCAM dont 258 à jour de licence
0 nouvelles adhésions / 0 adhérents mis à jour / 258 non traités 
Fin de traitement 2022-11-19 10:15:04
 Début de traitement 2022-02-19 14:15:01
Données session apiFFCAM vide - lancement API
Import du 19-11-2022 14:15:01 Cron
Extraction SOAP : 363 adhérents extraits
363 enregistrements dans base FFCAM dont 258 à jour de licence
0 nouvelles adhésions / 0 adhérents mis à jour / 258 non traités 
Fin de traitement 2022-11-19 14:15:04
 Début de traitement 2022-06-19 18:15:01
Données session apiFFCAM vide - lancement API
Import du 19-11-2022 18:15:01 Cron
Extraction SOAP : 363 adhérents extraits
363 enregistrements dans base FFCAM dont 258 à jour de licence
0 nouvelles adhésions / 0 adhérents mis à jour / 258 non traités 
Fin de traitement 2022-11-19 18:15:04
 Début de traitement 2022-10-19 22:15:01
Données session apiFFCAM vide - lancement API
Import du 19-11-2022 22:15:01 Cron
Extraction SOAP : 363 adhérents extraits
363 enregistrements dans base FFCAM dont 258 à jour de licence
0 nouvelles adhésions / 0 adhérents mis à jour / 258 non traités 
Fin de traitement 2022-11-19 22:15:04
 