Début de traitement 2023-02-11 02:15:01
Données session apiFFCAM vide - lancement API
Import du 11-02-2023 02:15:01 Cron
Extraction SOAP : 388 adhérents extraits
Attention erreur sur données de base pour 591 Clemence FAURE
Licencié 750420239049 - Paule ARNAL => pas trouvé d'adhérent correspondant exactemement
Création adherent Paule ARNAL
Adresse mail paule.arnal@free.fr existe déjà 
          pour 101 Paule ARNAL - Adhérent non créé 
388 enregistrements dans base FFCAM dont 304 à jour de licence
0 nouvelles adhésions / 0 adhérents mis à jour / 304 non traités 
Fin de traitement 2023-02-11 02:15:04
 Début de traitement 2023-10-11 10:15:02
Données session apiFFCAM vide - lancement API
Import du 11-02-2023 10:15:02 Cron
Extraction SOAP : 388 adhérents extraits
Attention erreur sur données de base pour 591 Clemence FAURE
Licencié 750420239049 - Paule ARNAL => pas trouvé d'adhérent correspondant exactemement
Création adherent Paule ARNAL
Adresse mail paule.arnal@free.fr existe déjà 
          pour 101 Paule ARNAL - Adhérent non créé 
388 enregistrements dans base FFCAM dont 304 à jour de licence
0 nouvelles adhésions / 0 adhérents mis à jour / 304 non traités 
Fin de traitement 2023-02-11 10:15:05
 Début de traitement 2023-02-11 14:15:02
Données session apiFFCAM vide - lancement API
Import du 11-02-2023 14:15:02 Cron
Extraction SOAP : 388 adhérents extraits
Attention erreur sur données de base pour 591 Clemence FAURE
Licencié 750420239049 - Paule ARNAL => pas trouvé d'adhérent correspondant exactemement
Création adherent Paule ARNAL
Adresse mail paule.arnal@free.fr existe déjà 
          pour 101 Paule ARNAL - Adhérent non créé 
388 enregistrements dans base FFCAM dont 304 à jour de licence
0 nouvelles adhésions / 0 adhérents mis à jour / 304 non traités 
Fin de traitement 2023-02-11 14:15:05
 Début de traitement 2023-06-11 18:15:02
Données session apiFFCAM vide - lancement API
Import du 11-02-2023 18:15:02 Cron
Extraction SOAP : 388 adhérents extraits
Attention erreur sur données de base pour 591 Clemence FAURE
Licencié 750420239049 - Paule ARNAL => pas trouvé d'adhérent correspondant exactemement
Création adherent Paule ARNAL
Adresse mail paule.arnal@free.fr existe déjà 
          pour 101 Paule ARNAL - Adhérent non créé 
388 enregistrements dans base FFCAM dont 304 à jour de licence
0 nouvelles adhésions / 0 adhérents mis à jour / 304 non traités 
Fin de traitement 2023-02-11 18:15:09
 Début de traitement 2023-10-11 22:15:02
Données session apiFFCAM vide - lancement API
Import du 11-02-2023 22:15:02 Cron
Extraction SOAP : 388 adhérents extraits
Attention erreur sur données de base pour 591 Clemence FAURE
Licencié 750420239049 - Paule ARNAL => pas trouvé d'adhérent correspondant exactemement
Création adherent Paule ARNAL
Adresse mail paule.arnal@free.fr existe déjà 
          pour 101 Paule ARNAL - Adhérent non créé 
388 enregistrements dans base FFCAM dont 304 à jour de licence
0 nouvelles adhésions / 0 adhérents mis à jour / 304 non traités 
Fin de traitement 2023-02-11 22:15:05
 