Début de traitement 2022-02-04 02:15:02
Données session apiFFCAM vide - lancement API
Import du 04-12-2022 02:15:02 Cron
Extraction SOAP : 367 adhérents extraits
Attention erreur sur données de base pour 591 Clemence FAURE
Licencié 750420239049 - Paule ARNAL => pas trouvé d'adhérent correspondant exactemement
Création adherent Paule ARNAL
Adresse mail paule.arnal@free.fr existe déjà 
          pour 101 Paule ARNAL - Adhérent non créé 
367 enregistrements dans base FFCAM dont 266 à jour de licence
0 nouvelles adhésions / 0 adhérents mis à jour / 266 non traités 
Fin de traitement 2022-12-04 02:15:04
 Début de traitement 2022-10-04 10:15:01
Données session apiFFCAM vide - lancement API
Import du 04-12-2022 10:15:01 Cron
Extraction SOAP : 367 adhérents extraits
Attention erreur sur données de base pour 591 Clemence FAURE
Licencié 750420239049 - Paule ARNAL => pas trouvé d'adhérent correspondant exactemement
Création adherent Paule ARNAL
Adresse mail paule.arnal@free.fr existe déjà 
          pour 101 Paule ARNAL - Adhérent non créé 
367 enregistrements dans base FFCAM dont 266 à jour de licence
0 nouvelles adhésions / 0 adhérents mis à jour / 266 non traités 
Fin de traitement 2022-12-04 10:15:04
 Début de traitement 2022-02-04 14:15:01
Données session apiFFCAM vide - lancement API
Import du 04-12-2022 14:15:01 Cron
Extraction SOAP : 367 adhérents extraits
Attention erreur sur données de base pour 591 Clemence FAURE
Licencié 750420239049 - Paule ARNAL => pas trouvé d'adhérent correspondant exactemement
Création adherent Paule ARNAL
Adresse mail paule.arnal@free.fr existe déjà 
          pour 101 Paule ARNAL - Adhérent non créé 
367 enregistrements dans base FFCAM dont 266 à jour de licence
0 nouvelles adhésions / 0 adhérents mis à jour / 266 non traités 
Fin de traitement 2022-12-04 14:15:03
 Début de traitement 2022-06-04 18:15:01
Données session apiFFCAM vide - lancement API
Import du 04-12-2022 18:15:01 Cron
Extraction SOAP : 368 adhérents extraits
Attention erreur sur données de base pour 591 Clemence FAURE
Licencié 750420239049 - Paule ARNAL => pas trouvé d'adhérent correspondant exactemement
Création adherent Paule ARNAL
Adresse mail paule.arnal@free.fr existe déjà 
          pour 101 Paule ARNAL - Adhérent non créé 
Licencié 750420239051 - Maryna KUMEDA => pas trouvé d'adhérent correspondant exactemement
Création adherent Maryna KUMEDA
Insertion de Maryna KUMEDA dans user => id = 1639
Insertion de Maryna KUMEDA  dans usergroup_map
Insertion dans comprofiler de Maryna KUMEDA
368 enregistrements dans base FFCAM dont 267 à jour de licence
0 nouvelles adhésions / 0 adhérents mis à jour / 267 non traités 
Fin de traitement 2022-12-04 18:15:04
 Début de traitement 2022-10-04 22:15:01
Données session apiFFCAM vide - lancement API
Import du 04-12-2022 22:15:01 Cron
Extraction SOAP : 368 adhérents extraits
Attention erreur sur données de base pour 591 Clemence FAURE
Licencié 750420239049 - Paule ARNAL => pas trouvé d'adhérent correspondant exactemement
Création adherent Paule ARNAL
Adresse mail paule.arnal@free.fr existe déjà 
          pour 101 Paule ARNAL - Adhérent non créé 
368 enregistrements dans base FFCAM dont 267 à jour de licence
0 nouvelles adhésions / 0 adhérents mis à jour / 267 non traités 
Fin de traitement 2022-12-04 22:15:04
 