Début de traitement 2023-02-22 02:15:01
Données session apiFFCAM vide - lancement API
Import du 22-03-2023 02:15:01 Cron
Extraction SOAP : 392 adhérents extraits
392 enregistrements dans base FFCAM dont 311 à jour de licence
0 nouvelles adhésions / 0 adhérents mis à jour / 311 non traités 
Fin de traitement 2023-03-22 02:15:04
 Début de traitement 2023-10-22 10:15:02
Données session apiFFCAM vide - lancement API
Import du 22-03-2023 10:15:02 Cron
Extraction SOAP : 392 adhérents extraits
392 enregistrements dans base FFCAM dont 311 à jour de licence
0 nouvelles adhésions / 0 adhérents mis à jour / 311 non traités 
Fin de traitement 2023-03-22 10:15:05
 Début de traitement 2023-02-22 14:15:02
Données session apiFFCAM vide - lancement API
Import du 22-03-2023 14:15:02 Cron
Extraction SOAP : 392 adhérents extraits
392 enregistrements dans base FFCAM dont 311 à jour de licence
0 nouvelles adhésions / 0 adhérents mis à jour / 311 non traités 
Fin de traitement 2023-03-22 14:15:05
 Début de traitement 2023-06-22 18:15:02
Données session apiFFCAM vide - lancement API
Import du 22-03-2023 18:15:02 Cron
Extraction SOAP : 392 adhérents extraits
392 enregistrements dans base FFCAM dont 311 à jour de licence
0 nouvelles adhésions / 0 adhérents mis à jour / 311 non traités 
Fin de traitement 2023-03-22 18:15:05
 Début de traitement 2023-10-22 22:15:01
Données session apiFFCAM vide - lancement API
Import du 22-03-2023 22:15:01 Cron
Extraction SOAP : 392 adhérents extraits
392 enregistrements dans base FFCAM dont 311 à jour de licence
0 nouvelles adhésions / 0 adhérents mis à jour / 311 non traités 
Fin de traitement 2023-03-22 22:15:07
 