Début de traitement 2022-02-07 02:15:01
Données session apiFFCAM vide - lancement API
Import du 07-11-2022 02:15:01 Cron
Extraction SOAP : 359 adhérents extraits
359 enregistrements dans base FFCAM dont 243 à jour de licence
0 nouvelles adhésions / 0 adhérents mis à jour / 243 non traités 
Fin de traitement 2022-11-07 02:15:04
 Début de traitement 2022-10-07 10:15:01
Données session apiFFCAM vide - lancement API
Import du 07-11-2022 10:15:01 Cron
Extraction SOAP : 359 adhérents extraits
Modification d'écarts de données cb_adresse pour 1297 - Lara HUGHES-ALLEN
Modification d'écarts de données cb_ville pour 1297 - Lara HUGHES-ALLEN
Modification d'écarts de données cb_telfixe pour 1297 - Lara HUGHES-ALLEN
Modification d'écarts de données cb_contactaccident pour 1297 - Lara HUGHES-ALLEN
Données cb_adresse2 rectifiée pour 1297 - Lara HUGHES-ALLEN
Données cb_codepostal rectifiée pour 1297 - Lara HUGHES-ALLEN
Données email rectifiée pour 1297 - Lara HUGHES-ALLEN
359 enregistrements dans base FFCAM dont 243 à jour de licence
0 nouvelles adhésions / 0 adhérents mis à jour / 243 non traités 
Fin de traitement 2022-11-07 10:15:04
 Début de traitement 2022-02-07 14:15:01
Données session apiFFCAM vide - lancement API
Import du 07-11-2022 14:15:01 Cron
Extraction SOAP : 359 adhérents extraits
359 enregistrements dans base FFCAM dont 243 à jour de licence
0 nouvelles adhésions / 0 adhérents mis à jour / 243 non traités 
Fin de traitement 2022-11-07 14:15:04
 Début de traitement 2022-06-07 18:15:02
Données session apiFFCAM vide - lancement API
Import du 07-11-2022 18:15:02 Cron
Extraction SOAP : 359 adhérents extraits
359 enregistrements dans base FFCAM dont 243 à jour de licence
0 nouvelles adhésions / 0 adhérents mis à jour / 243 non traités 
Fin de traitement 2022-11-07 18:15:04
 Début de traitement 2022-10-07 22:15:01
Données session apiFFCAM vide - lancement API
Import du 07-11-2022 22:15:01 Cron
Extraction SOAP : 360 adhérents extraits
Licencié 750420239043 - Elise MARÈS => pas trouvé d'adhérent correspondant exactemement
Création adherent Elise MARÈS
Insertion de Elise MARÈS dans user => id = 1632
Insertion de Elise MARÈS  dans usergroup_map
Insertion dans comprofiler de Elise MARÈS
360 enregistrements dans base FFCAM dont 244 à jour de licence
0 nouvelles adhésions / 0 adhérents mis à jour / 244 non traités 
Fin de traitement 2022-11-07 22:15:04
 