Début de traitement 2023-02-19 02:15:01
Données session apiFFCAM vide - lancement API
Import du 19-05-2023 02:15:01 Cron
Extraction SOAP : 396 adhérents extraits
396 enregistrements dans base FFCAM dont 318 à jour de licence
0 nouvelles adhésions / 0 adhérents mis à jour / 318 non traités 
Fin de traitement 2023-05-19 02:15:04
 Début de traitement 2023-10-19 10:15:01
Données session apiFFCAM vide - lancement API
Import du 19-05-2023 10:15:01 Cron
Extraction SOAP : 396 adhérents extraits
396 enregistrements dans base FFCAM dont 318 à jour de licence
0 nouvelles adhésions / 0 adhérents mis à jour / 318 non traités 
Fin de traitement 2023-05-19 10:15:05
 Début de traitement 2023-02-19 14:15:02
Données session apiFFCAM vide - lancement API
Import du 19-05-2023 14:15:02 Cron
Extraction SOAP : 396 adhérents extraits
396 enregistrements dans base FFCAM dont 318 à jour de licence
0 nouvelles adhésions / 0 adhérents mis à jour / 318 non traités 
Fin de traitement 2023-05-19 14:15:05
 Début de traitement 2023-06-19 18:15:01
Données session apiFFCAM vide - lancement API
Import du 19-05-2023 18:15:01 Cron
Extraction SOAP : 396 adhérents extraits
396 enregistrements dans base FFCAM dont 318 à jour de licence
0 nouvelles adhésions / 0 adhérents mis à jour / 318 non traités 
Fin de traitement 2023-05-19 18:15:05
 Début de traitement 2023-10-19 22:15:02
Données session apiFFCAM vide - lancement API
Import du 19-05-2023 22:15:02 Cron
Extraction SOAP : 396 adhérents extraits
396 enregistrements dans base FFCAM dont 318 à jour de licence
0 nouvelles adhésions / 0 adhérents mis à jour / 318 non traités 
Fin de traitement 2023-05-19 22:15:05
 