Début de traitement 2023-02-22 02:15:01
Données session apiFFCAM vide - lancement API
Import du 22-06-2023 02:15:01 Cron
Extraction SOAP : 396 adhérents extraits
396 enregistrements dans base FFCAM dont 318 à jour de licence
0 nouvelles adhésions / 0 adhérents mis à jour / 318 non traités 
Fin de traitement 2023-06-22 02:15:04
 Début de traitement 2023-10-22 10:15:01
Données session apiFFCAM vide - lancement API
Import du 22-06-2023 10:15:01 Cron
Extraction SOAP : 396 adhérents extraits
396 enregistrements dans base FFCAM dont 318 à jour de licence
0 nouvelles adhésions / 0 adhérents mis à jour / 318 non traités 
Fin de traitement 2023-06-22 10:15:04
 Début de traitement 2023-02-22 14:15:01
Données session apiFFCAM vide - lancement API
Import du 22-06-2023 14:15:01 Cron
Extraction SOAP : 396 adhérents extraits
396 enregistrements dans base FFCAM dont 318 à jour de licence
0 nouvelles adhésions / 0 adhérents mis à jour / 318 non traités 
Fin de traitement 2023-06-22 14:15:04
 Début de traitement 2023-06-22 18:15:06
Données session apiFFCAM vide - lancement API
Import du 22-06-2023 18:15:06 Cron
Extraction SOAP : 396 adhérents extraits
396 enregistrements dans base FFCAM dont 318 à jour de licence
0 nouvelles adhésions / 0 adhérents mis à jour / 318 non traités 
Fin de traitement 2023-06-22 18:15:10
 Début de traitement 2023-10-22 22:15:01
Données session apiFFCAM vide - lancement API
Import du 22-06-2023 22:15:01 Cron
Extraction SOAP : 396 adhérents extraits
396 enregistrements dans base FFCAM dont 318 à jour de licence
0 nouvelles adhésions / 0 adhérents mis à jour / 318 non traités 
Fin de traitement 2023-06-22 22:15:04
 