Début de traitement 2022-02-03 02:15:02
Données session apiFFCAM vide - lancement API
Import du 03-09-2022 02:15:02 Cron
Extraction SOAP : 323 adhérents extraits
323 enregistrements dans base FFCAM dont 9 à jour de licence
0 nouvelles adhésions / 0 adhérents mis à jour / 9 non traités 
Fin de traitement 2022-09-03 02:15:03
 Début de traitement 2022-10-03 10:15:02
Données session apiFFCAM vide - lancement API
Import du 03-09-2022 10:15:02 Cron
Extraction SOAP : 323 adhérents extraits
323 enregistrements dans base FFCAM dont 9 à jour de licence
0 nouvelles adhésions / 0 adhérents mis à jour / 9 non traités 
Fin de traitement 2022-09-03 10:15:03
 Début de traitement 2022-02-03 14:15:01
Données session apiFFCAM vide - lancement API
Import du 03-09-2022 14:15:01 Cron
Extraction SOAP : 323 adhérents extraits
Mise à jour adhésion pour 96 - Lionel AIGOUY
Mise à jour adhésion pour 824 - Francois MARCHAND
Mise à jour adhésion pour 1502 - Xavier HENNEQUIN
Mise à jour adhésion pour 1515 - Gael LEGRAS
Mise à jour adhésion pour 1565 - Serge THERR
Création d'écarts de données cb_adresse pour 1565 - Serge THERR
323 enregistrements dans base FFCAM dont 14 à jour de licence
0 nouvelles adhésions / 5 adhérents mis à jour / 9 non traités 
Fin de traitement 2022-09-03 14:15:03
 Début de traitement 2022-06-03 18:15:01
Données session apiFFCAM vide - lancement API
Import du 03-09-2022 18:15:01 Cron
Extraction SOAP : 323 adhérents extraits
323 enregistrements dans base FFCAM dont 14 à jour de licence
0 nouvelles adhésions / 0 adhérents mis à jour / 14 non traités 
Fin de traitement 2022-09-03 18:15:03
 Début de traitement 2022-10-03 22:15:02
Données session apiFFCAM vide - lancement API
Import du 03-09-2022 22:15:02 Cron
Extraction SOAP : 323 adhérents extraits
Mise à jour adhésion pour 224 - Antoine MELCHIOR
Mise à jour adhésion pour 129 - Michele CHEVALIER
Mise à jour adhésion pour 1086 - Alain DEMOY
Mise à jour adhésion pour 1103 - Melanie ZETLAOUI
Mise à jour adhésion pour 1363 - Luc SEGOUFIN
323 enregistrements dans base FFCAM dont 19 à jour de licence
0 nouvelles adhésions / 5 adhérents mis à jour / 14 non traités 
Fin de traitement 2022-09-03 22:15:03
 