Début de traitement 2022-02-17 02:15:01
Données session apiFFCAM vide - lancement API
Import du 17-10-2022 02:15:01 Cron
Extraction SOAP : 352 adhérents extraits
352 enregistrements dans base FFCAM dont 206 à jour de licence
0 nouvelles adhésions / 0 adhérents mis à jour / 206 non traités 
Fin de traitement 2022-10-17 02:15:04
 Début de traitement 2022-10-17 10:15:01
Données session apiFFCAM vide - lancement API
Import du 17-10-2022 10:15:01 Cron
Extraction SOAP : 352 adhérents extraits
352 enregistrements dans base FFCAM dont 206 à jour de licence
0 nouvelles adhésions / 0 adhérents mis à jour / 206 non traités 
Fin de traitement 2022-10-17 10:15:04
 Début de traitement 2022-02-17 14:15:01
Données session apiFFCAM vide - lancement API
Import du 17-10-2022 14:15:01 Cron
Extraction SOAP : 352 adhérents extraits
Mise à jour adhésion pour 1455 - Jean-Philippe LORGEAU
Modification d'écarts de données cb_adresse pour 1565 - Serge THERR
Modification d'écarts de données cb_contactaccident pour 1565 - Serge THERR
352 enregistrements dans base FFCAM dont 207 à jour de licence
0 nouvelles adhésions / 1 adhérents mis à jour / 206 non traités 
Fin de traitement 2022-10-17 14:15:04
 Début de traitement 2022-06-17 18:15:01
Données session apiFFCAM vide - lancement API
Import du 17-10-2022 18:15:01 Cron
Extraction SOAP : 352 adhérents extraits
352 enregistrements dans base FFCAM dont 207 à jour de licence
0 nouvelles adhésions / 0 adhérents mis à jour / 207 non traités 
Fin de traitement 2022-10-17 18:15:04
 Début de traitement 2022-07-17 19:14:19
Données session apiFFCAM vide - lancement API
Import du 17-10-2022 19:14:19 Benoit D'HALLUIN (62)
Extraction SOAP : 352 adhérents extraits
352 enregistrements dans base FFCAM dont 207 à jour de licence
0 nouvelles adhésions / 0 adhérents mis à jour / 207 non traités 
Fin de traitement 2022-10-17 19:14:21
 Début de traitement 2022-07-17 19:32:47
Données session apiFFCAM vide - lancement API
Import du 17-10-2022 19:32:47 Benoit D'HALLUIN (62)
Extraction SOAP : 352 adhérents extraits
352 enregistrements dans base FFCAM dont 207 à jour de licence
0 nouvelles adhésions / 0 adhérents mis à jour / 207 non traités 
Fin de traitement 2022-10-17 19:32:49
 Début de traitement 2022-10-17 22:15:01
Données session apiFFCAM vide - lancement API
Import du 17-10-2022 22:15:01 Cron
Extraction SOAP : 352 adhérents extraits
Données cb_mobile rectifiée pour 1550 - Edith BOURSANGE
352 enregistrements dans base FFCAM dont 207 à jour de licence
0 nouvelles adhésions / 0 adhérents mis à jour / 207 non traités 
Fin de traitement 2022-10-17 22:15:04
 