Début de traitement 2022-02-07 02:15:02
Données session apiFFCAM vide - lancement API
Import du 07-09-2022 02:15:02 Cron
Extraction SOAP : 325 adhérents extraits
325 enregistrements dans base FFCAM dont 56 à jour de licence
0 nouvelles adhésions / 0 adhérents mis à jour / 56 non traités 
Fin de traitement 2022-09-07 02:15:04
 Début de traitement 2022-10-07 10:15:01
Données session apiFFCAM vide - lancement API
Import du 07-09-2022 10:15:01 Cron
Extraction SOAP : 325 adhérents extraits
325 enregistrements dans base FFCAM dont 56 à jour de licence
0 nouvelles adhésions / 0 adhérents mis à jour / 56 non traités 
Fin de traitement 2022-09-07 10:15:03
 Début de traitement 2022-02-07 14:15:02
Données session apiFFCAM vide - lancement API
Import du 07-09-2022 14:15:02 Cron
Extraction SOAP : 325 adhérents extraits
Mise à jour adhésion pour 153 - Thierry DU CREST
Mise à jour adhésion pour 278 - Aurelie SCHWARTZMANN
Mise à jour adhésion pour 1330 - Monika BATHELLIER
Mise à jour adhésion pour 1489 - Kareen DU CREST
325 enregistrements dans base FFCAM dont 60 à jour de licence
0 nouvelles adhésions / 4 adhérents mis à jour / 56 non traités 
Fin de traitement 2022-09-07 14:15:03
 Début de traitement 2022-06-07 18:15:02
Données session apiFFCAM vide - lancement API
Import du 07-09-2022 18:15:02 Cron
Extraction SOAP : 325 adhérents extraits
Mise à jour adhésion pour 1517 - Aurelie GOY
325 enregistrements dans base FFCAM dont 61 à jour de licence
0 nouvelles adhésions / 1 adhérents mis à jour / 60 non traités 
Fin de traitement 2022-09-07 18:15:04
 Début de traitement 2022-10-07 22:15:01
Données session apiFFCAM vide - lancement API
Import du 07-09-2022 22:15:01 Cron
Extraction SOAP : 325 adhérents extraits
Mise à jour adhésion pour 1557 - Marshall WILSON
325 enregistrements dans base FFCAM dont 62 à jour de licence
0 nouvelles adhésions / 1 adhérents mis à jour / 61 non traités 
Fin de traitement 2022-09-07 22:15:03
 