Début de traitement 2022-02-02 02:15:01
Données session apiFFCAM vide - lancement API
Import du 02-09-2022 02:15:01 Cron
Extraction SOAP : 322 adhérents extraits
Création d'écarts de données cb_adresse2 pour 1591 - Theodore DE MAUPEOU
322 enregistrements dans base FFCAM dont 8 à jour de licence
0 nouvelles adhésions / 0 adhérents mis à jour / 8 non traités 
Fin de traitement 2022-09-02 02:15:02
 Début de traitement 2022-10-02 10:15:02
Données session apiFFCAM vide - lancement API
Import du 02-09-2022 10:15:02 Cron
Extraction SOAP : 322 adhérents extraits
322 enregistrements dans base FFCAM dont 8 à jour de licence
0 nouvelles adhésions / 0 adhérents mis à jour / 8 non traités 
Fin de traitement 2022-09-02 10:15:03
 Début de traitement 2022-02-02 14:15:02
Données session apiFFCAM vide - lancement API
Import du 02-09-2022 14:15:02 Cron
Extraction SOAP : 322 adhérents extraits
322 enregistrements dans base FFCAM dont 8 à jour de licence
0 nouvelles adhésions / 0 adhérents mis à jour / 8 non traités 
Fin de traitement 2022-09-02 14:15:03
 Début de traitement 2022-03-02 15:15:12
Données session apiFFCAM vide - lancement API
Import du 02-09-2022 15:15:12 Benoit D'HALLUIN (62)
Extraction SOAP : 322 adhérents extraits
322 enregistrements dans base FFCAM dont 8 à jour de licence
0 nouvelles adhésions / 0 adhérents mis à jour / 8 non traités 
Fin de traitement 2022-09-02 15:15:14
 Début de traitement 2022-06-02 18:15:02
Données session apiFFCAM vide - lancement API
Import du 02-09-2022 18:15:02 Cron
Extraction SOAP : 323 adhérents extraits
Mise à jour adhésion pour 1088 - Solene CANCEILL
Licencié 750420239007 - Nicolas GRAY => pas trouvé d'adhérent correspondant exactemement
Création adherent Nicolas GRAY
Insertion de Nicolas GRAY dans user => id = 1597
Insertion de Nicolas GRAY  dans usergroup_map
Insertion dans comprofiler de Nicolas GRAY
323 enregistrements dans base FFCAM dont 9 à jour de licence
0 nouvelles adhésions / 1 adhérents mis à jour / 8 non traités 
Fin de traitement 2022-09-02 18:15:06
 Début de traitement 2022-10-02 22:15:02
Données session apiFFCAM vide - lancement API
Import du 02-09-2022 22:15:02 Cron
Extraction SOAP : 323 adhérents extraits
323 enregistrements dans base FFCAM dont 9 à jour de licence
0 nouvelles adhésions / 0 adhérents mis à jour / 9 non traités 
Fin de traitement 2022-09-02 22:15:03
 