Début de traitement 2023-02-27 02:15:01
Données session apiFFCAM vide - lancement API
Import du 27-06-2023 02:15:01 Cron
Extraction SOAP : 396 adhérents extraits
396 enregistrements dans base FFCAM dont 318 à jour de licence
0 nouvelles adhésions / 0 adhérents mis à jour / 318 non traités 
Fin de traitement 2023-06-27 02:15:04
 Début de traitement 2023-10-27 10:15:01
Données session apiFFCAM vide - lancement API
Import du 27-06-2023 10:15:01 Cron
Extraction SOAP : 396 adhérents extraits
396 enregistrements dans base FFCAM dont 318 à jour de licence
0 nouvelles adhésions / 0 adhérents mis à jour / 318 non traités 
Fin de traitement 2023-06-27 10:15:05
 Début de traitement 2023-02-27 14:15:02
Données session apiFFCAM vide - lancement API
Import du 27-06-2023 14:15:02 Cron
Extraction SOAP : 396 adhérents extraits
396 enregistrements dans base FFCAM dont 318 à jour de licence
0 nouvelles adhésions / 0 adhérents mis à jour / 318 non traités 
Fin de traitement 2023-06-27 14:15:05
 Début de traitement 2023-06-27 18:15:02
Données session apiFFCAM vide - lancement API
Import du 27-06-2023 18:15:02 Cron
Extraction SOAP : 396 adhérents extraits
396 enregistrements dans base FFCAM dont 318 à jour de licence
0 nouvelles adhésions / 0 adhérents mis à jour / 318 non traités 
Fin de traitement 2023-06-27 18:15:09
 Début de traitement 2023-10-27 22:15:02
Données session apiFFCAM vide - lancement API
Import du 27-06-2023 22:15:02 Cron
Extraction SOAP : 396 adhérents extraits
396 enregistrements dans base FFCAM dont 318 à jour de licence
0 nouvelles adhésions / 0 adhérents mis à jour / 318 non traités 
Fin de traitement 2023-06-27 22:15:05
 