Début de traitement 2023-02-09 02:15:02
Données session apiFFCAM vide - lancement API
Import du 09-02-2023 02:15:02 Cron
Extraction SOAP : 387 adhérents extraits
Attention erreur sur données de base pour 591 Clemence FAURE
Licencié 750420239049 - Paule ARNAL => pas trouvé d'adhérent correspondant exactemement
Création adherent Paule ARNAL
Adresse mail paule.arnal@free.fr existe déjà 
          pour 101 Paule ARNAL - Adhérent non créé 
387 enregistrements dans base FFCAM dont 303 à jour de licence
0 nouvelles adhésions / 0 adhérents mis à jour / 303 non traités 
Fin de traitement 2023-02-09 02:15:04
 Début de traitement 2023-10-09 10:15:01
Données session apiFFCAM vide - lancement API
Import du 09-02-2023 10:15:01 Cron
Extraction SOAP : 387 adhérents extraits
Attention erreur sur données de base pour 591 Clemence FAURE
Licencié 750420239049 - Paule ARNAL => pas trouvé d'adhérent correspondant exactemement
Création adherent Paule ARNAL
Adresse mail paule.arnal@free.fr existe déjà 
          pour 101 Paule ARNAL - Adhérent non créé 
387 enregistrements dans base FFCAM dont 303 à jour de licence
0 nouvelles adhésions / 0 adhérents mis à jour / 303 non traités 
Fin de traitement 2023-02-09 10:15:05
 Début de traitement 2023-02-09 14:15:01
Données session apiFFCAM vide - lancement API
Import du 09-02-2023 14:15:01 Cron
Extraction SOAP : 387 adhérents extraits
Attention erreur sur données de base pour 591 Clemence FAURE
Licencié 750420239049 - Paule ARNAL => pas trouvé d'adhérent correspondant exactemement
Création adherent Paule ARNAL
Adresse mail paule.arnal@free.fr existe déjà 
          pour 101 Paule ARNAL - Adhérent non créé 
387 enregistrements dans base FFCAM dont 303 à jour de licence
0 nouvelles adhésions / 0 adhérents mis à jour / 303 non traités 
Fin de traitement 2023-02-09 14:15:04
 Début de traitement 2023-06-09 18:15:02
Données session apiFFCAM vide - lancement API
Import du 09-02-2023 18:15:02 Cron
Extraction SOAP : 387 adhérents extraits
Attention erreur sur données de base pour 591 Clemence FAURE
Licencié 750420239049 - Paule ARNAL => pas trouvé d'adhérent correspondant exactemement
Création adherent Paule ARNAL
Adresse mail paule.arnal@free.fr existe déjà 
          pour 101 Paule ARNAL - Adhérent non créé 
387 enregistrements dans base FFCAM dont 303 à jour de licence
0 nouvelles adhésions / 0 adhérents mis à jour / 303 non traités 
Fin de traitement 2023-02-09 18:15:06
 Début de traitement 2023-10-09 22:15:07
Données session apiFFCAM vide - lancement API
Import du 09-02-2023 22:15:07 Cron
Extraction SOAP : 388 adhérents extraits
Attention erreur sur données de base pour 591 Clemence FAURE
Licencié 750420239049 - Paule ARNAL => pas trouvé d'adhérent correspondant exactemement
Création adherent Paule ARNAL
Adresse mail paule.arnal@free.fr existe déjà 
          pour 101 Paule ARNAL - Adhérent non créé 
Licencié 750420239071 - Patrice LADOY => pas trouvé d'adhérent correspondant exactemement
Création adherent Patrice LADOY
Insertion de Patrice LADOY dans user => id = 1659
Insertion de Patrice LADOY  dans usergroup_map
Insertion dans comprofiler de Patrice LADOY
388 enregistrements dans base FFCAM dont 304 à jour de licence
0 nouvelles adhésions / 0 adhérents mis à jour / 304 non traités 
Fin de traitement 2023-02-09 22:15:10
 