Début de traitement 2022-02-17 02:15:01
Données session apiFFCAM vide - lancement API
Import du 17-12-2022 02:15:01 Cron
Extraction SOAP : 373 adhérents extraits
Attention erreur sur données de base pour 591 Clemence FAURE
Licencié 750420239049 - Paule ARNAL => pas trouvé d'adhérent correspondant exactemement
Création adherent Paule ARNAL
Adresse mail paule.arnal@free.fr existe déjà 
          pour 101 Paule ARNAL - Adhérent non créé 
373 enregistrements dans base FFCAM dont 278 à jour de licence
0 nouvelles adhésions / 0 adhérents mis à jour / 278 non traités 
Fin de traitement 2022-12-17 02:15:04
 Début de traitement 2022-10-17 10:15:01
Données session apiFFCAM vide - lancement API
Import du 17-12-2022 10:15:01 Cron
Extraction SOAP : 373 adhérents extraits
Attention erreur sur données de base pour 591 Clemence FAURE
Licencié 750420239049 - Paule ARNAL => pas trouvé d'adhérent correspondant exactemement
Création adherent Paule ARNAL
Adresse mail paule.arnal@free.fr existe déjà 
          pour 101 Paule ARNAL - Adhérent non créé 
373 enregistrements dans base FFCAM dont 278 à jour de licence
0 nouvelles adhésions / 0 adhérents mis à jour / 278 non traités 
Fin de traitement 2022-12-17 10:15:05
 Début de traitement 2022-02-17 14:15:02
Données session apiFFCAM vide - lancement API
Import du 17-12-2022 14:15:02 Cron
Extraction SOAP : 373 adhérents extraits
Attention erreur sur données de base pour 591 Clemence FAURE
Licencié 750420239049 - Paule ARNAL => pas trouvé d'adhérent correspondant exactemement
Création adherent Paule ARNAL
Adresse mail paule.arnal@free.fr existe déjà 
          pour 101 Paule ARNAL - Adhérent non créé 
373 enregistrements dans base FFCAM dont 278 à jour de licence
0 nouvelles adhésions / 0 adhérents mis à jour / 278 non traités 
Fin de traitement 2022-12-17 14:15:04
 Début de traitement 2022-06-17 18:15:01
Données session apiFFCAM vide - lancement API
Import du 17-12-2022 18:15:01 Cron
Extraction SOAP : 373 adhérents extraits
Attention erreur sur données de base pour 591 Clemence FAURE
Licencié 750420239049 - Paule ARNAL => pas trouvé d'adhérent correspondant exactemement
Création adherent Paule ARNAL
Adresse mail paule.arnal@free.fr existe déjà 
          pour 101 Paule ARNAL - Adhérent non créé 
373 enregistrements dans base FFCAM dont 278 à jour de licence
0 nouvelles adhésions / 0 adhérents mis à jour / 278 non traités 
Fin de traitement 2022-12-17 18:15:04
 Début de traitement 2022-10-17 22:15:02
Données session apiFFCAM vide - lancement API
Import du 17-12-2022 22:15:02 Cron
Extraction SOAP : 373 adhérents extraits
Attention erreur sur données de base pour 591 Clemence FAURE
Licencié 750420239049 - Paule ARNAL => pas trouvé d'adhérent correspondant exactemement
Création adherent Paule ARNAL
Adresse mail paule.arnal@free.fr existe déjà 
          pour 101 Paule ARNAL - Adhérent non créé 
373 enregistrements dans base FFCAM dont 278 à jour de licence
0 nouvelles adhésions / 0 adhérents mis à jour / 278 non traités 
Fin de traitement 2022-12-17 22:15:04
 