Début de traitement 2023-02-02 02:15:02
Données session apiFFCAM vide - lancement API
Import du 02-07-2023 02:15:02 Cron
Extraction SOAP : 396 adhérents extraits
396 enregistrements dans base FFCAM dont 318 à jour de licence
0 nouvelles adhésions / 0 adhérents mis à jour / 318 non traités 
Fin de traitement 2023-07-02 02:15:05
 Début de traitement 2023-10-02 10:15:01
Données session apiFFCAM vide - lancement API
Import du 02-07-2023 10:15:01 Cron
Extraction SOAP : 396 adhérents extraits
396 enregistrements dans base FFCAM dont 318 à jour de licence
0 nouvelles adhésions / 0 adhérents mis à jour / 318 non traités 
Fin de traitement 2023-07-02 10:15:04
 Début de traitement 2023-02-02 14:15:02
Données session apiFFCAM vide - lancement API
Import du 02-07-2023 14:15:02 Cron
Extraction SOAP : 396 adhérents extraits
396 enregistrements dans base FFCAM dont 318 à jour de licence
0 nouvelles adhésions / 0 adhérents mis à jour / 318 non traités 
Fin de traitement 2023-07-02 14:15:05
 Début de traitement 2023-06-02 18:15:01
Données session apiFFCAM vide - lancement API
Import du 02-07-2023 18:15:01 Cron
Extraction SOAP : 396 adhérents extraits
396 enregistrements dans base FFCAM dont 318 à jour de licence
0 nouvelles adhésions / 0 adhérents mis à jour / 318 non traités 
Fin de traitement 2023-07-02 18:15:04
 Début de traitement 2023-10-02 22:15:02
Données session apiFFCAM vide - lancement API
Import du 02-07-2023 22:15:02 Cron
Extraction SOAP : 396 adhérents extraits
396 enregistrements dans base FFCAM dont 318 à jour de licence
0 nouvelles adhésions / 0 adhérents mis à jour / 318 non traités 
Fin de traitement 2023-07-02 22:15:09
 