Début de traitement 2022-02-31 02:15:02
Données session apiFFCAM vide - lancement API
Import du 31-10-2022 02:15:02 Cron
Extraction SOAP : 357 adhérents extraits
357 enregistrements dans base FFCAM dont 230 à jour de licence
0 nouvelles adhésions / 0 adhérents mis à jour / 230 non traités 
Fin de traitement 2022-10-31 02:15:04
 Début de traitement 2022-10-31 10:15:02
Données session apiFFCAM vide - lancement API
Import du 31-10-2022 10:15:02 Cron
Extraction SOAP : 357 adhérents extraits
357 enregistrements dans base FFCAM dont 230 à jour de licence
0 nouvelles adhésions / 0 adhérents mis à jour / 230 non traités 
Fin de traitement 2022-10-31 10:15:05
 Début de traitement 2022-02-31 14:15:02
Données session apiFFCAM vide - lancement API
Import du 31-10-2022 14:15:02 Cron
Extraction SOAP : 357 adhérents extraits
357 enregistrements dans base FFCAM dont 230 à jour de licence
0 nouvelles adhésions / 0 adhérents mis à jour / 230 non traités 
Fin de traitement 2022-10-31 14:15:04
 Début de traitement 2022-06-31 18:15:02
Données session apiFFCAM vide - lancement API
Import du 31-10-2022 18:15:02 Cron
Extraction SOAP : 357 adhérents extraits
Mise à jour adhésion pour 200 - Antonin LE PRIOL
Création d'écarts de données cb_telfixe pour 200 - Antonin LE PRIOL
357 enregistrements dans base FFCAM dont 231 à jour de licence
0 nouvelles adhésions / 1 adhérents mis à jour / 230 non traités 
Fin de traitement 2022-10-31 18:15:05
 Début de traitement 2022-10-31 22:15:02
Données session apiFFCAM vide - lancement API
Import du 31-10-2022 22:15:02 Cron
Extraction SOAP : 357 adhérents extraits
357 enregistrements dans base FFCAM dont 231 à jour de licence
0 nouvelles adhésions / 0 adhérents mis à jour / 231 non traités 
Fin de traitement 2022-10-31 22:15:04
 