Début de traitement 2023-02-26 02:15:01
Données session apiFFCAM vide - lancement API
Import du 26-07-2023 02:15:01 Cron
Extraction SOAP : 397 adhérents extraits
397 enregistrements dans base FFCAM dont 321 à jour de licence
0 nouvelles adhésions / 0 adhérents mis à jour / 321 non traités 
Fin de traitement 2023-07-26 02:15:05
 Début de traitement 2023-10-26 10:15:01
Données session apiFFCAM vide - lancement API
Import du 26-07-2023 10:15:01 Cron
Extraction SOAP : 397 adhérents extraits
397 enregistrements dans base FFCAM dont 321 à jour de licence
0 nouvelles adhésions / 0 adhérents mis à jour / 321 non traités 
Fin de traitement 2023-07-26 10:15:05
 Début de traitement 2023-02-26 14:15:02
Données session apiFFCAM vide - lancement API
Import du 26-07-2023 14:15:02 Cron
Extraction SOAP : 397 adhérents extraits
397 enregistrements dans base FFCAM dont 321 à jour de licence
0 nouvelles adhésions / 0 adhérents mis à jour / 321 non traités 
Fin de traitement 2023-07-26 14:15:05
 Début de traitement 2023-06-26 18:15:02
Données session apiFFCAM vide - lancement API
Import du 26-07-2023 18:15:02 Cron
Extraction SOAP : 397 adhérents extraits
397 enregistrements dans base FFCAM dont 321 à jour de licence
0 nouvelles adhésions / 0 adhérents mis à jour / 321 non traités 
Fin de traitement 2023-07-26 18:15:05
 Début de traitement 2023-10-26 22:15:02
Données session apiFFCAM vide - lancement API
Import du 26-07-2023 22:15:02 Cron
Extraction SOAP : 397 adhérents extraits
397 enregistrements dans base FFCAM dont 321 à jour de licence
0 nouvelles adhésions / 0 adhérents mis à jour / 321 non traités 
Fin de traitement 2023-07-26 22:15:05
 