Début de traitement 2023-02-23 02:15:02
Données session apiFFCAM vide - lancement API
Import du 23-01-2023 02:15:02 Cron
Extraction SOAP : 385 adhérents extraits
Attention erreur sur données de base pour 591 Clemence FAURE
Licencié 750420239049 - Paule ARNAL => pas trouvé d'adhérent correspondant exactemement
Création adherent Paule ARNAL
Adresse mail paule.arnal@free.fr existe déjà 
          pour 101 Paule ARNAL - Adhérent non créé 
385 enregistrements dans base FFCAM dont 300 à jour de licence
0 nouvelles adhésions / 0 adhérents mis à jour / 300 non traités 
Fin de traitement 2023-01-23 02:15:05
 Début de traitement 2023-10-23 10:15:02
Données session apiFFCAM vide - lancement API
Import du 23-01-2023 10:15:02 Cron
Extraction SOAP : 385 adhérents extraits
Attention erreur sur données de base pour 591 Clemence FAURE
Licencié 750420239049 - Paule ARNAL => pas trouvé d'adhérent correspondant exactemement
Création adherent Paule ARNAL
Adresse mail paule.arnal@free.fr existe déjà 
          pour 101 Paule ARNAL - Adhérent non créé 
385 enregistrements dans base FFCAM dont 300 à jour de licence
0 nouvelles adhésions / 0 adhérents mis à jour / 300 non traités 
Fin de traitement 2023-01-23 10:15:07
 Début de traitement 2023-02-23 14:15:02
Données session apiFFCAM vide - lancement API
Import du 23-01-2023 14:15:02 Cron
Extraction SOAP : 386 adhérents extraits
Attention erreur sur données de base pour 591 Clemence FAURE
Licencié 750420239049 - Paule ARNAL => pas trouvé d'adhérent correspondant exactemement
Création adherent Paule ARNAL
Adresse mail paule.arnal@free.fr existe déjà 
          pour 101 Paule ARNAL - Adhérent non créé 
Licencié 750420239069 - Ariane KOMORN => trouvé adhérent correspondant exactemement  - ancien n° licence 750420169034
Adhérent  - Ariane KOMORN => mise à jour n° de licence 750420239069
Mise à jour adhésion pour 1106 - Ariane KOMORN
Création d'écarts de données cb_adresse pour 1106 - Ariane KOMORN
Création d'écarts de données cb_codepostal pour 1106 - Ariane KOMORN
Création d'écarts de données cb_contactaccident pour 1106 - Ariane KOMORN
386 enregistrements dans base FFCAM dont 301 à jour de licence
0 nouvelles adhésions / 1 adhérents mis à jour / 300 non traités 
Fin de traitement 2023-01-23 14:15:05
 Début de traitement 2023-06-23 18:15:02
Données session apiFFCAM vide - lancement API
Import du 23-01-2023 18:15:02 Cron
Extraction SOAP : 386 adhérents extraits
Attention erreur sur données de base pour 591 Clemence FAURE
Mise à jour adhésion pour 1567 - Alexander MCMILLAN
Licencié 750420239049 - Paule ARNAL => pas trouvé d'adhérent correspondant exactemement
Création adherent Paule ARNAL
Adresse mail paule.arnal@free.fr existe déjà 
          pour 101 Paule ARNAL - Adhérent non créé 
386 enregistrements dans base FFCAM dont 302 à jour de licence
0 nouvelles adhésions / 1 adhérents mis à jour / 301 non traités 
Fin de traitement 2023-01-23 18:15:05
 Début de traitement 2023-10-23 22:15:02
Données session apiFFCAM vide - lancement API
Import du 23-01-2023 22:15:02 Cron
Extraction SOAP : 386 adhérents extraits
Attention erreur sur données de base pour 591 Clemence FAURE
Licencié 750420239049 - Paule ARNAL => pas trouvé d'adhérent correspondant exactemement
Création adherent Paule ARNAL
Adresse mail paule.arnal@free.fr existe déjà 
          pour 101 Paule ARNAL - Adhérent non créé 
386 enregistrements dans base FFCAM dont 302 à jour de licence
0 nouvelles adhésions / 0 adhérents mis à jour / 302 non traités 
Fin de traitement 2023-01-23 22:15:05
 