Début de traitement 2023-03-26 03:00:02
Données session apiFFCAM vide - lancement API
Import du 26-03-2023 03:00:02 Cron
Extraction SOAP : 392 adhérents extraits
392 enregistrements dans base FFCAM dont 312 à jour de licence
0 nouvelles adhésions / 0 adhérents mis à jour / 312 non traités 
Fin de traitement 2023-03-26 03:00:05
 Début de traitement 2023-10-26 10:15:01
Données session apiFFCAM vide - lancement API
Import du 26-03-2023 10:15:01 Cron
Extraction SOAP : 392 adhérents extraits
392 enregistrements dans base FFCAM dont 312 à jour de licence
0 nouvelles adhésions / 0 adhérents mis à jour / 312 non traités 
Fin de traitement 2023-03-26 10:15:04
 Début de traitement 2023-02-26 14:15:02
Données session apiFFCAM vide - lancement API
Import du 26-03-2023 14:15:02 Cron
Extraction SOAP : 392 adhérents extraits
392 enregistrements dans base FFCAM dont 312 à jour de licence
0 nouvelles adhésions / 0 adhérents mis à jour / 312 non traités 
Fin de traitement 2023-03-26 14:15:05
 Début de traitement 2023-06-26 18:15:01
Données session apiFFCAM vide - lancement API
Import du 26-03-2023 18:15:01 Cron
Extraction SOAP : 392 adhérents extraits
392 enregistrements dans base FFCAM dont 312 à jour de licence
0 nouvelles adhésions / 0 adhérents mis à jour / 312 non traités 
Fin de traitement 2023-03-26 18:15:04
 Début de traitement 2023-10-26 22:15:02
Données session apiFFCAM vide - lancement API
Import du 26-03-2023 22:15:02 Cron
Extraction SOAP : 392 adhérents extraits
392 enregistrements dans base FFCAM dont 312 à jour de licence
0 nouvelles adhésions / 0 adhérents mis à jour / 312 non traités 
Fin de traitement 2023-03-26 22:15:08
 