Début de traitement 2023-02-20 02:15:02
Données session apiFFCAM vide - lancement API
Import du 20-04-2023 02:15:02 Cron
Extraction SOAP : 393 adhérents extraits
393 enregistrements dans base FFCAM dont 314 à jour de licence
0 nouvelles adhésions / 0 adhérents mis à jour / 314 non traités 
Fin de traitement 2023-04-20 02:15:05
 Début de traitement 2023-10-20 10:15:02
Données session apiFFCAM vide - lancement API
Import du 20-04-2023 10:15:02 Cron
Extraction SOAP : 393 adhérents extraits
393 enregistrements dans base FFCAM dont 314 à jour de licence
0 nouvelles adhésions / 0 adhérents mis à jour / 314 non traités 
Fin de traitement 2023-04-20 10:15:09
 Début de traitement 2023-02-20 14:15:01
Données session apiFFCAM vide - lancement API
Import du 20-04-2023 14:15:01 Cron
Extraction SOAP : 393 adhérents extraits
393 enregistrements dans base FFCAM dont 314 à jour de licence
0 nouvelles adhésions / 0 adhérents mis à jour / 314 non traités 
Fin de traitement 2023-04-20 14:15:04
 Début de traitement 2023-06-20 18:15:01
Données session apiFFCAM vide - lancement API
Import du 20-04-2023 18:15:01 Cron
Extraction SOAP : 393 adhérents extraits
393 enregistrements dans base FFCAM dont 314 à jour de licence
0 nouvelles adhésions / 0 adhérents mis à jour / 314 non traités 
Fin de traitement 2023-04-20 18:15:04
 Début de traitement 2023-10-20 22:15:01
Données session apiFFCAM vide - lancement API
Import du 20-04-2023 22:15:01 Cron
Extraction SOAP : 393 adhérents extraits
Création d'écarts de données email pour 227 - Vanessa MENGELING
Création d'écarts de données email pour 1652 - Thomas GIRARD
393 enregistrements dans base FFCAM dont 314 à jour de licence
0 nouvelles adhésions / 0 adhérents mis à jour / 314 non traités 
Fin de traitement 2023-04-20 22:15:07
 