Début de traitement 2023-02-18 02:15:01
Données session apiFFCAM vide - lancement API
Import du 18-04-2023 02:15:01 Cron
Extraction SOAP : 393 adhérents extraits
393 enregistrements dans base FFCAM dont 314 à jour de licence
0 nouvelles adhésions / 0 adhérents mis à jour / 314 non traités 
Fin de traitement 2023-04-18 02:15:04
 Début de traitement 2023-10-18 10:15:01
Données session apiFFCAM vide - lancement API
Import du 18-04-2023 10:15:01 Cron
Extraction SOAP : 393 adhérents extraits
393 enregistrements dans base FFCAM dont 314 à jour de licence
0 nouvelles adhésions / 0 adhérents mis à jour / 314 non traités 
Fin de traitement 2023-04-18 10:15:04
 Début de traitement 2023-02-18 14:15:01
Données session apiFFCAM vide - lancement API
Import du 18-04-2023 14:15:01 Cron
Extraction SOAP : 393 adhérents extraits
393 enregistrements dans base FFCAM dont 314 à jour de licence
0 nouvelles adhésions / 0 adhérents mis à jour / 314 non traités 
Fin de traitement 2023-04-18 14:15:04
 Début de traitement 2023-06-18 18:15:01
Données session apiFFCAM vide - lancement API
Import du 18-04-2023 18:15:01 Cron
Extraction SOAP : 393 adhérents extraits
393 enregistrements dans base FFCAM dont 314 à jour de licence
0 nouvelles adhésions / 0 adhérents mis à jour / 314 non traités 
Fin de traitement 2023-04-18 18:15:05
 Début de traitement 2023-10-18 22:15:02
Données session apiFFCAM vide - lancement API
Import du 18-04-2023 22:15:02 Cron
Extraction SOAP : 393 adhérents extraits
393 enregistrements dans base FFCAM dont 314 à jour de licence
0 nouvelles adhésions / 0 adhérents mis à jour / 314 non traités 
Fin de traitement 2023-04-18 22:15:05
 