Début de traitement 2023-02-22 02:15:02
Données session apiFFCAM vide - lancement API
Import du 22-07-2023 02:15:02 Cron
Extraction SOAP : 397 adhérents extraits
397 enregistrements dans base FFCAM dont 321 à jour de licence
0 nouvelles adhésions / 0 adhérents mis à jour / 321 non traités 
Fin de traitement 2023-07-22 02:15:05
 Début de traitement 2023-10-22 10:15:01
Données session apiFFCAM vide - lancement API
Import du 22-07-2023 10:15:01 Cron
Extraction SOAP : 397 adhérents extraits
397 enregistrements dans base FFCAM dont 321 à jour de licence
0 nouvelles adhésions / 0 adhérents mis à jour / 321 non traités 
Fin de traitement 2023-07-22 10:15:05
 Début de traitement 2023-02-22 14:15:02
Données session apiFFCAM vide - lancement API
Import du 22-07-2023 14:15:02 Cron
Extraction SOAP : 397 adhérents extraits
397 enregistrements dans base FFCAM dont 321 à jour de licence
0 nouvelles adhésions / 0 adhérents mis à jour / 321 non traités 
Fin de traitement 2023-07-22 14:15:05
 Début de traitement 2023-06-22 18:15:02
Données session apiFFCAM vide - lancement API
Import du 22-07-2023 18:15:02 Cron
Extraction SOAP : 397 adhérents extraits
397 enregistrements dans base FFCAM dont 321 à jour de licence
0 nouvelles adhésions / 0 adhérents mis à jour / 321 non traités 
Fin de traitement 2023-07-22 18:15:05
 Début de traitement 2023-10-22 22:15:01
Données session apiFFCAM vide - lancement API
Import du 22-07-2023 22:15:01 Cron
Extraction SOAP : 397 adhérents extraits
397 enregistrements dans base FFCAM dont 321 à jour de licence
0 nouvelles adhésions / 0 adhérents mis à jour / 321 non traités 
Fin de traitement 2023-07-22 22:15:05
 