Début de traitement 2023-02-06 02:15:02
Données session apiFFCAM vide - lancement API
Import du 06-03-2023 02:15:02 Cron
Extraction SOAP : 391 adhérents extraits
Attention erreur sur données de base pour 591 Clemence FAURE
Licencié 750420239049 - Paule ARNAL => pas trouvé d'adhérent correspondant exactemement
Création adherent Paule ARNAL
Adresse mail paule.arnal@free.fr existe déjà 
          pour 101 Paule ARNAL - Adhérent non créé 
391 enregistrements dans base FFCAM dont 308 à jour de licence
0 nouvelles adhésions / 0 adhérents mis à jour / 308 non traités 
Fin de traitement 2023-03-06 02:15:04
 Début de traitement 2023-10-06 10:15:01
Données session apiFFCAM vide - lancement API
Import du 06-03-2023 10:15:01 Cron
Extraction SOAP : 391 adhérents extraits
Attention erreur sur données de base pour 591 Clemence FAURE
Licencié 750420239049 - Paule ARNAL => pas trouvé d'adhérent correspondant exactemement
Création adherent Paule ARNAL
Adresse mail paule.arnal@free.fr existe déjà 
          pour 101 Paule ARNAL - Adhérent non créé 
391 enregistrements dans base FFCAM dont 308 à jour de licence
0 nouvelles adhésions / 0 adhérents mis à jour / 308 non traités 
Fin de traitement 2023-03-06 10:15:04
 Début de traitement 2023-02-06 14:15:01
Données session apiFFCAM vide - lancement API
Import du 06-03-2023 14:15:01 Cron
Extraction SOAP : 391 adhérents extraits
Attention erreur sur données de base pour 591 Clemence FAURE
Licencié 750420239049 - Paule ARNAL => pas trouvé d'adhérent correspondant exactemement
Création adherent Paule ARNAL
Adresse mail paule.arnal@free.fr existe déjà 
          pour 101 Paule ARNAL - Adhérent non créé 
391 enregistrements dans base FFCAM dont 308 à jour de licence
0 nouvelles adhésions / 0 adhérents mis à jour / 308 non traités 
Fin de traitement 2023-03-06 14:15:08
 Début de traitement 2023-06-06 18:15:01
Données session apiFFCAM vide - lancement API
Import du 06-03-2023 18:15:01 Cron
Extraction SOAP : 391 adhérents extraits
Attention erreur sur données de base pour 591 Clemence FAURE
Licencié 750420239049 - Paule ARNAL => pas trouvé d'adhérent correspondant exactemement
Création adherent Paule ARNAL
Adresse mail paule.arnal@free.fr existe déjà 
          pour 101 Paule ARNAL - Adhérent non créé 
391 enregistrements dans base FFCAM dont 308 à jour de licence
0 nouvelles adhésions / 0 adhérents mis à jour / 308 non traités 
Fin de traitement 2023-03-06 18:15:04
 Début de traitement 2023-10-06 22:15:01
Données session apiFFCAM vide - lancement API
Import du 06-03-2023 22:15:01 Cron
Extraction SOAP : 391 adhérents extraits
Attention erreur sur données de base pour 591 Clemence FAURE
Licencié 750420239049 - Paule ARNAL => pas trouvé d'adhérent correspondant exactemement
Création adherent Paule ARNAL
Adresse mail paule.arnal@free.fr existe déjà 
          pour 101 Paule ARNAL - Adhérent non créé 
391 enregistrements dans base FFCAM dont 308 à jour de licence
0 nouvelles adhésions / 0 adhérents mis à jour / 308 non traités 
Fin de traitement 2023-03-06 22:15:07
 