Début de traitement 2022-02-11 02:15:01
Données session apiFFCAM vide - lancement API
Import du 11-09-2022 02:15:01 Cron
Extraction SOAP : 332 adhérents extraits
332 enregistrements dans base FFCAM dont 80 à jour de licence
0 nouvelles adhésions / 0 adhérents mis à jour / 80 non traités 
Fin de traitement 2022-09-11 02:15:03
 Début de traitement 2022-10-11 10:15:01
Données session apiFFCAM vide - lancement API
Import du 11-09-2022 10:15:01 Cron
Extraction SOAP : 332 adhérents extraits
Mise à jour adhésion pour 1426 - Yannick SAURY
Modification d'écarts de données cb_adresse pour 1426 - Yannick SAURY
332 enregistrements dans base FFCAM dont 81 à jour de licence
0 nouvelles adhésions / 1 adhérents mis à jour / 80 non traités 
Fin de traitement 2022-09-11 10:15:03
 Début de traitement 2022-02-11 14:15:02
Données session apiFFCAM vide - lancement API
Import du 11-09-2022 14:15:02 Cron
Extraction SOAP : 333 adhérents extraits
Licencié 750420239017 - Brice RAMI => pas trouvé d'adhérent correspondant exactemement
Création adherent Brice RAMI
Adresse mail brice.rami@gmail.com existe déjà 
          pour 1602 Brice RAMI - Adhérent non créé 
333 enregistrements dans base FFCAM dont 82 à jour de licence
0 nouvelles adhésions / 0 adhérents mis à jour / 82 non traités 
Fin de traitement 2022-09-11 14:15:03
 Début de traitement 2022-06-11 18:15:02
Données session apiFFCAM vide - lancement API
Import du 11-09-2022 18:15:02 Cron
Extraction SOAP : 333 adhérents extraits
Licencié 750420239017 - Brice RAMI => pas trouvé d'adhérent correspondant exactemement
Création adherent Brice RAMI
Adresse mail brice.rami@gmail.com existe déjà 
          pour 1602 Brice RAMI - Adhérent non créé 
333 enregistrements dans base FFCAM dont 82 à jour de licence
0 nouvelles adhésions / 0 adhérents mis à jour / 82 non traités 
Fin de traitement 2022-09-11 18:15:04
 Début de traitement 2022-10-11 22:15:01
Données session apiFFCAM vide - lancement API
Import du 11-09-2022 22:15:01 Cron
Extraction SOAP : 333 adhérents extraits
Licencié 750420239017 - Brice RAMI => pas trouvé d'adhérent correspondant exactemement
Création adherent Brice RAMI
Adresse mail brice.rami@gmail.com existe déjà 
          pour 1602 Brice RAMI - Adhérent non créé 
333 enregistrements dans base FFCAM dont 82 à jour de licence
0 nouvelles adhésions / 0 adhérents mis à jour / 82 non traités 
Fin de traitement 2022-09-11 22:15:03
 