Début de traitement 2023-02-19 02:15:01
Données session apiFFCAM vide - lancement API
Import du 19-01-2023 02:15:01 Cron
Extraction SOAP : 383 adhérents extraits
Attention erreur sur données de base pour 591 Clemence FAURE
Licencié 750420239049 - Paule ARNAL => pas trouvé d'adhérent correspondant exactemement
Création adherent Paule ARNAL
Adresse mail paule.arnal@free.fr existe déjà 
          pour 101 Paule ARNAL - Adhérent non créé 
383 enregistrements dans base FFCAM dont 296 à jour de licence
0 nouvelles adhésions / 0 adhérents mis à jour / 296 non traités 
Fin de traitement 2023-01-19 02:15:04
 Début de traitement 2023-10-19 10:15:01
Données session apiFFCAM vide - lancement API
Import du 19-01-2023 10:15:01 Cron
Extraction SOAP : 383 adhérents extraits
Attention erreur sur données de base pour 591 Clemence FAURE
Licencié 750420239049 - Paule ARNAL => pas trouvé d'adhérent correspondant exactemement
Création adherent Paule ARNAL
Adresse mail paule.arnal@free.fr existe déjà 
          pour 101 Paule ARNAL - Adhérent non créé 
383 enregistrements dans base FFCAM dont 296 à jour de licence
0 nouvelles adhésions / 0 adhérents mis à jour / 296 non traités 
Fin de traitement 2023-01-19 10:15:07
 Début de traitement 2023-02-19 14:15:01
Données session apiFFCAM vide - lancement API
Import du 19-01-2023 14:15:01 Cron
Extraction SOAP : 383 adhérents extraits
Attention erreur sur données de base pour 591 Clemence FAURE
Création d'écarts de données cb_adresse pour 843 - Robert MIZRAHI
Création d'écarts de données cb_codepostal pour 843 - Robert MIZRAHI
Création d'écarts de données cb_ville pour 843 - Robert MIZRAHI
Licencié 750420239049 - Paule ARNAL => pas trouvé d'adhérent correspondant exactemement
Création adherent Paule ARNAL
Adresse mail paule.arnal@free.fr existe déjà 
          pour 101 Paule ARNAL - Adhérent non créé 
383 enregistrements dans base FFCAM dont 296 à jour de licence
0 nouvelles adhésions / 0 adhérents mis à jour / 296 non traités 
Fin de traitement 2023-01-19 14:15:04
 Début de traitement 2023-06-19 18:15:02
Données session apiFFCAM vide - lancement API
Import du 19-01-2023 18:15:02 Cron
Extraction SOAP : 383 adhérents extraits
Attention erreur sur données de base pour 591 Clemence FAURE
Licencié 750420239049 - Paule ARNAL => pas trouvé d'adhérent correspondant exactemement
Création adherent Paule ARNAL
Adresse mail paule.arnal@free.fr existe déjà 
          pour 101 Paule ARNAL - Adhérent non créé 
383 enregistrements dans base FFCAM dont 296 à jour de licence
0 nouvelles adhésions / 0 adhérents mis à jour / 296 non traités 
Fin de traitement 2023-01-19 18:15:07
 Début de traitement 2023-10-19 22:15:01
Données session apiFFCAM vide - lancement API
Import du 19-01-2023 22:15:01 Cron
Extraction SOAP : 384 adhérents extraits
Attention erreur sur données de base pour 591 Clemence FAURE
Licencié 750420239049 - Paule ARNAL => pas trouvé d'adhérent correspondant exactemement
Création adherent Paule ARNAL
Adresse mail paule.arnal@free.fr existe déjà 
          pour 101 Paule ARNAL - Adhérent non créé 
Licencié 750420239067 - Muriel DODIN => pas trouvé d'adhérent correspondant exactemement
Création adherent Muriel DODIN
Insertion de Muriel DODIN dans user => id = 1656
Insertion de Muriel DODIN  dans usergroup_map
Insertion dans comprofiler de Muriel DODIN
384 enregistrements dans base FFCAM dont 297 à jour de licence
0 nouvelles adhésions / 0 adhérents mis à jour / 297 non traités 
Fin de traitement 2023-01-19 22:15:04
 