Début de traitement 2022-02-05 02:15:02
Données session apiFFCAM vide - lancement API
Import du 05-12-2022 02:15:02 Cron
Extraction SOAP : 368 adhérents extraits
Attention erreur sur données de base pour 591 Clemence FAURE
Licencié 750420239049 - Paule ARNAL => pas trouvé d'adhérent correspondant exactemement
Création adherent Paule ARNAL
Adresse mail paule.arnal@free.fr existe déjà 
          pour 101 Paule ARNAL - Adhérent non créé 
368 enregistrements dans base FFCAM dont 267 à jour de licence
0 nouvelles adhésions / 0 adhérents mis à jour / 267 non traités 
Fin de traitement 2022-12-05 02:15:04
 Début de traitement 2022-10-05 10:15:01
Données session apiFFCAM vide - lancement API
Import du 05-12-2022 10:15:01 Cron
Extraction SOAP : 368 adhérents extraits
Attention erreur sur données de base pour 591 Clemence FAURE
Licencié 750420239049 - Paule ARNAL => pas trouvé d'adhérent correspondant exactemement
Création adherent Paule ARNAL
Adresse mail paule.arnal@free.fr existe déjà 
          pour 101 Paule ARNAL - Adhérent non créé 
368 enregistrements dans base FFCAM dont 267 à jour de licence
0 nouvelles adhésions / 0 adhérents mis à jour / 267 non traités 
Fin de traitement 2022-12-05 10:15:04
 Début de traitement 2022-02-05 14:15:02
Données session apiFFCAM vide - lancement API
Import du 05-12-2022 14:15:02 Cron
Extraction SOAP : 368 adhérents extraits
Attention erreur sur données de base pour 591 Clemence FAURE
Licencié 750420239049 - Paule ARNAL => pas trouvé d'adhérent correspondant exactemement
Création adherent Paule ARNAL
Adresse mail paule.arnal@free.fr existe déjà 
          pour 101 Paule ARNAL - Adhérent non créé 
368 enregistrements dans base FFCAM dont 267 à jour de licence
0 nouvelles adhésions / 0 adhérents mis à jour / 267 non traités 
Fin de traitement 2022-12-05 14:15:04
 Début de traitement 2022-06-05 18:15:02
Données session apiFFCAM vide - lancement API
Import du 05-12-2022 18:15:02 Cron
Extraction SOAP : 368 adhérents extraits
Attention erreur sur données de base pour 591 Clemence FAURE
Licencié 750420239049 - Paule ARNAL => pas trouvé d'adhérent correspondant exactemement
Création adherent Paule ARNAL
Adresse mail paule.arnal@free.fr existe déjà 
          pour 101 Paule ARNAL - Adhérent non créé 
368 enregistrements dans base FFCAM dont 267 à jour de licence
0 nouvelles adhésions / 0 adhérents mis à jour / 267 non traités 
Fin de traitement 2022-12-05 18:15:04
 Début de traitement 2022-10-05 22:15:01
Données session apiFFCAM vide - lancement API
Import du 05-12-2022 22:15:01 Cron
Extraction SOAP : 368 adhérents extraits
Attention erreur sur données de base pour 591 Clemence FAURE
Licencié 750420239049 - Paule ARNAL => pas trouvé d'adhérent correspondant exactemement
Création adherent Paule ARNAL
Adresse mail paule.arnal@free.fr existe déjà 
          pour 101 Paule ARNAL - Adhérent non créé 
368 enregistrements dans base FFCAM dont 267 à jour de licence
0 nouvelles adhésions / 0 adhérents mis à jour / 267 non traités 
Fin de traitement 2022-12-05 22:15:03
 