Début de traitement 2022-02-01 02:15:02
Données session apiFFCAM vide - lancement API
Import du 01-10-2022 02:15:02 Cron
Extraction SOAP : 348 adhérents extraits
Attention erreur sur données de base pour 1586 Pierre-Emanuel BARBIER
348 enregistrements dans base FFCAM dont 162 à jour de licence
0 nouvelles adhésions / 0 adhérents mis à jour / 162 non traités 
Fin de traitement 2022-10-01 02:15:04
 Début de traitement 2022-10-01 10:15:02
Données session apiFFCAM vide - lancement API
Import du 01-10-2022 10:15:02 Cron
Extraction SOAP : 348 adhérents extraits
Mise à jour adhésion pour 1372 - Irene CALEF
Attention erreur sur données de base pour 1586 Pierre-Emanuel BARBIER
348 enregistrements dans base FFCAM dont 163 à jour de licence
0 nouvelles adhésions / 1 adhérents mis à jour / 162 non traités 
Fin de traitement 2022-10-01 10:15:04
 Début de traitement 2022-02-01 14:15:01
Données session apiFFCAM vide - lancement API
Import du 01-10-2022 14:15:01 Cron
Extraction SOAP : 348 adhérents extraits
Attention erreur sur données de base pour 1586 Pierre-Emanuel BARBIER
348 enregistrements dans base FFCAM dont 163 à jour de licence
0 nouvelles adhésions / 0 adhérents mis à jour / 163 non traités 
Fin de traitement 2022-10-01 14:15:04
 Début de traitement 2022-06-01 18:15:02
Données session apiFFCAM vide - lancement API
Import du 01-10-2022 18:15:02 Cron
Extraction SOAP : 348 adhérents extraits
Attention erreur sur données de base pour 1586 Pierre-Emanuel BARBIER
348 enregistrements dans base FFCAM dont 163 à jour de licence
0 nouvelles adhésions / 0 adhérents mis à jour / 163 non traités 
Fin de traitement 2022-10-01 18:15:05
 Début de traitement 2022-10-01 22:15:01
Données session apiFFCAM vide - lancement API
Import du 01-10-2022 22:15:01 Cron
Extraction SOAP : 348 adhérents extraits
Attention erreur sur données de base pour 1586 Pierre-Emanuel BARBIER
348 enregistrements dans base FFCAM dont 163 à jour de licence
0 nouvelles adhésions / 0 adhérents mis à jour / 163 non traités 
Fin de traitement 2022-10-01 22:15:04
 