Début de traitement 2023-02-18 02:15:02
Données session apiFFCAM vide - lancement API
Import du 18-05-2023 02:15:02 Cron
Extraction SOAP : 396 adhérents extraits
396 enregistrements dans base FFCAM dont 317 à jour de licence
0 nouvelles adhésions / 0 adhérents mis à jour / 317 non traités 
Fin de traitement 2023-05-18 02:15:04
 Début de traitement 2023-10-18 10:15:01
Données session apiFFCAM vide - lancement API
Import du 18-05-2023 10:15:01 Cron
Extraction SOAP : 396 adhérents extraits
Mise à jour adhésion pour 543 - Joela LE MARECHAL
396 enregistrements dans base FFCAM dont 318 à jour de licence
0 nouvelles adhésions / 1 adhérents mis à jour / 317 non traités 
Fin de traitement 2023-05-18 10:15:10
 Début de traitement 2023-02-18 14:15:02
Données session apiFFCAM vide - lancement API
Import du 18-05-2023 14:15:02 Cron
Extraction SOAP : 396 adhérents extraits
396 enregistrements dans base FFCAM dont 318 à jour de licence
0 nouvelles adhésions / 0 adhérents mis à jour / 318 non traités 
Fin de traitement 2023-05-18 14:15:05
 Début de traitement 2023-06-18 18:15:02
Données session apiFFCAM vide - lancement API
Import du 18-05-2023 18:15:02 Cron
Extraction SOAP : 396 adhérents extraits
396 enregistrements dans base FFCAM dont 318 à jour de licence
0 nouvelles adhésions / 0 adhérents mis à jour / 318 non traités 
Fin de traitement 2023-05-18 18:15:05
 Début de traitement 2023-10-18 22:15:02
Données session apiFFCAM vide - lancement API
Import du 18-05-2023 22:15:02 Cron
Extraction SOAP : 396 adhérents extraits
396 enregistrements dans base FFCAM dont 318 à jour de licence
0 nouvelles adhésions / 0 adhérents mis à jour / 318 non traités 
Fin de traitement 2023-05-18 22:15:08
 