Début de traitement 2022-02-09 02:15:01
Données session apiFFCAM vide - lancement API
Import du 09-10-2022 02:15:01 Cron
Extraction SOAP : 350 adhérents extraits
350 enregistrements dans base FFCAM dont 190 à jour de licence
0 nouvelles adhésions / 0 adhérents mis à jour / 190 non traités 
Fin de traitement 2022-10-09 02:15:04
 Début de traitement 2022-10-09 10:15:02
Données session apiFFCAM vide - lancement API
Import du 09-10-2022 10:15:02 Cron
Extraction SOAP : 350 adhérents extraits
350 enregistrements dans base FFCAM dont 190 à jour de licence
0 nouvelles adhésions / 0 adhérents mis à jour / 190 non traités 
Fin de traitement 2022-10-09 10:15:04
 Début de traitement 2022-02-09 14:15:01
Données session apiFFCAM vide - lancement API
Import du 09-10-2022 14:15:01 Cron
Extraction SOAP : 350 adhérents extraits
350 enregistrements dans base FFCAM dont 190 à jour de licence
0 nouvelles adhésions / 0 adhérents mis à jour / 190 non traités 
Fin de traitement 2022-10-09 14:15:04
 Début de traitement 2022-06-09 18:15:01
Données session apiFFCAM vide - lancement API
Import du 09-10-2022 18:15:01 Cron
Extraction SOAP : 350 adhérents extraits
350 enregistrements dans base FFCAM dont 190 à jour de licence
0 nouvelles adhésions / 0 adhérents mis à jour / 190 non traités 
Fin de traitement 2022-10-09 18:15:04
 Début de traitement 2022-10-09 22:15:02
Données session apiFFCAM vide - lancement API
Import du 09-10-2022 22:15:02 Cron
Extraction SOAP : 350 adhérents extraits
350 enregistrements dans base FFCAM dont 190 à jour de licence
0 nouvelles adhésions / 0 adhérents mis à jour / 190 non traités 
Fin de traitement 2022-10-09 22:15:04
 