Début de traitement 2023-02-05 02:15:02
Données session apiFFCAM vide - lancement API
Import du 05-07-2023 02:15:02 Cron
Extraction SOAP : 396 adhérents extraits
396 enregistrements dans base FFCAM dont 318 à jour de licence
0 nouvelles adhésions / 0 adhérents mis à jour / 318 non traités 
Fin de traitement 2023-07-05 02:15:05
 Début de traitement 2023-10-05 10:15:01
Données session apiFFCAM vide - lancement API
Import du 05-07-2023 10:15:01 Cron
Extraction SOAP : 396 adhérents extraits
396 enregistrements dans base FFCAM dont 318 à jour de licence
0 nouvelles adhésions / 0 adhérents mis à jour / 318 non traités 
Fin de traitement 2023-07-05 10:15:05
 Début de traitement 2023-02-05 14:15:01
Données session apiFFCAM vide - lancement API
Import du 05-07-2023 14:15:01 Cron
Extraction SOAP : 396 adhérents extraits
396 enregistrements dans base FFCAM dont 318 à jour de licence
0 nouvelles adhésions / 0 adhérents mis à jour / 318 non traités 
Fin de traitement 2023-07-05 14:15:05
 Début de traitement 2023-06-05 18:15:01
Données session apiFFCAM vide - lancement API
Import du 05-07-2023 18:15:01 Cron
Extraction SOAP : 396 adhérents extraits
396 enregistrements dans base FFCAM dont 318 à jour de licence
0 nouvelles adhésions / 0 adhérents mis à jour / 318 non traités 
Fin de traitement 2023-07-05 18:15:10
 Début de traitement 2023-10-05 22:15:01
Données session apiFFCAM vide - lancement API
Import du 05-07-2023 22:15:01 Cron
Extraction SOAP : 396 adhérents extraits
396 enregistrements dans base FFCAM dont 318 à jour de licence
0 nouvelles adhésions / 0 adhérents mis à jour / 318 non traités 
Fin de traitement 2023-07-05 22:15:05
 