Début de traitement 2022-02-29 02:15:02
Données session apiFFCAM vide - lancement API
Import du 29-10-2022 02:15:02 Cron
Extraction SOAP : 357 adhérents extraits
Licencié 750420239040 - William MEUNIER => pas trouvé d'adhérent correspondant exactemement
Création adherent William MEUNIER
Insertion de William MEUNIER dans user => id = 1628
Insertion de William MEUNIER  dans usergroup_map
Insertion dans comprofiler de William MEUNIER
357 enregistrements dans base FFCAM dont 224 à jour de licence
0 nouvelles adhésions / 0 adhérents mis à jour / 224 non traités 
Fin de traitement 2022-10-29 02:15:07
 Début de traitement 2022-10-29 10:15:01
Données session apiFFCAM vide - lancement API
Import du 29-10-2022 10:15:01 Cron
Extraction SOAP : 357 adhérents extraits
Mise à jour adhésion pour 109 - Guillaume BLANC
Mise à jour adhésion pour 284 - Anne-Soisig BLANC
Mise à jour adhésion pour 1275 - Sarah BLANC
357 enregistrements dans base FFCAM dont 227 à jour de licence
0 nouvelles adhésions / 3 adhérents mis à jour / 224 non traités 
Fin de traitement 2022-10-29 10:15:04
 Début de traitement 2022-02-29 14:15:02
Données session apiFFCAM vide - lancement API
Import du 29-10-2022 14:15:02 Cron
Extraction SOAP : 357 adhérents extraits
Mise à jour adhésion pour 334 - Romain THOMAS
357 enregistrements dans base FFCAM dont 228 à jour de licence
0 nouvelles adhésions / 1 adhérents mis à jour / 227 non traités 
Fin de traitement 2022-10-29 14:15:04
 Début de traitement 2022-06-29 18:15:02
Données session apiFFCAM vide - lancement API
Import du 29-10-2022 18:15:02 Cron
Extraction SOAP : 357 adhérents extraits
357 enregistrements dans base FFCAM dont 228 à jour de licence
0 nouvelles adhésions / 0 adhérents mis à jour / 228 non traités 
Fin de traitement 2022-10-29 18:15:05
 Début de traitement 2022-10-29 22:15:01
Données session apiFFCAM vide - lancement API
Import du 29-10-2022 22:15:01 Cron
Extraction SOAP : 357 adhérents extraits
Mise à jour adhésion pour 1182 - Hugues GRUDZINSKI
357 enregistrements dans base FFCAM dont 229 à jour de licence
0 nouvelles adhésions / 1 adhérents mis à jour / 228 non traités 
Fin de traitement 2022-10-29 22:15:04
 