Début de traitement 2022-02-10 02:15:02
Données session apiFFCAM vide - lancement API
Import du 10-12-2022 02:15:02 Cron
Extraction SOAP : 369 adhérents extraits
Attention erreur sur données de base pour 591 Clemence FAURE
Licencié 750420239049 - Paule ARNAL => pas trouvé d'adhérent correspondant exactemement
Création adherent Paule ARNAL
Adresse mail paule.arnal@free.fr existe déjà 
          pour 101 Paule ARNAL - Adhérent non créé 
369 enregistrements dans base FFCAM dont 271 à jour de licence
0 nouvelles adhésions / 0 adhérents mis à jour / 271 non traités 
Fin de traitement 2022-12-10 02:15:04
 Début de traitement 2022-10-10 10:15:01
Données session apiFFCAM vide - lancement API
Import du 10-12-2022 10:15:01 Cron
Extraction SOAP : 369 adhérents extraits
Attention erreur sur données de base pour 591 Clemence FAURE
Licencié 750420239049 - Paule ARNAL => pas trouvé d'adhérent correspondant exactemement
Création adherent Paule ARNAL
Adresse mail paule.arnal@free.fr existe déjà 
          pour 101 Paule ARNAL - Adhérent non créé 
369 enregistrements dans base FFCAM dont 271 à jour de licence
0 nouvelles adhésions / 0 adhérents mis à jour / 271 non traités 
Fin de traitement 2022-12-10 10:15:04
 Début de traitement 2022-02-10 14:15:02
Données session apiFFCAM vide - lancement API
Import du 10-12-2022 14:15:02 Cron
Extraction SOAP : 369 adhérents extraits
Attention erreur sur données de base pour 591 Clemence FAURE
Licencié 750420239049 - Paule ARNAL => pas trouvé d'adhérent correspondant exactemement
Création adherent Paule ARNAL
Adresse mail paule.arnal@free.fr existe déjà 
          pour 101 Paule ARNAL - Adhérent non créé 
369 enregistrements dans base FFCAM dont 271 à jour de licence
0 nouvelles adhésions / 0 adhérents mis à jour / 271 non traités 
Fin de traitement 2022-12-10 14:15:04
 Début de traitement 2022-06-10 18:15:01
Données session apiFFCAM vide - lancement API
Import du 10-12-2022 18:15:01 Cron
Extraction SOAP : 369 adhérents extraits
Attention erreur sur données de base pour 591 Clemence FAURE
Licencié 750420239049 - Paule ARNAL => pas trouvé d'adhérent correspondant exactemement
Création adherent Paule ARNAL
Adresse mail paule.arnal@free.fr existe déjà 
          pour 101 Paule ARNAL - Adhérent non créé 
369 enregistrements dans base FFCAM dont 271 à jour de licence
0 nouvelles adhésions / 0 adhérents mis à jour / 271 non traités 
Fin de traitement 2022-12-10 18:15:03
 Début de traitement 2022-10-10 22:15:01
Données session apiFFCAM vide - lancement API
Import du 10-12-2022 22:15:01 Cron
Extraction SOAP : 369 adhérents extraits
Attention erreur sur données de base pour 591 Clemence FAURE
Licencié 750420239049 - Paule ARNAL => pas trouvé d'adhérent correspondant exactemement
Création adherent Paule ARNAL
Adresse mail paule.arnal@free.fr existe déjà 
          pour 101 Paule ARNAL - Adhérent non créé 
369 enregistrements dans base FFCAM dont 271 à jour de licence
0 nouvelles adhésions / 0 adhérents mis à jour / 271 non traités 
Fin de traitement 2022-12-10 22:15:04
 