Début de traitement 2022-02-18 02:15:01
Données session apiFFCAM vide - lancement API
Import du 18-09-2022 02:15:01 Cron
Extraction SOAP : 338 adhérents extraits
Licencié 750420239020 - Pierre-Emanuel BARBIER => trouvé adhérent proche : 1586 Pierre-Emmanuel BARBIER
338 enregistrements dans base FFCAM dont 112 à jour de licence
0 nouvelles adhésions / 0 adhérents mis à jour / 112 non traités 
Fin de traitement 2022-09-18 02:15:03
 Début de traitement 2022-10-18 10:15:01
Données session apiFFCAM vide - lancement API
Import du 18-09-2022 10:15:01 Cron
Extraction SOAP : 339 adhérents extraits
Licencié 750420239020 - Pierre-Emanuel BARBIER => trouvé adhérent proche : 1586 Pierre-Emmanuel BARBIER
Licencié 750420239023 - Fantine CHABERNAUD => pas trouvé d'adhérent correspondant exactemement
Création adherent Fantine CHABERNAUD
Insertion de Fantine CHABERNAUD dans user => id = 1613
Insertion de Fantine CHABERNAUD  dans usergroup_map
Insertion dans comprofiler de Fantine CHABERNAUD
339 enregistrements dans base FFCAM dont 113 à jour de licence
0 nouvelles adhésions / 0 adhérents mis à jour / 113 non traités 
Fin de traitement 2022-09-18 10:15:03
 Début de traitement 2022-02-18 14:15:01
Données session apiFFCAM vide - lancement API
Import du 18-09-2022 14:15:01 Cron
Extraction SOAP : 339 adhérents extraits
Licencié 750420239020 - Pierre-Emanuel BARBIER => trouvé adhérent proche : 1586 Pierre-Emmanuel BARBIER
339 enregistrements dans base FFCAM dont 113 à jour de licence
0 nouvelles adhésions / 0 adhérents mis à jour / 113 non traités 
Fin de traitement 2022-09-18 14:15:03
 Début de traitement 2022-06-18 18:15:02
Données session apiFFCAM vide - lancement API
Import du 18-09-2022 18:15:02 Cron
Extraction SOAP : 339 adhérents extraits
Mise à jour adhésion pour 706 - Guillaume BOON
Licencié 750420239020 - Pierre-Emanuel BARBIER => trouvé adhérent proche : 1586 Pierre-Emmanuel BARBIER
339 enregistrements dans base FFCAM dont 114 à jour de licence
0 nouvelles adhésions / 1 adhérents mis à jour / 113 non traités 
Fin de traitement 2022-09-18 18:15:04
 Début de traitement 2022-10-18 22:15:02
Données session apiFFCAM vide - lancement API
Import du 18-09-2022 22:15:02 Cron
Extraction SOAP : 340 adhérents extraits
Mise à jour adhésion pour 239 - Bernard ODIER
Mise à jour adhésion pour 1349 - Clement CARRIER
Licencié 750420239020 - Pierre-Emanuel BARBIER => trouvé adhérent proche : 1586 Pierre-Emmanuel BARBIER
Licencié 750420239024 - Léa BOULBEN => pas trouvé d'adhérent correspondant exactemement
Création adherent Léa BOULBEN
Insertion de Léa BOULBEN dans user => id = 1614
Insertion de Léa BOULBEN  dans usergroup_map
Insertion dans comprofiler de Léa BOULBEN
340 enregistrements dans base FFCAM dont 117 à jour de licence
0 nouvelles adhésions / 2 adhérents mis à jour / 115 non traités 
Fin de traitement 2022-09-18 22:15:04
 