Début de traitement 2023-02-11 02:15:07
Données session apiFFCAM vide - lancement API
Import du 11-07-2023 02:15:07 Cron
Extraction SOAP : 396 adhérents extraits
396 enregistrements dans base FFCAM dont 320 à jour de licence
0 nouvelles adhésions / 0 adhérents mis à jour / 320 non traités 
Fin de traitement 2023-07-11 02:15:10
 Début de traitement 2023-10-11 10:15:01
Données session apiFFCAM vide - lancement API
Import du 11-07-2023 10:15:01 Cron
Extraction SOAP : 396 adhérents extraits
396 enregistrements dans base FFCAM dont 320 à jour de licence
0 nouvelles adhésions / 0 adhérents mis à jour / 320 non traités 
Fin de traitement 2023-07-11 10:15:05
 Début de traitement 2023-02-11 14:15:02
Données session apiFFCAM vide - lancement API
Import du 11-07-2023 14:15:02 Cron
Extraction SOAP : 396 adhérents extraits
396 enregistrements dans base FFCAM dont 320 à jour de licence
0 nouvelles adhésions / 0 adhérents mis à jour / 320 non traités 
Fin de traitement 2023-07-11 14:15:06
 Début de traitement 2023-06-11 18:15:01
Données session apiFFCAM vide - lancement API
Import du 11-07-2023 18:15:01 Cron
Extraction SOAP : 396 adhérents extraits
396 enregistrements dans base FFCAM dont 320 à jour de licence
0 nouvelles adhésions / 0 adhérents mis à jour / 320 non traités 
Fin de traitement 2023-07-11 18:15:05
 Début de traitement 2023-10-11 22:15:01
Données session apiFFCAM vide - lancement API
Import du 11-07-2023 22:15:01 Cron
Extraction SOAP : 396 adhérents extraits
396 enregistrements dans base FFCAM dont 320 à jour de licence
0 nouvelles adhésions / 0 adhérents mis à jour / 320 non traités 
Fin de traitement 2023-07-11 22:15:05
 