Début de traitement 2022-02-12 02:15:01
Données session apiFFCAM vide - lancement API
Import du 12-11-2022 02:15:01 Cron
Extraction SOAP : 360 adhérents extraits
360 enregistrements dans base FFCAM dont 248 à jour de licence
0 nouvelles adhésions / 0 adhérents mis à jour / 248 non traités 
Fin de traitement 2022-11-12 02:15:04
 Début de traitement 2022-10-12 10:15:02
Données session apiFFCAM vide - lancement API
Import du 12-11-2022 10:15:02 Cron
Extraction SOAP : 360 adhérents extraits
360 enregistrements dans base FFCAM dont 248 à jour de licence
0 nouvelles adhésions / 0 adhérents mis à jour / 248 non traités 
Fin de traitement 2022-11-12 10:15:05
 Début de traitement 2022-02-12 14:15:01
Données session apiFFCAM vide - lancement API
Import du 12-11-2022 14:15:01 Cron
Extraction SOAP : 360 adhérents extraits
360 enregistrements dans base FFCAM dont 248 à jour de licence
0 nouvelles adhésions / 0 adhérents mis à jour / 248 non traités 
Fin de traitement 2022-11-12 14:15:04
 Début de traitement 2022-06-12 18:15:01
Données session apiFFCAM vide - lancement API
Import du 12-11-2022 18:15:01 Cron
Extraction SOAP : 360 adhérents extraits
360 enregistrements dans base FFCAM dont 248 à jour de licence
0 nouvelles adhésions / 0 adhérents mis à jour / 248 non traités 
Fin de traitement 2022-11-12 18:15:04
 Début de traitement 2022-10-12 22:15:02
Données session apiFFCAM vide - lancement API
Import du 12-11-2022 22:15:02 Cron
Extraction SOAP : 360 adhérents extraits
360 enregistrements dans base FFCAM dont 248 à jour de licence
0 nouvelles adhésions / 0 adhérents mis à jour / 248 non traités 
Fin de traitement 2022-11-12 22:15:04
 