Début de traitement 2022-02-28 02:15:02
Données session apiFFCAM vide - lancement API
Import du 28-11-2022 02:15:02 Cron
Extraction SOAP : 366 adhérents extraits
Licencié 750420239049 - Paule ARNAL => pas trouvé d'adhérent correspondant exactemement
Création adherent Paule ARNAL
Adresse mail paule.arnal@free.fr existe déjà 
          pour 101 Paule ARNAL - Adhérent non créé 
366 enregistrements dans base FFCAM dont 263 à jour de licence
0 nouvelles adhésions / 0 adhérents mis à jour / 263 non traités 
Fin de traitement 2022-11-28 02:15:04
 Début de traitement 2022-10-28 10:15:01
Données session apiFFCAM vide - lancement API
Import du 28-11-2022 10:15:01 Cron
Extraction SOAP : 366 adhérents extraits
Licencié 750420239049 - Paule ARNAL => pas trouvé d'adhérent correspondant exactemement
Création adherent Paule ARNAL
Adresse mail paule.arnal@free.fr existe déjà 
          pour 101 Paule ARNAL - Adhérent non créé 
366 enregistrements dans base FFCAM dont 263 à jour de licence
0 nouvelles adhésions / 0 adhérents mis à jour / 263 non traités 
Fin de traitement 2022-11-28 10:15:04
 Début de traitement 2022-02-28 14:15:02
Données session apiFFCAM vide - lancement API
Import du 28-11-2022 14:15:02 Cron
Extraction SOAP : 366 adhérents extraits
Licencié 750420239049 - Paule ARNAL => pas trouvé d'adhérent correspondant exactemement
Création adherent Paule ARNAL
Adresse mail paule.arnal@free.fr existe déjà 
          pour 101 Paule ARNAL - Adhérent non créé 
366 enregistrements dans base FFCAM dont 263 à jour de licence
0 nouvelles adhésions / 0 adhérents mis à jour / 263 non traités 
Fin de traitement 2022-11-28 14:15:04
 Début de traitement 2022-06-28 18:15:01
Données session apiFFCAM vide - lancement API
Import du 28-11-2022 18:15:01 Cron
Extraction SOAP : 366 adhérents extraits
Licencié 750420239049 - Paule ARNAL => pas trouvé d'adhérent correspondant exactemement
Création adherent Paule ARNAL
Adresse mail paule.arnal@free.fr existe déjà 
          pour 101 Paule ARNAL - Adhérent non créé 
366 enregistrements dans base FFCAM dont 263 à jour de licence
0 nouvelles adhésions / 0 adhérents mis à jour / 263 non traités 
Fin de traitement 2022-11-28 18:15:04
 Début de traitement 2022-10-28 22:15:01
Données session apiFFCAM vide - lancement API
Import du 28-11-2022 22:15:01 Cron
Extraction SOAP : 366 adhérents extraits
Licencié 750420239049 - Paule ARNAL => pas trouvé d'adhérent correspondant exactemement
Création adherent Paule ARNAL
Adresse mail paule.arnal@free.fr existe déjà 
          pour 101 Paule ARNAL - Adhérent non créé 
366 enregistrements dans base FFCAM dont 263 à jour de licence
0 nouvelles adhésions / 0 adhérents mis à jour / 263 non traités 
Fin de traitement 2022-11-28 22:15:04
 