Début de traitement 2023-02-25 02:15:02
Données session apiFFCAM vide - lancement API
Import du 25-03-2023 02:15:02 Cron
Extraction SOAP : 392 adhérents extraits
392 enregistrements dans base FFCAM dont 312 à jour de licence
0 nouvelles adhésions / 0 adhérents mis à jour / 312 non traités 
Fin de traitement 2023-03-25 02:15:04
 Début de traitement 2023-10-25 10:15:01
Données session apiFFCAM vide - lancement API
Import du 25-03-2023 10:15:01 Cron
Extraction SOAP : 392 adhérents extraits
392 enregistrements dans base FFCAM dont 312 à jour de licence
0 nouvelles adhésions / 0 adhérents mis à jour / 312 non traités 
Fin de traitement 2023-03-25 10:15:04
 Début de traitement 2023-02-25 14:15:02
Données session apiFFCAM vide - lancement API
Import du 25-03-2023 14:15:02 Cron
Extraction SOAP : 392 adhérents extraits
392 enregistrements dans base FFCAM dont 312 à jour de licence
0 nouvelles adhésions / 0 adhérents mis à jour / 312 non traités 
Fin de traitement 2023-03-25 14:15:05
 Début de traitement 2023-06-25 18:15:01
Données session apiFFCAM vide - lancement API
Import du 25-03-2023 18:15:01 Cron
Extraction SOAP : 392 adhérents extraits
Modification d'écarts de données cb_adresse pour 1509 - Edouard ARGENSON
Création d'écarts de données cb_adresse2 pour 1509 - Edouard ARGENSON
Création d'écarts de données cb_codepostal pour 1509 - Edouard ARGENSON
392 enregistrements dans base FFCAM dont 312 à jour de licence
0 nouvelles adhésions / 0 adhérents mis à jour / 312 non traités 
Fin de traitement 2023-03-25 18:15:04
 Début de traitement 2023-10-25 22:15:02
Données session apiFFCAM vide - lancement API
Import du 25-03-2023 22:15:02 Cron
Extraction SOAP : 392 adhérents extraits
392 enregistrements dans base FFCAM dont 312 à jour de licence
0 nouvelles adhésions / 0 adhérents mis à jour / 312 non traités 
Fin de traitement 2023-03-25 22:15:05
 