Début de traitement 2023-02-25 02:15:02
Données session apiFFCAM vide - lancement API
Import du 25-04-2023 02:15:02 Cron
Extraction SOAP : 393 adhérents extraits
393 enregistrements dans base FFCAM dont 314 à jour de licence
0 nouvelles adhésions / 0 adhérents mis à jour / 314 non traités 
Fin de traitement 2023-04-25 02:15:05
 Début de traitement 2023-10-25 10:15:01
Données session apiFFCAM vide - lancement API
Import du 25-04-2023 10:15:01 Cron
Extraction SOAP : 393 adhérents extraits
393 enregistrements dans base FFCAM dont 314 à jour de licence
0 nouvelles adhésions / 0 adhérents mis à jour / 314 non traités 
Fin de traitement 2023-04-25 10:15:05
 Début de traitement 2023-02-25 14:15:02
Données session apiFFCAM vide - lancement API
Import du 25-04-2023 14:15:02 Cron
Extraction SOAP : 393 adhérents extraits
393 enregistrements dans base FFCAM dont 314 à jour de licence
0 nouvelles adhésions / 0 adhérents mis à jour / 314 non traités 
Fin de traitement 2023-04-25 14:15:05
 Début de traitement 2023-06-25 18:15:02
Données session apiFFCAM vide - lancement API
Import du 25-04-2023 18:15:02 Cron
Extraction SOAP : 393 adhérents extraits
Modification d'écarts de données cb_adresse pour 1487 - Clement ZUNDEL
Modification d'écarts de données cb_codepostal pour 1487 - Clement ZUNDEL
Modification d'écarts de données cb_ville pour 1487 - Clement ZUNDEL
393 enregistrements dans base FFCAM dont 314 à jour de licence
0 nouvelles adhésions / 0 adhérents mis à jour / 314 non traités 
Fin de traitement 2023-04-25 18:15:05
 Début de traitement 2023-10-25 22:15:01
Données session apiFFCAM vide - lancement API
Import du 25-04-2023 22:15:01 Cron
Extraction SOAP : 393 adhérents extraits
393 enregistrements dans base FFCAM dont 314 à jour de licence
0 nouvelles adhésions / 0 adhérents mis à jour / 314 non traités 
Fin de traitement 2023-04-25 22:15:04
 