Début de traitement 2023-02-25 02:15:01
Données session apiFFCAM vide - lancement API
Import du 25-06-2023 02:15:01 Cron
Extraction SOAP : 396 adhérents extraits
396 enregistrements dans base FFCAM dont 318 à jour de licence
0 nouvelles adhésions / 0 adhérents mis à jour / 318 non traités 
Fin de traitement 2023-06-25 02:15:04
 Début de traitement 2023-10-25 10:15:01
Données session apiFFCAM vide - lancement API
Import du 25-06-2023 10:15:01 Cron
Extraction SOAP : 396 adhérents extraits
396 enregistrements dans base FFCAM dont 318 à jour de licence
0 nouvelles adhésions / 0 adhérents mis à jour / 318 non traités 
Fin de traitement 2023-06-25 10:15:04
 Début de traitement 2023-02-25 14:15:01
Données session apiFFCAM vide - lancement API
Import du 25-06-2023 14:15:01 Cron
Extraction SOAP : 396 adhérents extraits
396 enregistrements dans base FFCAM dont 318 à jour de licence
0 nouvelles adhésions / 0 adhérents mis à jour / 318 non traités 
Fin de traitement 2023-06-25 14:15:04
 Début de traitement 2023-06-25 18:15:01
Données session apiFFCAM vide - lancement API
Import du 25-06-2023 18:15:01 Cron
Extraction SOAP : 396 adhérents extraits
Création d'écarts de données cb_adresse pour 1561 - Sarah GOETHALS
Création d'écarts de données cb_codepostal pour 1561 - Sarah GOETHALS
396 enregistrements dans base FFCAM dont 318 à jour de licence
0 nouvelles adhésions / 0 adhérents mis à jour / 318 non traités 
Fin de traitement 2023-06-25 18:15:04
 Début de traitement 2023-10-25 22:15:01
Données session apiFFCAM vide - lancement API
Import du 25-06-2023 22:15:01 Cron
Extraction SOAP : 396 adhérents extraits
396 enregistrements dans base FFCAM dont 318 à jour de licence
0 nouvelles adhésions / 0 adhérents mis à jour / 318 non traités 
Fin de traitement 2023-06-25 22:15:04
 