Début de traitement 2022-02-24 02:15:01
Données session apiFFCAM vide - lancement API
Import du 24-09-2022 02:15:01 Cron
Extraction SOAP : 344 adhérents extraits
Attention erreur sur données de base pour 1586 Pierre-Emanuel BARBIER
344 enregistrements dans base FFCAM dont 137 à jour de licence
0 nouvelles adhésions / 0 adhérents mis à jour / 137 non traités 
Fin de traitement 2022-09-24 02:15:04
 Début de traitement 2022-10-24 10:15:02
Données session apiFFCAM vide - lancement API
Import du 24-09-2022 10:15:02 Cron
Extraction SOAP : 344 adhérents extraits
Mise à jour adhésion pour 1166 - Remi BURLET
Attention erreur sur données de base pour 1586 Pierre-Emanuel BARBIER
344 enregistrements dans base FFCAM dont 138 à jour de licence
0 nouvelles adhésions / 1 adhérents mis à jour / 137 non traités 
Fin de traitement 2022-09-24 10:15:05
 Début de traitement 2022-02-24 14:15:01
Données session apiFFCAM vide - lancement API
Import du 24-09-2022 14:15:01 Cron
Extraction SOAP : 344 adhérents extraits
Attention erreur sur données de base pour 1586 Pierre-Emanuel BARBIER
344 enregistrements dans base FFCAM dont 138 à jour de licence
0 nouvelles adhésions / 0 adhérents mis à jour / 138 non traités 
Fin de traitement 2022-09-24 14:15:04
 Début de traitement 2022-06-24 18:15:01
Données session apiFFCAM vide - lancement API
Import du 24-09-2022 18:15:01 Cron
Extraction SOAP : 344 adhérents extraits
Mise à jour adhésion pour 1508 - Juliette GUENEGO
Création d'écarts de données cb_adresse pour 1508 - Juliette GUENEGO
Données cb_adresse2 rectifiée pour 1508 - Juliette GUENEGO
Données cb_ville rectifiée pour 1508 - Juliette GUENEGO
Attention erreur sur données de base pour 1586 Pierre-Emanuel BARBIER
344 enregistrements dans base FFCAM dont 139 à jour de licence
0 nouvelles adhésions / 1 adhérents mis à jour / 138 non traités 
Fin de traitement 2022-09-24 18:15:04
 Début de traitement 2022-10-24 22:15:01
Données session apiFFCAM vide - lancement API
Import du 24-09-2022 22:15:01 Cron
Extraction SOAP : 344 adhérents extraits
Mise à jour adhésion pour 365 - Hubert REYBET-DEGAT
Attention erreur sur données de base pour 1586 Pierre-Emanuel BARBIER
344 enregistrements dans base FFCAM dont 140 à jour de licence
0 nouvelles adhésions / 1 adhérents mis à jour / 139 non traités 
Fin de traitement 2022-09-24 22:15:03
 