Début de traitement 2022-02-09 02:15:02
Données session apiFFCAM vide - lancement API
Import du 09-11-2022 02:15:02 Cron
Extraction SOAP : 360 adhérents extraits
360 enregistrements dans base FFCAM dont 245 à jour de licence
0 nouvelles adhésions / 0 adhérents mis à jour / 245 non traités 
Fin de traitement 2022-11-09 02:15:05
 Début de traitement 2022-10-09 10:15:01
Données session apiFFCAM vide - lancement API
Import du 09-11-2022 10:15:01 Cron
Extraction SOAP : 360 adhérents extraits
360 enregistrements dans base FFCAM dont 245 à jour de licence
0 nouvelles adhésions / 0 adhérents mis à jour / 245 non traités 
Fin de traitement 2022-11-09 10:15:04
 Début de traitement 2022-02-09 14:15:02
Données session apiFFCAM vide - lancement API
Import du 09-11-2022 14:15:02 Cron
Extraction SOAP : 360 adhérents extraits
360 enregistrements dans base FFCAM dont 245 à jour de licence
0 nouvelles adhésions / 0 adhérents mis à jour / 245 non traités 
Fin de traitement 2022-11-09 14:15:04
 Début de traitement 2022-06-09 18:15:01
Données session apiFFCAM vide - lancement API
Import du 09-11-2022 18:15:01 Cron
Extraction SOAP : 360 adhérents extraits
360 enregistrements dans base FFCAM dont 245 à jour de licence
0 nouvelles adhésions / 0 adhérents mis à jour / 245 non traités 
Fin de traitement 2022-11-09 18:15:03
 Début de traitement 2022-10-09 22:15:01
Données session apiFFCAM vide - lancement API
Import du 09-11-2022 22:15:01 Cron
Extraction SOAP : 360 adhérents extraits
360 enregistrements dans base FFCAM dont 245 à jour de licence
0 nouvelles adhésions / 0 adhérents mis à jour / 245 non traités 
Fin de traitement 2022-11-09 22:15:04
 