Début de traitement 2022-02-21 02:15:01
Données session apiFFCAM vide - lancement API
Import du 21-09-2022 02:15:01 Cron
Extraction SOAP : 342 adhérents extraits
Mise à jour adhésion pour 1128 - Stefano VARALDO
Licencié 750420239020 - Pierre-Emanuel BARBIER => trouvé adhérent proche : 1586 Pierre-Emmanuel BARBIER
Licencié 750420239026 - Liucija ADOMAITE => pas trouvé d'adhérent correspondant exactemement
Création adherent Liucija ADOMAITE
Adresse mail adomaitislaurynas@gmail.com existe déjà 
          pour 1615 Laurynas ADOMAITIS - Adhérent non créé 
342 enregistrements dans base FFCAM dont 131 à jour de licence
0 nouvelles adhésions / 1 adhérents mis à jour / 130 non traités 
Fin de traitement 2022-09-21 02:15:03
 Début de traitement 2022-10-21 10:15:02
Données session apiFFCAM vide - lancement API
Import du 21-09-2022 10:15:02 Cron
Extraction SOAP : 342 adhérents extraits
Licencié 750420239020 - Pierre-Emanuel BARBIER => trouvé adhérent proche : 1586 Pierre-Emmanuel BARBIER
Licencié 750420239026 - Liucija ADOMAITE => pas trouvé d'adhérent correspondant exactemement
Création adherent Liucija ADOMAITE
Adresse mail adomaitislaurynas@gmail.com existe déjà 
          pour 1615 Laurynas ADOMAITIS - Adhérent non créé 
342 enregistrements dans base FFCAM dont 131 à jour de licence
0 nouvelles adhésions / 0 adhérents mis à jour / 131 non traités 
Fin de traitement 2022-09-21 10:15:04
 Début de traitement 2022-02-21 14:15:02
Données session apiFFCAM vide - lancement API
Import du 21-09-2022 14:15:02 Cron
Extraction SOAP : 343 adhérents extraits
Licencié 750420239020 - Pierre-Emanuel BARBIER => trouvé adhérent proche : 1586 Pierre-Emmanuel BARBIER
Licencié 750420239026 - Liucija ADOMAITE => pas trouvé d'adhérent correspondant exactemement
Création adherent Liucija ADOMAITE
Adresse mail adomaitislaurynas@gmail.com existe déjà 
          pour 1615 Laurynas ADOMAITIS - Adhérent non créé 
Licencié 750420239027 - Natalia KORSAKOVA => pas trouvé d'adhérent correspondant exactemement
Création adherent Natalia KORSAKOVA
Insertion de Natalia KORSAKOVA dans user => id = 1616
Insertion de Natalia KORSAKOVA  dans usergroup_map
Insertion dans comprofiler de Natalia KORSAKOVA
343 enregistrements dans base FFCAM dont 132 à jour de licence
0 nouvelles adhésions / 0 adhérents mis à jour / 132 non traités 
Fin de traitement 2022-09-21 14:15:06
 Début de traitement 2022-06-21 18:15:02
Données session apiFFCAM vide - lancement API
Import du 21-09-2022 18:15:02 Cron
Extraction SOAP : 343 adhérents extraits
Licencié 750420239020 - Pierre-Emanuel BARBIER => trouvé adhérent proche : 1586 Pierre-Emmanuel BARBIER
Licencié 750420239026 - Liucija ADOMAITE => pas trouvé d'adhérent correspondant exactemement
Création adherent Liucija ADOMAITE
Adresse mail adomaitislaurynas@gmail.com existe déjà 
          pour 1615 Laurynas ADOMAITIS - Adhérent non créé 
343 enregistrements dans base FFCAM dont 132 à jour de licence
0 nouvelles adhésions / 0 adhérents mis à jour / 132 non traités 
Fin de traitement 2022-09-21 18:15:04
 Début de traitement 2022-10-21 22:15:02
Données session apiFFCAM vide - lancement API
Import du 21-09-2022 22:15:02 Cron
Extraction SOAP : 343 adhérents extraits
Licencié 750420239020 - Pierre-Emanuel BARBIER => trouvé adhérent proche : 1586 Pierre-Emmanuel BARBIER
Licencié 750420239026 - Liucija ADOMAITE => pas trouvé d'adhérent correspondant exactemement
Création adherent Liucija ADOMAITE
Adresse mail adomaitislaurynas@gmail.com existe déjà 
          pour 1615 Laurynas ADOMAITIS - Adhérent non créé 
343 enregistrements dans base FFCAM dont 132 à jour de licence
0 nouvelles adhésions / 0 adhérents mis à jour / 132 non traités 
Fin de traitement 2022-09-21 22:15:04
 