Début de traitement 2022-02-03 02:15:02
Données session apiFFCAM vide - lancement API
Import du 03-11-2022 02:15:02 Cron
Extraction SOAP : 358 adhérents extraits
358 enregistrements dans base FFCAM dont 237 à jour de licence
0 nouvelles adhésions / 0 adhérents mis à jour / 237 non traités 
Fin de traitement 2022-11-03 02:15:05
 Début de traitement 2022-10-03 10:15:02
Données session apiFFCAM vide - lancement API
Import du 03-11-2022 10:15:02 Cron
Extraction SOAP : 358 adhérents extraits
358 enregistrements dans base FFCAM dont 237 à jour de licence
0 nouvelles adhésions / 0 adhérents mis à jour / 237 non traités 
Fin de traitement 2022-11-03 10:15:04
 Début de traitement 2022-02-03 14:15:02
Données session apiFFCAM vide - lancement API
Import du 03-11-2022 14:15:02 Cron
Extraction SOAP : 358 adhérents extraits
Mise à jour adhésion pour 1569 - Max PETITJEAN
Données cb_adresse rectifiée pour 1569 - Max PETITJEAN
358 enregistrements dans base FFCAM dont 238 à jour de licence
0 nouvelles adhésions / 1 adhérents mis à jour / 237 non traités 
Fin de traitement 2022-11-03 14:15:05
 Début de traitement 2022-06-03 18:15:02
Données session apiFFCAM vide - lancement API
Import du 03-11-2022 18:15:02 Cron
Extraction SOAP : 358 adhérents extraits
358 enregistrements dans base FFCAM dont 238 à jour de licence
0 nouvelles adhésions / 0 adhérents mis à jour / 238 non traités 
Fin de traitement 2022-11-03 18:15:05
 Début de traitement 2022-10-03 22:15:02
Données session apiFFCAM vide - lancement API
Import du 03-11-2022 22:15:02 Cron
Extraction SOAP : 358 adhérents extraits
358 enregistrements dans base FFCAM dont 238 à jour de licence
0 nouvelles adhésions / 0 adhérents mis à jour / 238 non traités 
Fin de traitement 2022-11-03 22:15:04
 