Début de traitement 2022-02-15 02:15:01
Données session apiFFCAM vide - lancement API
Import du 15-10-2022 02:15:01 Cron
Extraction SOAP : 352 adhérents extraits
352 enregistrements dans base FFCAM dont 201 à jour de licence
0 nouvelles adhésions / 0 adhérents mis à jour / 201 non traités 
Fin de traitement 2022-10-15 02:15:04
 Début de traitement 2022-10-15 10:15:02
Données session apiFFCAM vide - lancement API
Import du 15-10-2022 10:15:02 Cron
Extraction SOAP : 352 adhérents extraits
352 enregistrements dans base FFCAM dont 201 à jour de licence
0 nouvelles adhésions / 0 adhérents mis à jour / 201 non traités 
Fin de traitement 2022-10-15 10:15:04
 Début de traitement 2022-02-15 14:15:02
Données session apiFFCAM vide - lancement API
Import du 15-10-2022 14:15:02 Cron
Extraction SOAP : 352 adhérents extraits
352 enregistrements dans base FFCAM dont 201 à jour de licence
0 nouvelles adhésions / 0 adhérents mis à jour / 201 non traités 
Fin de traitement 2022-10-15 14:15:04
 Début de traitement 2022-06-15 18:15:02
Données session apiFFCAM vide - lancement API
Import du 15-10-2022 18:15:02 Cron
Extraction SOAP : 352 adhérents extraits
Mise à jour adhésion pour 1479 - Edouard DESCLAUX
352 enregistrements dans base FFCAM dont 202 à jour de licence
0 nouvelles adhésions / 1 adhérents mis à jour / 201 non traités 
Fin de traitement 2022-10-15 18:15:04
 Début de traitement 2022-10-15 22:15:02
Données session apiFFCAM vide - lancement API
Import du 15-10-2022 22:15:02 Cron
Extraction SOAP : 352 adhérents extraits
Mise à jour adhésion pour 1244 - Nicolas TRAWICKI
352 enregistrements dans base FFCAM dont 203 à jour de licence
0 nouvelles adhésions / 1 adhérents mis à jour / 202 non traités 
Fin de traitement 2022-10-15 22:15:04
 