Début de traitement 2022-02-22 02:15:02
Données session apiFFCAM vide - lancement API
Import du 22-10-2022 02:15:02 Cron
Extraction SOAP : 355 adhérents extraits
355 enregistrements dans base FFCAM dont 212 à jour de licence
0 nouvelles adhésions / 0 adhérents mis à jour / 212 non traités 
Fin de traitement 2022-10-22 02:15:04
 Début de traitement 2022-10-22 10:15:02
Données session apiFFCAM vide - lancement API
Import du 22-10-2022 10:15:02 Cron
Extraction SOAP : 355 adhérents extraits
355 enregistrements dans base FFCAM dont 212 à jour de licence
0 nouvelles adhésions / 0 adhérents mis à jour / 212 non traités 
Fin de traitement 2022-10-22 10:15:04
 Début de traitement 2022-02-22 14:15:02
Données session apiFFCAM vide - lancement API
Import du 22-10-2022 14:15:02 Cron
Extraction SOAP : 355 adhérents extraits
355 enregistrements dans base FFCAM dont 212 à jour de licence
0 nouvelles adhésions / 0 adhérents mis à jour / 212 non traités 
Fin de traitement 2022-10-22 14:15:04
 Début de traitement 2022-06-22 18:15:02
Données session apiFFCAM vide - lancement API
Import du 22-10-2022 18:15:02 Cron
Extraction SOAP : 355 adhérents extraits
355 enregistrements dans base FFCAM dont 212 à jour de licence
0 nouvelles adhésions / 0 adhérents mis à jour / 212 non traités 
Fin de traitement 2022-10-22 18:15:04
 Début de traitement 2022-10-22 22:15:01
Données session apiFFCAM vide - lancement API
Import du 22-10-2022 22:15:01 Cron
Extraction SOAP : 355 adhérents extraits
355 enregistrements dans base FFCAM dont 212 à jour de licence
0 nouvelles adhésions / 0 adhérents mis à jour / 212 non traités 
Fin de traitement 2022-10-22 22:15:03
 