Début de traitement 2023-02-20 02:15:01
Données session apiFFCAM vide - lancement API
Import du 20-01-2023 02:15:01 Cron
Extraction SOAP : 384 adhérents extraits
Attention erreur sur données de base pour 591 Clemence FAURE
Licencié 750420239049 - Paule ARNAL => pas trouvé d'adhérent correspondant exactemement
Création adherent Paule ARNAL
Adresse mail paule.arnal@free.fr existe déjà 
          pour 101 Paule ARNAL - Adhérent non créé 
384 enregistrements dans base FFCAM dont 297 à jour de licence
0 nouvelles adhésions / 0 adhérents mis à jour / 297 non traités 
Fin de traitement 2023-01-20 02:15:04
 Début de traitement 2023-10-20 10:15:02
Données session apiFFCAM vide - lancement API
Import du 20-01-2023 10:15:02 Cron
Extraction SOAP : 384 adhérents extraits
Attention erreur sur données de base pour 591 Clemence FAURE
Licencié 750420239049 - Paule ARNAL => pas trouvé d'adhérent correspondant exactemement
Création adherent Paule ARNAL
Adresse mail paule.arnal@free.fr existe déjà 
          pour 101 Paule ARNAL - Adhérent non créé 
384 enregistrements dans base FFCAM dont 297 à jour de licence
0 nouvelles adhésions / 0 adhérents mis à jour / 297 non traités 
Fin de traitement 2023-01-20 10:15:07
 Début de traitement 2023-02-20 14:15:02
Données session apiFFCAM vide - lancement API
Import du 20-01-2023 14:15:02 Cron
Extraction SOAP : 384 adhérents extraits
Attention erreur sur données de base pour 591 Clemence FAURE
Licencié 750420239049 - Paule ARNAL => pas trouvé d'adhérent correspondant exactemement
Création adherent Paule ARNAL
Adresse mail paule.arnal@free.fr existe déjà 
          pour 101 Paule ARNAL - Adhérent non créé 
384 enregistrements dans base FFCAM dont 297 à jour de licence
0 nouvelles adhésions / 0 adhérents mis à jour / 297 non traités 
Fin de traitement 2023-01-20 14:15:04
 Début de traitement 2023-06-20 18:15:01
Données session apiFFCAM vide - lancement API
Import du 20-01-2023 18:15:01 Cron
Extraction SOAP : 384 adhérents extraits
Attention erreur sur données de base pour 591 Clemence FAURE
Licencié 750420239049 - Paule ARNAL => pas trouvé d'adhérent correspondant exactemement
Création adherent Paule ARNAL
Adresse mail paule.arnal@free.fr existe déjà 
          pour 101 Paule ARNAL - Adhérent non créé 
384 enregistrements dans base FFCAM dont 297 à jour de licence
0 nouvelles adhésions / 0 adhérents mis à jour / 297 non traités 
Fin de traitement 2023-01-20 18:15:04
 Début de traitement 2023-10-20 22:15:02
Données session apiFFCAM vide - lancement API
Import du 20-01-2023 22:15:02 Cron
Extraction SOAP : 384 adhérents extraits
Attention erreur sur données de base pour 591 Clemence FAURE
Licencié 750420239049 - Paule ARNAL => pas trouvé d'adhérent correspondant exactemement
Création adherent Paule ARNAL
Adresse mail paule.arnal@free.fr existe déjà 
          pour 101 Paule ARNAL - Adhérent non créé 
384 enregistrements dans base FFCAM dont 297 à jour de licence
0 nouvelles adhésions / 0 adhérents mis à jour / 297 non traités 
Fin de traitement 2023-01-20 22:15:05
 