Début de traitement 2022-02-11 02:15:02
Données session apiFFCAM vide - lancement API
Import du 11-08-2022 02:15:02 Cron
Extraction SOAP : 450 adhérents extraits
Attention erreur sur données de base pour 1586 Pierre-Emmanue BARBIER
450 enregistrements dans base FFCAM dont 316 à jour de licence
0 nouvelles adhésions / 0 adhérents mis à jour / 316 non traités 
Fin de traitement 2022-02-11 02:15:06
 Début de traitement 2022-10-11 10:15:01
Données session apiFFCAM vide - lancement API
Import du 11-08-2022 10:15:01 Cron
Extraction SOAP : 450 adhérents extraits
Attention erreur sur données de base pour 1586 Pierre-Emmanue BARBIER
450 enregistrements dans base FFCAM dont 316 à jour de licence
0 nouvelles adhésions / 0 adhérents mis à jour / 316 non traités 
Fin de traitement 2022-10-11 10:15:05
 Début de traitement 2022-02-11 14:15:01
Données session apiFFCAM vide - lancement API
Import du 11-08-2022 14:15:01 Cron
Extraction SOAP : 450 adhérents extraits
Attention erreur sur données de base pour 1586 Pierre-Emmanue BARBIER
450 enregistrements dans base FFCAM dont 316 à jour de licence
0 nouvelles adhésions / 0 adhérents mis à jour / 316 non traités 
Fin de traitement 2022-02-11 14:15:05
 Début de traitement 2022-06-11 18:15:01
Données session apiFFCAM vide - lancement API
Import du 11-08-2022 18:15:01 Cron
Extraction SOAP : 450 adhérents extraits
Attention erreur sur données de base pour 1586 Pierre-Emmanue BARBIER
450 enregistrements dans base FFCAM dont 316 à jour de licence
0 nouvelles adhésions / 0 adhérents mis à jour / 316 non traités 
Fin de traitement 2022-06-11 18:15:05
 Début de traitement 2022-10-11 22:15:01
Données session apiFFCAM vide - lancement API
Import du 11-08-2022 22:15:01 Cron
Extraction SOAP : 450 adhérents extraits
Attention erreur sur données de base pour 1586 Pierre-Emmanue BARBIER
450 enregistrements dans base FFCAM dont 316 à jour de licence
0 nouvelles adhésions / 0 adhérents mis à jour / 316 non traités 
Fin de traitement 2022-10-11 22:15:05
 