Début de traitement 2022-02-13 02:15:02
Données session apiFFCAM vide - lancement API
Import du 13-11-2022 02:15:02 Cron
Extraction SOAP : 360 adhérents extraits
360 enregistrements dans base FFCAM dont 248 à jour de licence
0 nouvelles adhésions / 0 adhérents mis à jour / 248 non traités 
Fin de traitement 2022-11-13 02:15:05
 Début de traitement 2022-10-13 10:15:01
Données session apiFFCAM vide - lancement API
Import du 13-11-2022 10:15:01 Cron
Extraction SOAP : 360 adhérents extraits
360 enregistrements dans base FFCAM dont 248 à jour de licence
0 nouvelles adhésions / 0 adhérents mis à jour / 248 non traités 
Fin de traitement 2022-11-13 10:15:04
 Début de traitement 2022-02-13 14:15:02
Données session apiFFCAM vide - lancement API
Import du 13-11-2022 14:15:02 Cron
Extraction SOAP : 360 adhérents extraits
360 enregistrements dans base FFCAM dont 248 à jour de licence
0 nouvelles adhésions / 0 adhérents mis à jour / 248 non traités 
Fin de traitement 2022-11-13 14:15:05
 Début de traitement 2022-06-13 18:15:01
Données session apiFFCAM vide - lancement API
Import du 13-11-2022 18:15:01 Cron
Extraction SOAP : 360 adhérents extraits
360 enregistrements dans base FFCAM dont 248 à jour de licence
0 nouvelles adhésions / 0 adhérents mis à jour / 248 non traités 
Fin de traitement 2022-11-13 18:15:04
 Début de traitement 2022-10-13 22:15:02
Données session apiFFCAM vide - lancement API
Import du 13-11-2022 22:15:02 Cron
Extraction SOAP : 361 adhérents extraits
Licencié 750420239044 - Pierre PICARD => pas trouvé d'adhérent correspondant exactemement
Création adherent Pierre PICARD
Insertion de Pierre PICARD dans user => id = 1633
Insertion de Pierre PICARD  dans usergroup_map
Insertion dans comprofiler de Pierre PICARD
361 enregistrements dans base FFCAM dont 249 à jour de licence
0 nouvelles adhésions / 0 adhérents mis à jour / 249 non traités 
Fin de traitement 2022-11-13 22:15:04
 