Début de traitement 2022-02-11 02:15:02
Données session apiFFCAM vide - lancement API
Import du 11-10-2022 02:15:02 Cron
Extraction SOAP : 351 adhérents extraits
351 enregistrements dans base FFCAM dont 192 à jour de licence
0 nouvelles adhésions / 0 adhérents mis à jour / 192 non traités 
Fin de traitement 2022-10-11 02:15:04
 Début de traitement 2022-10-11 10:15:01
Données session apiFFCAM vide - lancement API
Import du 11-10-2022 10:15:01 Cron
Extraction SOAP : 351 adhérents extraits
Mise à jour adhésion pour 326 - Francoise CONDAMIN
351 enregistrements dans base FFCAM dont 193 à jour de licence
0 nouvelles adhésions / 1 adhérents mis à jour / 192 non traités 
Fin de traitement 2022-10-11 10:15:04
 Début de traitement 2022-02-11 14:15:02
Données session apiFFCAM vide - lancement API
Import du 11-10-2022 14:15:02 Cron
Extraction SOAP : 351 adhérents extraits
Mise à jour adhésion pour 591 - Clemence FAURE
Mise à jour adhésion pour 818 - Jonathan FAURE
Création d'écarts de données cb_contactaccident pour 818 - Jonathan FAURE
351 enregistrements dans base FFCAM dont 195 à jour de licence
0 nouvelles adhésions / 2 adhérents mis à jour / 193 non traités 
Fin de traitement 2022-10-11 14:15:04
 Début de traitement 2022-06-11 18:15:02
Données session apiFFCAM vide - lancement API
Import du 11-10-2022 18:15:02 Cron
Extraction SOAP : 351 adhérents extraits
351 enregistrements dans base FFCAM dont 195 à jour de licence
0 nouvelles adhésions / 0 adhérents mis à jour / 195 non traités 
Fin de traitement 2022-10-11 18:15:04
 Début de traitement 2022-10-11 22:15:02
Données session apiFFCAM vide - lancement API
Import du 11-10-2022 22:15:02 Cron
Extraction SOAP : 351 adhérents extraits
351 enregistrements dans base FFCAM dont 195 à jour de licence
0 nouvelles adhésions / 0 adhérents mis à jour / 195 non traités 
Fin de traitement 2022-10-11 22:15:04
 