Début de traitement 2022-02-26 02:15:01
Données session apiFFCAM vide - lancement API
Import du 26-09-2022 02:15:01 Cron
Extraction SOAP : 344 adhérents extraits
Attention erreur sur données de base pour 1586 Pierre-Emanuel BARBIER
344 enregistrements dans base FFCAM dont 144 à jour de licence
0 nouvelles adhésions / 0 adhérents mis à jour / 144 non traités 
Fin de traitement 2022-09-26 02:15:03
 Début de traitement 2022-10-26 10:15:01
Données session apiFFCAM vide - lancement API
Import du 26-09-2022 10:15:01 Cron
Extraction SOAP : 344 adhérents extraits
Attention erreur sur données de base pour 1586 Pierre-Emanuel BARBIER
344 enregistrements dans base FFCAM dont 144 à jour de licence
0 nouvelles adhésions / 0 adhérents mis à jour / 144 non traités 
Fin de traitement 2022-09-26 10:15:04
 Début de traitement 2022-02-26 14:15:01
Données session apiFFCAM vide - lancement API
Import du 26-09-2022 14:15:01 Cron
Extraction SOAP : 344 adhérents extraits
Attention erreur sur données de base pour 1586 Pierre-Emanuel BARBIER
344 enregistrements dans base FFCAM dont 144 à jour de licence
0 nouvelles adhésions / 0 adhérents mis à jour / 144 non traités 
Fin de traitement 2022-09-26 14:15:03
 Début de traitement 2022-06-26 18:15:01
Données session apiFFCAM vide - lancement API
Import du 26-09-2022 18:15:01 Cron
Extraction SOAP : 344 adhérents extraits
Attention erreur sur données de base pour 1586 Pierre-Emanuel BARBIER
344 enregistrements dans base FFCAM dont 144 à jour de licence
0 nouvelles adhésions / 0 adhérents mis à jour / 144 non traités 
Fin de traitement 2022-09-26 18:15:03
 Début de traitement 2022-10-26 22:15:02
Données session apiFFCAM vide - lancement API
Import du 26-09-2022 22:15:02 Cron
Extraction SOAP : 344 adhérents extraits
Mise à jour adhésion pour 1507 - Paco DALLA CANEVA
Attention erreur sur données de base pour 1586 Pierre-Emanuel BARBIER
344 enregistrements dans base FFCAM dont 145 à jour de licence
0 nouvelles adhésions / 1 adhérents mis à jour / 144 non traités 
Fin de traitement 2022-09-26 22:15:04
 